

================================================================
== Vivado HLS Report for 'pooling2d_large_cl_nopad_pad_me'
================================================================
* Date:           Wed Jul 27 22:58:24 2022

* Version:        2019.2 (Build 2704478 on Wed Nov 06 22:10:23 MST 2019)
* Project:        myproject_prj
* Solution:       solution1
* Product family: zynq
* Target device:  xc7z020-clg400-1


================================================================
== Performance Estimates
================================================================
+ Timing: 
    * Summary: 
    +--------+---------+----------+------------+
    |  Clock |  Target | Estimated| Uncertainty|
    +--------+---------+----------+------------+
    |ap_clk  | 5.00 ns | 4.061 ns |   0.62 ns  |
    +--------+---------+----------+------------+

+ Latency: 
    * Summary: 
    +---------+---------+----------+----------+-----+-----+---------+
    |  Latency (cycles) |  Latency (absolute) |  Interval | Pipeline|
    |   min   |   max   |    min   |    max   | min | max |   Type  |
    +---------+---------+----------+----------+-----+-----+---------+
    |      709|      709| 3.545 us | 3.545 us |  709|  709|   none  |
    +---------+---------+----------+----------+-----+-----+---------+

    + Detail: 
        * Instance: 
        N/A

        * Loop: 
        +-----------------+---------+---------+----------+-----------+-----------+------+----------+
        |                 |  Latency (cycles) | Iteration|  Initiation Interval  | Trip |          |
        |    Loop Name    |   min   |   max   |  Latency |  achieved |   target  | Count| Pipelined|
        +-----------------+---------+---------+----------+-----------+-----------+------+----------+
        |- Loop 1         |      708|      708|       177|          -|          -|     4|    no    |
        | + Loop 1.1      |       65|       65|         3|          1|          1|    64|    yes   |
        | + Loop 1.2      |      108|      108|        27|          -|          -|     4|    no    |
        |  ++ Loop 1.2.1  |        9|        9|         3|          1|          1|     8|    yes   |
        |  ++ Loop 1.2.2  |       13|       13|         7|          1|          1|     8|    yes   |
        +-----------------+---------+---------+----------+-----------+-----------+------+----------+



================================================================
== Utilization Estimates
================================================================
* Summary: 
+-----------------+---------+-------+--------+-------+-----+
|       Name      | BRAM_18K| DSP48E|   FF   |  LUT  | URAM|
+-----------------+---------+-------+--------+-------+-----+
|DSP              |        -|      -|       -|      -|    -|
|Expression       |        -|      -|       0|    369|    -|
|FIFO             |        -|      -|       -|      -|    -|
|Instance         |        -|      -|       -|      -|    -|
|Memory           |        2|      -|      64|      4|    0|
|Multiplexer      |        -|      -|       -|    272|    -|
|Register         |        0|      -|     397|     32|    -|
+-----------------+---------+-------+--------+-------+-----+
|Total            |        2|      0|     461|    677|    0|
+-----------------+---------+-------+--------+-------+-----+
|Available        |      280|    220|  106400|  53200|    0|
+-----------------+---------+-------+--------+-------+-----+
|Utilization (%)  |    ~0   |      0|   ~0   |      1|    0|
+-----------------+---------+-------+--------+-------+-----+

+ Detail: 
    * Instance: 
    N/A

    * DSP48E: 
    N/A

    * Memory: 
    +---------------+--------------------------------------------------------------+---------+----+----+-----+------+-----+------+-------------+
    |     Memory    |                            Module                            | BRAM_18K| FF | LUT| URAM| Words| Bits| Banks| W*Bits*Banks|
    +---------------+--------------------------------------------------------------+---------+----+----+-----+------+-----+------+-------------+
    |memory2_V_U    |pooling2d_large_cl_nopad_pad_me_ap_fixed_ap_fixed_config6jbC  |        0|  64|   4|    0|     8|   32|     1|          256|
    |memory1_0_V_U  |pooling2d_large_cl_nopad_pad_me_memory1_0_V                   |        1|   0|   0|    0|    32|   32|     1|         1024|
    |memory1_1_V_U  |pooling2d_large_cl_nopad_pad_me_memory1_0_V                   |        1|   0|   0|    0|    32|   32|     1|         1024|
    +---------------+--------------------------------------------------------------+---------+----+----+-----+------+-----+------+-------------+
    |Total          |                                                              |        2|  64|   4|    0|    72|   96|     3|         2304|
    +---------------+--------------------------------------------------------------+---------+----+----+-----+------+-----+------+-------------+

    * FIFO: 
    N/A

    * Expression: 
    +-----------------------------------+----------+-------+---+----+------------+------------+
    |           Variable Name           | Operation| DSP48E| FF| LUT| Bitwidth P0| Bitwidth P1|
    +-----------------------------------+----------+-------+---+----+------------+------------+
    |add_ln203_5_fu_397_p2              |     +    |      0|  0|  15|           7|           7|
    |add_ln203_fu_329_p2                |     +    |      0|  0|  15|           7|           7|
    |add_ln479_fu_261_p2                |     +    |      0|  0|  15|           7|           1|
    |i_fu_249_p2                        |     +    |      0|  0|  12|           3|           1|
    |j_27_fu_346_p2                     |     +    |      0|  0|  12|           3|           1|
    |j_fu_267_p2                        |     +    |      0|  0|  13|           1|           4|
    |k_10_fu_387_p2                     |     +    |      0|  0|  13|           4|           1|
    |k_9_fu_358_p2                      |     +    |      0|  0|  13|           4|           1|
    |k_fu_309_p2                        |     +    |      0|  0|  13|           4|           1|
    |ap_block_pp0_stage0_11001          |    and   |      0|  0|   2|           1|           1|
    |ap_block_pp1_stage0_11001          |    and   |      0|  0|   2|           1|           1|
    |ap_block_state16_pp2_stage0_iter4  |    and   |      0|  0|   2|           1|           1|
    |ap_block_state18_pp2_stage0_iter6  |    and   |      0|  0|   2|           1|           1|
    |ap_block_state4_pp0_stage0_iter1   |    and   |      0|  0|   2|           1|           1|
    |ap_block_state9_pp1_stage0_iter1   |    and   |      0|  0|   2|           1|           1|
    |icmp_ln1494_1_fu_422_p2            |   icmp   |      0|  0|  18|          32|          32|
    |icmp_ln1494_2_fu_432_p2            |   icmp   |      0|  0|  18|          32|          32|
    |icmp_ln1494_fu_412_p2              |   icmp   |      0|  0|  18|          32|          32|
    |icmp_ln477_fu_243_p2               |   icmp   |      0|  0|   9|           3|           4|
    |icmp_ln479_fu_255_p2               |   icmp   |      0|  0|  11|           7|           8|
    |icmp_ln480_fu_273_p2               |   icmp   |      0|  0|  11|           4|           5|
    |icmp_ln494_fu_340_p2               |   icmp   |      0|  0|   9|           3|           4|
    |icmp_ln495_fu_352_p2               |   icmp   |      0|  0|  11|           4|           5|
    |icmp_ln500_fu_381_p2               |   icmp   |      0|  0|  11|           4|           5|
    |ap_block_pp2_stage0_01001          |    or    |      0|  0|   2|           1|           1|
    |ap_block_state1                    |    or    |      0|  0|   2|           1|           1|
    |select_ln203_5_fu_287_p3           |  select  |      0|  0|   4|           1|           4|
    |select_ln203_fu_279_p3             |  select  |      0|  0|   4|           1|           1|
    |select_ln510_3_fu_426_p3           |  select  |      0|  0|  32|           1|          32|
    |select_ln510_fu_416_p3             |  select  |      0|  0|  32|           1|          32|
    |tmp_V_fu_437_p3                    |  select  |      0|  0|  32|           1|          32|
    |ap_enable_pp0                      |    xor   |      0|  0|   2|           1|           2|
    |ap_enable_pp1                      |    xor   |      0|  0|   2|           1|           2|
    |ap_enable_pp2                      |    xor   |      0|  0|   2|           1|           2|
    |ap_enable_reg_pp0_iter1            |    xor   |      0|  0|   2|           2|           1|
    |ap_enable_reg_pp1_iter1            |    xor   |      0|  0|   2|           2|           1|
    |ap_enable_reg_pp2_iter1            |    xor   |      0|  0|   2|           2|           1|
    +-----------------------------------+----------+-------+---+----+------------+------------+
    |Total                              |          |      0|  0| 369|         183|         269|
    +-----------------------------------+----------+-------+---+----+------------+------------+

    * Multiplexer: 
    +--------------------------------+----+-----------+-----+-----------+
    |              Name              | LUT| Input Size| Bits| Total Bits|
    +--------------------------------+----+-----------+-----+-----------+
    |ap_NS_fsm                       |  47|         10|    1|         10|
    |ap_done                         |   9|          2|    1|          2|
    |ap_enable_reg_pp0_iter1         |   9|          2|    1|          2|
    |ap_enable_reg_pp0_iter2         |   9|          2|    1|          2|
    |ap_enable_reg_pp1_iter1         |   9|          2|    1|          2|
    |ap_enable_reg_pp1_iter2         |   9|          2|    1|          2|
    |ap_enable_reg_pp2_iter1         |   9|          2|    1|          2|
    |ap_enable_reg_pp2_iter6         |   9|          2|    1|          2|
    |ap_phi_mux_j_0_phi_fu_182_p4    |   9|          2|    4|          8|
    |ap_phi_mux_k10_0_phi_fu_228_p4  |   9|          2|    4|          8|
    |ap_phi_mux_k9_0_phi_fu_216_p4   |   9|          2|    4|          8|
    |data_V_V_blk_n                  |   9|          2|    1|          2|
    |i_0_reg_156                     |   9|          2|    3|          6|
    |indvar_flatten_reg_167          |   9|          2|    7|         14|
    |j8_0_reg_200                    |   9|          2|    3|          6|
    |j_0_reg_178                     |   9|          2|    4|          8|
    |k10_0_reg_224                   |   9|          2|    4|          8|
    |k9_0_reg_212                    |   9|          2|    4|          8|
    |k_0_reg_189                     |   9|          2|    4|          8|
    |memory1_0_V_address0            |  15|          3|    5|         15|
    |memory1_1_V_address0            |  15|          3|    5|         15|
    |memory2_V_address0              |  15|          3|    3|          9|
    |real_start                      |   9|          2|    1|          2|
    |res_V_V_blk_n                   |   9|          2|    1|          2|
    +--------------------------------+----+-----------+-----+-----------+
    |Total                           | 272|         59|   65|        151|
    +--------------------------------+----+-----------+-----+-----------+

    * Register: 
    +-----------------------------------+----+----+-----+-----------+
    |                Name               | FF | LUT| Bits| Const Bits|
    +-----------------------------------+----+----+-----+-----------+
    |add_ln203_5_reg_523                |   7|   0|    7|          0|
    |add_ln203_reg_486                  |   7|   0|    7|          0|
    |ap_CS_fsm                          |   9|   0|    9|          0|
    |ap_done_reg                        |   1|   0|    1|          0|
    |ap_enable_reg_pp0_iter0            |   1|   0|    1|          0|
    |ap_enable_reg_pp0_iter1            |   1|   0|    1|          0|
    |ap_enable_reg_pp0_iter2            |   1|   0|    1|          0|
    |ap_enable_reg_pp1_iter0            |   1|   0|    1|          0|
    |ap_enable_reg_pp1_iter1            |   1|   0|    1|          0|
    |ap_enable_reg_pp1_iter2            |   1|   0|    1|          0|
    |ap_enable_reg_pp2_iter0            |   1|   0|    1|          0|
    |ap_enable_reg_pp2_iter1            |   1|   0|    1|          0|
    |ap_enable_reg_pp2_iter2            |   1|   0|    1|          0|
    |ap_enable_reg_pp2_iter3            |   1|   0|    1|          0|
    |ap_enable_reg_pp2_iter4            |   1|   0|    1|          0|
    |ap_enable_reg_pp2_iter5            |   1|   0|    1|          0|
    |ap_enable_reg_pp2_iter6            |   1|   0|    1|          0|
    |i_0_reg_156                        |   3|   0|    3|          0|
    |i_reg_448                          |   3|   0|    3|          0|
    |icmp_ln479_reg_453                 |   1|   0|    1|          0|
    |icmp_ln495_reg_500                 |   1|   0|    1|          0|
    |icmp_ln495_reg_500_pp1_iter1_reg   |   1|   0|    1|          0|
    |icmp_ln500_reg_514                 |   1|   0|    1|          0|
    |indvar_flatten_reg_167             |   7|   0|    7|          0|
    |j8_0_reg_200                       |   3|   0|    3|          0|
    |j_0_reg_178                        |   4|   0|    4|          0|
    |j_27_reg_495                       |   3|   0|    3|          0|
    |k10_0_reg_224                      |   4|   0|    4|          0|
    |k10_0_reg_224_pp2_iter1_reg        |   4|   0|    4|          0|
    |k9_0_reg_212                       |   4|   0|    4|          0|
    |k9_0_reg_212_pp1_iter1_reg         |   4|   0|    4|          0|
    |k_0_reg_189                        |   4|   0|    4|          0|
    |k_10_reg_518                       |   4|   0|    4|          0|
    |k_9_reg_504                        |   4|   0|    4|          0|
    |max_V_reg_538                      |  32|   0|   32|          0|
    |pool_1_V_reg_544                   |  32|   0|   32|          0|
    |pool_2_V_reg_555                   |  32|   0|   32|          0|
    |reg_236                            |  32|   0|   32|          0|
    |select_ln203_5_reg_467             |   4|   0|    4|          0|
    |select_ln203_reg_462               |   4|   0|    4|          0|
    |select_ln510_3_reg_567             |  32|   0|   32|          0|
    |select_ln510_reg_561               |  32|   0|   32|          0|
    |start_once_reg                     |   1|   0|    1|          0|
    |tmp_V_reg_573                      |  32|   0|   32|          0|
    |trunc_ln203_reg_472                |   1|   0|    1|          0|
    |trunc_ln203_reg_472_pp0_iter1_reg  |   1|   0|    1|          0|
    |zext_ln203_mid2_v_reg_476          |   3|   0|    3|          0|
    |zext_ln500_reg_509                 |   3|   0|    7|          4|
    |icmp_ln500_reg_514                 |  64|  32|    1|          0|
    +-----------------------------------+----+----+-----+-----------+
    |Total                              | 397|  32|  338|          4|
    +-----------------------------------+----+----+-----+-----------+



================================================================
== Interface
================================================================
* Summary: 
+------------------+-----+-----+------------+---------------------------------+--------------+
|     RTL Ports    | Dir | Bits|  Protocol  |          Source Object          |    C Type    |
+------------------+-----+-----+------------+---------------------------------+--------------+
|ap_clk            |  in |    1| ap_ctrl_hs | pooling2d_large_cl_nopad_pad_me | return value |
|ap_rst            |  in |    1| ap_ctrl_hs | pooling2d_large_cl_nopad_pad_me | return value |
|ap_start          |  in |    1| ap_ctrl_hs | pooling2d_large_cl_nopad_pad_me | return value |
|start_full_n      |  in |    1| ap_ctrl_hs | pooling2d_large_cl_nopad_pad_me | return value |
|ap_done           | out |    1| ap_ctrl_hs | pooling2d_large_cl_nopad_pad_me | return value |
|ap_continue       |  in |    1| ap_ctrl_hs | pooling2d_large_cl_nopad_pad_me | return value |
|ap_idle           | out |    1| ap_ctrl_hs | pooling2d_large_cl_nopad_pad_me | return value |
|ap_ready          | out |    1| ap_ctrl_hs | pooling2d_large_cl_nopad_pad_me | return value |
|start_out         | out |    1| ap_ctrl_hs | pooling2d_large_cl_nopad_pad_me | return value |
|start_write       | out |    1| ap_ctrl_hs | pooling2d_large_cl_nopad_pad_me | return value |
|data_V_V_dout     |  in |   32|   ap_fifo  |             data_V_V            |    pointer   |
|data_V_V_empty_n  |  in |    1|   ap_fifo  |             data_V_V            |    pointer   |
|data_V_V_read     | out |    1|   ap_fifo  |             data_V_V            |    pointer   |
|res_V_V_din       | out |   32|   ap_fifo  |             res_V_V             |    pointer   |
|res_V_V_full_n    |  in |    1|   ap_fifo  |             res_V_V             |    pointer   |
|res_V_V_write     | out |    1|   ap_fifo  |             res_V_V             |    pointer   |
+------------------+-----+-----+------------+---------------------------------+--------------+

