

================================================================
== Vivado HLS Report for 'conv_2d_cl_me_ap_fixed_ap_fixed_32_16_5_3_0_config48_s'
================================================================
* Date:           Wed Jul 27 22:58:04 2022

* Version:        2019.2 (Build 2704478 on Wed Nov 06 22:10:23 MST 2019)
* Project:        myproject_prj
* Solution:       solution1
* Product family: zynq
* Target device:  xc7z020-clg400-1


================================================================
== Performance Estimates
================================================================
+ Timing: 
    * Summary: 
    +--------+---------+----------+------------+
    |  Clock |  Target | Estimated| Uncertainty|
    +--------+---------+----------+------------+
    |ap_clk  | 5.00 ns | 7.162 ns |   0.62 ns  |
    +--------+---------+----------+------------+

+ Latency: 
    * Summary: 
    +---------+---------+----------+----------+------+--------+---------+
    |  Latency (cycles) |  Latency (absolute) |    Interval   | Pipeline|
    |   min   |   max   |    min   |    max   |  min |   max  |   Type  |
    +---------+---------+----------+----------+------+--------+---------+
    |     1100|   133800| 7.879 us | 0.958 ms |  1100|  133800|   none  |
    +---------+---------+----------+----------+------+--------+---------+

    + Detail: 
        * Instance: 
        N/A

        * Loop: 
        +--------------+---------+---------+-----------+-----------+-----------+------+----------+
        |              |  Latency (cycles) | Iteration |  Initiation Interval  | Trip |          |
        |   Loop Name  |   min   |   max   |  Latency  |  achieved |   target  | Count| Pipelined|
        +--------------+---------+---------+-----------+-----------+-----------+------+----------+
        |- Loop 1      |     1099|   133799| 11 ~ 1338 |          -|          -|   100|    no    |
        | + ReuseLoop  |     1309|     1309|         15|          1|          1|  1296|    yes   |
        +--------------+---------+---------+-----------+-----------+-----------+------+----------+

============================================================
+ Verbose Summary: Synthesis Manager
============================================================
InlineROM: 1
ExposeGlobal: 0
============================================================
+ Verbose Summary: CDFG Model
============================================================
IsTopModel: 0
ResetActiveHigh: 1
IsCombinational: 2
IsDatapathOnly: 0
HasWiredReturn: 1
HasMFsm: 0
HasVarLatency: 1
IsPipeline: 0
IsRtlPipelined: 0
IsInstanceOverlapped: 0
IsDontTouch: 0
HasImplIP: 0
IsGatedGlobalClock: 0

+ Individual pipeline summary: 
  * Pipeline-0: initiation interval (II) = 1, depth = 15


============================================================
+ Verbose Summary: Schedule
============================================================
* Number of FSM states : 44
* Pipeline : 1
  Pipeline-0 : II = 1, D = 15, States = { 11 12 13 14 15 16 17 18 19 20 21 22 23 24 25 }
* Dataflow Pipeline: 0

* FSM state transitions: 
1 --> 2 
2 --> 3 
3 --> 4 
4 --> 5 
5 --> 6 
6 --> 7 
7 --> 8 
8 --> 9 
9 --> 10 
10 --> 43 11 
11 --> 12 
12 --> 13 
13 --> 14 
14 --> 15 
15 --> 16 
16 --> 17 
17 --> 18 
18 --> 19 
19 --> 20 
20 --> 21 
21 --> 22 
22 --> 23 
23 --> 24 
24 --> 25 
25 --> 26 11 
26 --> 27 
27 --> 28 
28 --> 29 
29 --> 30 
30 --> 31 
31 --> 32 
32 --> 33 
33 --> 34 
34 --> 35 
35 --> 36 
36 --> 37 
37 --> 38 
38 --> 39 
39 --> 40 
40 --> 41 
41 --> 42 
42 --> 43 
43 --> 44 
44 --> 2 

* FSM state operations: 

State 1 <SV = 0> <Delay = 1.76>
ST_1 : Operation 45 [1/1] (0.00ns)   --->   "call void (...)* @_ssdm_op_SpecInterface(i32* %data_V_V, [8 x i8]* @ap_fifo_str, i32 0, i32 0, [1 x i8]* @p_str, i32 0, i32 0, [1 x i8]* @p_str, [1 x i8]* @p_str, [1 x i8]* @p_str, i32 2, i32 2, i32 16, i32 16, [1 x i8]* @p_str, [1 x i8]* @p_str)"   --->   Operation 45 'specinterface' <Predicate = true> <Delay = 0.00>
ST_1 : Operation 46 [1/1] (0.00ns)   --->   "call void (...)* @_ssdm_op_SpecInterface(i32* %res_V_V, [8 x i8]* @ap_fifo_str, i32 0, i32 0, [1 x i8]* @p_str, i32 0, i32 0, [1 x i8]* @p_str, [1 x i8]* @p_str, [1 x i8]* @p_str, i32 2, i32 2, i32 16, i32 16, [1 x i8]* @p_str, [1 x i8]* @p_str)"   --->   Operation 46 'specinterface' <Predicate = true> <Delay = 0.00>
ST_1 : Operation 47 [1/1] (0.00ns)   --->   "%empty = call i32 (...)* @_ssdm_op_SpecLoopTripCount(i64 100, i64 100, i64 100)"   --->   Operation 47 'speclooptripcount' 'empty' <Predicate = true> <Delay = 0.00>
ST_1 : Operation 48 [1/1] (1.76ns)   --->   "br label %.preheader.i.0" [firmware/nnet_utils/nnet_conv2d_stream.h:206->firmware/nnet_utils/nnet_conv2d_stream.h:267]   --->   Operation 48 'br' <Predicate = true> <Delay = 1.76>

State 2 <SV = 1> <Delay = 2.18>
ST_2 : Operation 49 [1/1] (2.18ns)   --->   "%tmp_V = call i32 @_ssdm_op_Read.ap_fifo.volatile.i32P(i32* %data_V_V)" [firmware/nnet_utils/nnet_conv2d_stream.h:210->firmware/nnet_utils/nnet_conv2d_stream.h:267]   --->   Operation 49 'read' 'tmp_V' <Predicate = true> <Delay = 2.18> <Core = "FIFO">   --->   Core 32 'FIFO' <Latency = 0> <II = 1> <Delay = 3.63> <Storage> <Opcode : 'read' 'write' 'nbread' 'nbwrite'> <Ports = 0> <Width = 32> <Depth = 3> <FIFO>

State 3 <SV = 2> <Delay = 2.18>
ST_3 : Operation 50 [1/1] (2.18ns)   --->   "%tmp_V_120 = call i32 @_ssdm_op_Read.ap_fifo.volatile.i32P(i32* %data_V_V)" [firmware/nnet_utils/nnet_conv2d_stream.h:210->firmware/nnet_utils/nnet_conv2d_stream.h:267]   --->   Operation 50 'read' 'tmp_V_120' <Predicate = true> <Delay = 2.18> <Core = "FIFO">   --->   Core 32 'FIFO' <Latency = 0> <II = 1> <Delay = 3.63> <Storage> <Opcode : 'read' 'write' 'nbread' 'nbwrite'> <Ports = 0> <Width = 32> <Depth = 3> <FIFO>

State 4 <SV = 3> <Delay = 2.18>
ST_4 : Operation 51 [1/1] (2.18ns)   --->   "%tmp_V_121 = call i32 @_ssdm_op_Read.ap_fifo.volatile.i32P(i32* %data_V_V)" [firmware/nnet_utils/nnet_conv2d_stream.h:210->firmware/nnet_utils/nnet_conv2d_stream.h:267]   --->   Operation 51 'read' 'tmp_V_121' <Predicate = true> <Delay = 2.18> <Core = "FIFO">   --->   Core 32 'FIFO' <Latency = 0> <II = 1> <Delay = 3.63> <Storage> <Opcode : 'read' 'write' 'nbread' 'nbwrite'> <Ports = 0> <Width = 32> <Depth = 3> <FIFO>

State 5 <SV = 4> <Delay = 2.18>
ST_5 : Operation 52 [1/1] (2.18ns)   --->   "%tmp_V_122 = call i32 @_ssdm_op_Read.ap_fifo.volatile.i32P(i32* %data_V_V)" [firmware/nnet_utils/nnet_conv2d_stream.h:210->firmware/nnet_utils/nnet_conv2d_stream.h:267]   --->   Operation 52 'read' 'tmp_V_122' <Predicate = true> <Delay = 2.18> <Core = "FIFO">   --->   Core 32 'FIFO' <Latency = 0> <II = 1> <Delay = 3.63> <Storage> <Opcode : 'read' 'write' 'nbread' 'nbwrite'> <Ports = 0> <Width = 32> <Depth = 3> <FIFO>

State 6 <SV = 5> <Delay = 2.18>
ST_6 : Operation 53 [1/1] (2.18ns)   --->   "%tmp_V_123 = call i32 @_ssdm_op_Read.ap_fifo.volatile.i32P(i32* %data_V_V)" [firmware/nnet_utils/nnet_conv2d_stream.h:210->firmware/nnet_utils/nnet_conv2d_stream.h:267]   --->   Operation 53 'read' 'tmp_V_123' <Predicate = true> <Delay = 2.18> <Core = "FIFO">   --->   Core 32 'FIFO' <Latency = 0> <II = 1> <Delay = 3.63> <Storage> <Opcode : 'read' 'write' 'nbread' 'nbwrite'> <Ports = 0> <Width = 32> <Depth = 3> <FIFO>

State 7 <SV = 6> <Delay = 2.18>
ST_7 : Operation 54 [1/1] (2.18ns)   --->   "%tmp_V_124 = call i32 @_ssdm_op_Read.ap_fifo.volatile.i32P(i32* %data_V_V)" [firmware/nnet_utils/nnet_conv2d_stream.h:210->firmware/nnet_utils/nnet_conv2d_stream.h:267]   --->   Operation 54 'read' 'tmp_V_124' <Predicate = true> <Delay = 2.18> <Core = "FIFO">   --->   Core 32 'FIFO' <Latency = 0> <II = 1> <Delay = 3.63> <Storage> <Opcode : 'read' 'write' 'nbread' 'nbwrite'> <Ports = 0> <Width = 32> <Depth = 3> <FIFO>

State 8 <SV = 7> <Delay = 2.18>
ST_8 : Operation 55 [1/1] (2.18ns)   --->   "%tmp_V_125 = call i32 @_ssdm_op_Read.ap_fifo.volatile.i32P(i32* %data_V_V)" [firmware/nnet_utils/nnet_conv2d_stream.h:210->firmware/nnet_utils/nnet_conv2d_stream.h:267]   --->   Operation 55 'read' 'tmp_V_125' <Predicate = true> <Delay = 2.18> <Core = "FIFO">   --->   Core 32 'FIFO' <Latency = 0> <II = 1> <Delay = 3.63> <Storage> <Opcode : 'read' 'write' 'nbread' 'nbwrite'> <Ports = 0> <Width = 32> <Depth = 3> <FIFO>

State 9 <SV = 8> <Delay = 2.18>
ST_9 : Operation 56 [1/1] (2.18ns)   --->   "%tmp_V_126 = call i32 @_ssdm_op_Read.ap_fifo.volatile.i32P(i32* %data_V_V)" [firmware/nnet_utils/nnet_conv2d_stream.h:210->firmware/nnet_utils/nnet_conv2d_stream.h:267]   --->   Operation 56 'read' 'tmp_V_126' <Predicate = true> <Delay = 2.18> <Core = "FIFO">   --->   Core 32 'FIFO' <Latency = 0> <II = 1> <Delay = 3.63> <Storage> <Opcode : 'read' 'write' 'nbread' 'nbwrite'> <Ports = 0> <Width = 32> <Depth = 3> <FIFO>

State 10 <SV = 9> <Delay = 4.42>
ST_10 : Operation 57 [1/1] (0.00ns)   --->   "%i_0_i42 = phi i7 [ 0, %codeRepl ], [ %i, %5 ]"   --->   Operation 57 'phi' 'i_0_i42' <Predicate = true> <Delay = 0.00>
ST_10 : Operation 58 [1/1] (0.00ns)   --->   "%tmpdata_V = call i256 @_ssdm_op_BitConcatenate.i256.i32.i32.i32.i32.i32.i32.i32.i32(i32 %tmp_V_126, i32 %tmp_V_125, i32 %tmp_V_124, i32 %tmp_V_123, i32 %tmp_V_122, i32 %tmp_V_121, i32 %tmp_V_120, i32 %tmp_V)" [firmware/nnet_utils/nnet_conv2d_stream.h:210->firmware/nnet_utils/nnet_conv2d_stream.h:267]   --->   Operation 58 'bitconcatenate' 'tmpdata_V' <Predicate = true> <Delay = 0.00>
ST_10 : Operation 59 [1/1] (0.00ns)   --->   "%layer_in_V_17_load = load i2304* @layer_in_V_17, align 16"   --->   Operation 59 'load' 'layer_in_V_17_load' <Predicate = true> <Delay = 0.00>
ST_10 : Operation 60 [1/1] (3.23ns)   --->   "%call_ret = call fastcc i2304 @"cnnshift_arr<ap_fixed,ap_fixed<32,16,5,3,0>,config48>"(i256 %tmpdata_V, i2304 %layer_in_V_17_load)" [firmware/nnet_utils/nnet_conv2d_stream.h:210->firmware/nnet_utils/nnet_conv2d_stream.h:267]   --->   Operation 60 'call' 'call_ret' <Predicate = true> <Delay = 3.23> <CoreType = "Generic">   --->   Core 0 '' <Latency = 0> <II = 1> <Delay = 1.00> <Generic> <Opcode : >
ST_10 : Operation 61 [1/1] (0.00ns)   --->   "store i2304 %call_ret, i2304* @layer_in_V_17, align 16" [firmware/nnet_utils/nnet_conv2d_stream.h:210->firmware/nnet_utils/nnet_conv2d_stream.h:267]   --->   Operation 61 'store' <Predicate = true> <Delay = 0.00>
ST_10 : Operation 62 [1/1] (0.00ns)   --->   "%sX_6_load = load i32* @sX_6, align 4" [firmware/nnet_utils/nnet_conv2d_stream.h:215->firmware/nnet_utils/nnet_conv2d_stream.h:267]   --->   Operation 62 'load' 'sX_6_load' <Predicate = true> <Delay = 0.00>
ST_10 : Operation 63 [1/1] (2.47ns)   --->   "%icmp_ln215 = icmp eq i32 %sX_6_load, 2" [firmware/nnet_utils/nnet_conv2d_stream.h:215->firmware/nnet_utils/nnet_conv2d_stream.h:267]   --->   Operation 63 'icmp' 'icmp_ln215' <Predicate = true> <Delay = 2.47> <Core = "Cmp">   --->   Core 25 'Cmp' <Latency = 0> <II = 1> <Delay = 1.48> <FuncUnit> <Opcode : 'icmp'> <InPorts = 2> <OutPorts = 1>
ST_10 : Operation 64 [1/1] (0.00ns)   --->   "%sY_6_load = load i32* @sY_6, align 4" [firmware/nnet_utils/nnet_conv2d_stream.h:215->firmware/nnet_utils/nnet_conv2d_stream.h:267]   --->   Operation 64 'load' 'sY_6_load' <Predicate = true> <Delay = 0.00>
ST_10 : Operation 65 [1/1] (2.47ns)   --->   "%icmp_ln215_4 = icmp eq i32 %sY_6_load, 2" [firmware/nnet_utils/nnet_conv2d_stream.h:215->firmware/nnet_utils/nnet_conv2d_stream.h:267]   --->   Operation 65 'icmp' 'icmp_ln215_4' <Predicate = true> <Delay = 2.47> <Core = "Cmp">   --->   Core 25 'Cmp' <Latency = 0> <II = 1> <Delay = 1.48> <FuncUnit> <Opcode : 'icmp'> <InPorts = 2> <OutPorts = 1>
ST_10 : Operation 66 [1/1] (0.00ns)   --->   "%pY_6_load = load i32* @pY_6, align 4" [firmware/nnet_utils/nnet_conv2d_stream.h:215->firmware/nnet_utils/nnet_conv2d_stream.h:267]   --->   Operation 66 'load' 'pY_6_load' <Predicate = true> <Delay = 0.00>
ST_10 : Operation 67 [1/1] (0.00ns)   --->   "%tmp_5 = call i31 @_ssdm_op_PartSelect.i31.i32.i32.i32(i32 %pY_6_load, i32 1, i32 31)" [firmware/nnet_utils/nnet_conv2d_stream.h:215->firmware/nnet_utils/nnet_conv2d_stream.h:267]   --->   Operation 67 'partselect' 'tmp_5' <Predicate = true> <Delay = 0.00>
ST_10 : Operation 68 [1/1] (2.47ns)   --->   "%icmp_ln215_5 = icmp sgt i31 %tmp_5, 0" [firmware/nnet_utils/nnet_conv2d_stream.h:215->firmware/nnet_utils/nnet_conv2d_stream.h:267]   --->   Operation 68 'icmp' 'icmp_ln215_5' <Predicate = true> <Delay = 2.47> <Core = "Cmp">   --->   Core 25 'Cmp' <Latency = 0> <II = 1> <Delay = 1.48> <FuncUnit> <Opcode : 'icmp'> <InPorts = 2> <OutPorts = 1>
ST_10 : Operation 69 [1/1] (0.00ns)   --->   "%pX_6_load = load i32* @pX_6, align 4" [firmware/nnet_utils/nnet_conv2d_stream.h:215->firmware/nnet_utils/nnet_conv2d_stream.h:267]   --->   Operation 69 'load' 'pX_6_load' <Predicate = true> <Delay = 0.00>
ST_10 : Operation 70 [1/1] (0.00ns)   --->   "%tmp_6 = call i31 @_ssdm_op_PartSelect.i31.i32.i32.i32(i32 %pX_6_load, i32 1, i32 31)" [firmware/nnet_utils/nnet_conv2d_stream.h:215->firmware/nnet_utils/nnet_conv2d_stream.h:267]   --->   Operation 70 'partselect' 'tmp_6' <Predicate = true> <Delay = 0.00>
ST_10 : Operation 71 [1/1] (2.47ns)   --->   "%icmp_ln215_6 = icmp sgt i31 %tmp_6, 0" [firmware/nnet_utils/nnet_conv2d_stream.h:215->firmware/nnet_utils/nnet_conv2d_stream.h:267]   --->   Operation 71 'icmp' 'icmp_ln215_6' <Predicate = true> <Delay = 2.47> <Core = "Cmp">   --->   Core 25 'Cmp' <Latency = 0> <II = 1> <Delay = 1.48> <FuncUnit> <Opcode : 'icmp'> <InPorts = 2> <OutPorts = 1>
ST_10 : Operation 72 [1/1] (0.00ns) (grouped into LUT with out node and_ln215_4)   --->   "%and_ln215 = and i1 %icmp_ln215, %icmp_ln215_4" [firmware/nnet_utils/nnet_conv2d_stream.h:215->firmware/nnet_utils/nnet_conv2d_stream.h:267]   --->   Operation 72 'and' 'and_ln215' <Predicate = true> <Delay = 0.00> <Core = "LogicGate">   --->   Core 27 'LogicGate' <Latency = 0> <II = 1> <Delay = 0.97> <FuncUnit> <Opcode : 'and' 'or' 'xor'> <InPorts = 2> <OutPorts = 1>
ST_10 : Operation 73 [1/1] (0.00ns) (grouped into LUT with out node and_ln215_4)   --->   "%and_ln215_3 = and i1 %icmp_ln215_5, %icmp_ln215_6" [firmware/nnet_utils/nnet_conv2d_stream.h:215->firmware/nnet_utils/nnet_conv2d_stream.h:267]   --->   Operation 73 'and' 'and_ln215_3' <Predicate = true> <Delay = 0.00> <Core = "LogicGate">   --->   Core 27 'LogicGate' <Latency = 0> <II = 1> <Delay = 0.97> <FuncUnit> <Opcode : 'and' 'or' 'xor'> <InPorts = 2> <OutPorts = 1>
ST_10 : Operation 74 [1/1] (0.97ns) (out node of the LUT)   --->   "%and_ln215_4 = and i1 %and_ln215_3, %and_ln215" [firmware/nnet_utils/nnet_conv2d_stream.h:215->firmware/nnet_utils/nnet_conv2d_stream.h:267]   --->   Operation 74 'and' 'and_ln215_4' <Predicate = true> <Delay = 0.97> <Core = "LogicGate">   --->   Core 27 'LogicGate' <Latency = 0> <II = 1> <Delay = 0.97> <FuncUnit> <Opcode : 'and' 'or' 'xor'> <InPorts = 2> <OutPorts = 1>
ST_10 : Operation 75 [1/1] (1.87ns)   --->   "%i = add i7 %i_0_i42, 1" [firmware/nnet_utils/nnet_conv2d_stream.h:206->firmware/nnet_utils/nnet_conv2d_stream.h:267]   --->   Operation 75 'add' 'i' <Predicate = true> <Delay = 1.87> <Core = "AddSub">   --->   Core 14 'AddSub' <Latency = 0> <II = 1> <Delay = 2.55> <FuncUnit> <Opcode : 'add' 'sub'> <InPorts = 2> <OutPorts = 1>
ST_10 : Operation 76 [1/1] (0.00ns)   --->   "br i1 %and_ln215_4, label %"nnet::dense_large<ap_fixed<32, 16, (ap_q_mode)5, (ap_o_mode)3, 0>, ap_fixed<32, 16, (ap_q_mode)5, (ap_o_mode)3, 0>, config48_mult>.region_begin", label %._crit_edge52.i" [firmware/nnet_utils/nnet_conv2d_stream.h:215->firmware/nnet_utils/nnet_conv2d_stream.h:267]   --->   Operation 76 'br' <Predicate = true> <Delay = 0.00>
ST_10 : Operation 77 [1/1] (0.00ns)   --->   "%rbegin57_i = call i32 (...)* @_ssdm_op_SpecRegionBegin([138 x i8]* @nnet_KD_KD_dense_large_MD_ap_fixed_MD_32_MC_AC_16_MC_AC_1) nounwind" [firmware/nnet_utils/nnet_conv2d_stream.h:222->firmware/nnet_utils/nnet_conv2d_stream.h:267]   --->   Operation 77 'specregionbegin' 'rbegin57_i' <Predicate = (and_ln215_4)> <Delay = 0.00>
ST_10 : Operation 78 [1/1] (1.76ns)   --->   "br label %ReuseLoop_begin" [firmware/nnet_utils/nnet_dense_resource.h:514->firmware/nnet_utils/nnet_dense_resource.h:656->firmware/nnet_utils/nnet_conv2d_stream.h:222->firmware/nnet_utils/nnet_conv2d_stream.h:267]   --->   Operation 78 'br' <Predicate = (and_ln215_4)> <Delay = 1.76>

State 11 <SV = 10> <Delay = 4.21>
ST_11 : Operation 79 [1/1] (0.00ns)   --->   "%ir1_0_i_i_i41 = phi i11 [ 0, %"nnet::dense_large<ap_fixed<32, 16, (ap_q_mode)5, (ap_o_mode)3, 0>, ap_fixed<32, 16, (ap_q_mode)5, (ap_o_mode)3, 0>, config48_mult>.region_begin" ], [ %ir, %ReuseLoop_end ]"   --->   Operation 79 'phi' 'ir1_0_i_i_i41' <Predicate = true> <Delay = 0.00>
ST_11 : Operation 80 [1/1] (0.00ns)   --->   "%in_index = phi i11 [ 0, %"nnet::dense_large<ap_fixed<32, 16, (ap_q_mode)5, (ap_o_mode)3, 0>, ap_fixed<32, 16, (ap_q_mode)5, (ap_o_mode)3, 0>, config48_mult>.region_begin" ], [ %select_ln544, %ReuseLoop_end ]" [firmware/nnet_utils/nnet_dense_resource.h:544->firmware/nnet_utils/nnet_dense_resource.h:656->firmware/nnet_utils/nnet_conv2d_stream.h:222->firmware/nnet_utils/nnet_conv2d_stream.h:267]   --->   Operation 80 'phi' 'in_index' <Predicate = true> <Delay = 0.00>
ST_11 : Operation 81 [1/1] (0.00ns)   --->   "%empty_198 = trunc i11 %in_index to i7" [firmware/nnet_utils/nnet_dense_resource.h:544->firmware/nnet_utils/nnet_dense_resource.h:656->firmware/nnet_utils/nnet_conv2d_stream.h:222->firmware/nnet_utils/nnet_conv2d_stream.h:267]   --->   Operation 81 'trunc' 'empty_198' <Predicate = true> <Delay = 0.00>
ST_11 : Operation 82 [1/1] (0.00ns)   --->   "%tmp_s = call i12 @_ssdm_op_BitConcatenate.i12.i7.i5(i7 %empty_198, i5 0)" [firmware/nnet_utils/nnet_dense_resource.h:544->firmware/nnet_utils/nnet_dense_resource.h:656->firmware/nnet_utils/nnet_conv2d_stream.h:222->firmware/nnet_utils/nnet_conv2d_stream.h:267]   --->   Operation 82 'bitconcatenate' 'tmp_s' <Predicate = true> <Delay = 0.00>
ST_11 : Operation 83 [1/1] (0.00ns)   --->   "%empty_199 = or i12 %tmp_s, 31" [firmware/nnet_utils/nnet_dense_resource.h:544->firmware/nnet_utils/nnet_dense_resource.h:656->firmware/nnet_utils/nnet_conv2d_stream.h:222->firmware/nnet_utils/nnet_conv2d_stream.h:267]   --->   Operation 83 'or' 'empty_199' <Predicate = true> <Delay = 0.00>
ST_11 : Operation 84 [1/1] (1.99ns)   --->   "%icmp_ln532 = icmp ugt i12 %tmp_s, %empty_199" [firmware/nnet_utils/nnet_dense_resource.h:532->firmware/nnet_utils/nnet_dense_resource.h:656->firmware/nnet_utils/nnet_conv2d_stream.h:222->firmware/nnet_utils/nnet_conv2d_stream.h:267]   --->   Operation 84 'icmp' 'icmp_ln532' <Predicate = true> <Delay = 1.99> <Core = "Cmp">   --->   Core 25 'Cmp' <Latency = 0> <II = 1> <Delay = 1.48> <FuncUnit> <Opcode : 'icmp'> <InPorts = 2> <OutPorts = 1>
ST_11 : Operation 85 [1/1] (1.54ns)   --->   "%sub_ln532 = sub i12 %tmp_s, %empty_199" [firmware/nnet_utils/nnet_dense_resource.h:532->firmware/nnet_utils/nnet_dense_resource.h:656->firmware/nnet_utils/nnet_conv2d_stream.h:222->firmware/nnet_utils/nnet_conv2d_stream.h:267]   --->   Operation 85 'sub' 'sub_ln532' <Predicate = true> <Delay = 1.54> <Core = "AddSub">   --->   Core 14 'AddSub' <Latency = 0> <II = 1> <Delay = 2.55> <FuncUnit> <Opcode : 'add' 'sub'> <InPorts = 2> <OutPorts = 1>
ST_11 : Operation 86 [1/1] (1.54ns)   --->   "%sub_ln532_4 = sub i12 -1793, %tmp_s" [firmware/nnet_utils/nnet_dense_resource.h:532->firmware/nnet_utils/nnet_dense_resource.h:656->firmware/nnet_utils/nnet_conv2d_stream.h:222->firmware/nnet_utils/nnet_conv2d_stream.h:267]   --->   Operation 86 'sub' 'sub_ln532_4' <Predicate = true> <Delay = 1.54> <Core = "AddSub">   --->   Core 14 'AddSub' <Latency = 0> <II = 1> <Delay = 2.55> <FuncUnit> <Opcode : 'add' 'sub'> <InPorts = 2> <OutPorts = 1>
ST_11 : Operation 87 [1/1] (1.54ns)   --->   "%sub_ln532_5 = sub i12 %empty_199, %tmp_s" [firmware/nnet_utils/nnet_dense_resource.h:532->firmware/nnet_utils/nnet_dense_resource.h:656->firmware/nnet_utils/nnet_conv2d_stream.h:222->firmware/nnet_utils/nnet_conv2d_stream.h:267]   --->   Operation 87 'sub' 'sub_ln532_5' <Predicate = true> <Delay = 1.54> <Core = "AddSub">   --->   Core 14 'AddSub' <Latency = 0> <II = 1> <Delay = 2.55> <FuncUnit> <Opcode : 'add' 'sub'> <InPorts = 2> <OutPorts = 1>
ST_11 : Operation 88 [1/1] (0.00ns) (grouped into LUT with out node sub_ln532_6)   --->   "%select_ln532 = select i1 %icmp_ln532, i12 %sub_ln532, i12 %sub_ln532_5" [firmware/nnet_utils/nnet_dense_resource.h:532->firmware/nnet_utils/nnet_dense_resource.h:656->firmware/nnet_utils/nnet_conv2d_stream.h:222->firmware/nnet_utils/nnet_conv2d_stream.h:267]   --->   Operation 88 'select' 'select_ln532' <Predicate = true> <Delay = 0.00> <Core = "Sel">   --->   Core 26 'Sel' <Latency = 0> <II = 1> <Delay = 0.69> <FuncUnit> <Opcode : 'select'> <InPorts = 3> <OutPorts = 1>
ST_11 : Operation 89 [1/1] (0.69ns)   --->   "%select_ln532_4 = select i1 %icmp_ln532, i12 %sub_ln532_4, i12 %tmp_s" [firmware/nnet_utils/nnet_dense_resource.h:532->firmware/nnet_utils/nnet_dense_resource.h:656->firmware/nnet_utils/nnet_conv2d_stream.h:222->firmware/nnet_utils/nnet_conv2d_stream.h:267]   --->   Operation 89 'select' 'select_ln532_4' <Predicate = true> <Delay = 0.69> <Core = "Sel">   --->   Core 26 'Sel' <Latency = 0> <II = 1> <Delay = 0.69> <FuncUnit> <Opcode : 'select'> <InPorts = 3> <OutPorts = 1>
ST_11 : Operation 90 [1/1] (1.54ns) (out node of the LUT)   --->   "%sub_ln532_6 = sub i12 -1793, %select_ln532" [firmware/nnet_utils/nnet_dense_resource.h:532->firmware/nnet_utils/nnet_dense_resource.h:656->firmware/nnet_utils/nnet_conv2d_stream.h:222->firmware/nnet_utils/nnet_conv2d_stream.h:267]   --->   Operation 90 'sub' 'sub_ln532_6' <Predicate = true> <Delay = 1.54> <Core = "AddSub">   --->   Core 14 'AddSub' <Latency = 0> <II = 1> <Delay = 2.55> <FuncUnit> <Opcode : 'add' 'sub'> <InPorts = 2> <OutPorts = 1>
ST_11 : Operation 91 [1/1] (0.00ns)   --->   "%zext_ln532 = zext i11 %ir1_0_i_i_i41 to i64" [firmware/nnet_utils/nnet_dense_resource.h:532->firmware/nnet_utils/nnet_dense_resource.h:656->firmware/nnet_utils/nnet_conv2d_stream.h:222->firmware/nnet_utils/nnet_conv2d_stream.h:267]   --->   Operation 91 'zext' 'zext_ln532' <Predicate = true> <Delay = 0.00>
ST_11 : Operation 92 [1/1] (0.00ns)   --->   "%w48_V_addr = getelementptr [1296 x i15]* @w48_V, i64 0, i64 %zext_ln532" [firmware/nnet_utils/nnet_dense_resource.h:532->firmware/nnet_utils/nnet_dense_resource.h:656->firmware/nnet_utils/nnet_conv2d_stream.h:222->firmware/nnet_utils/nnet_conv2d_stream.h:267]   --->   Operation 92 'getelementptr' 'w48_V_addr' <Predicate = true> <Delay = 0.00>
ST_11 : Operation 93 [2/2] (3.25ns)   --->   "%w48_V_load = load i15* %w48_V_addr, align 2" [firmware/nnet_utils/nnet_dense_resource.h:532->firmware/nnet_utils/nnet_dense_resource.h:656->firmware/nnet_utils/nnet_conv2d_stream.h:222->firmware/nnet_utils/nnet_conv2d_stream.h:267]   --->   Operation 93 'load' 'w48_V_load' <Predicate = true> <Delay = 3.25> <Core = "ROM_nP">   --->   Core 52 'ROM_nP' <Latency = 1> <II = 1> <Delay = 3.25> <Storage> <Opcode : 'load'> <Ports = 0> <Width = 15> <Depth = 1296> <ROM>
ST_11 : Operation 94 [1/1] (1.63ns)   --->   "%ir = add i11 1, %ir1_0_i_i_i41" [firmware/nnet_utils/nnet_dense_resource.h:514->firmware/nnet_utils/nnet_dense_resource.h:656->firmware/nnet_utils/nnet_conv2d_stream.h:222->firmware/nnet_utils/nnet_conv2d_stream.h:267]   --->   Operation 94 'add' 'ir' <Predicate = true> <Delay = 1.63> <Core = "AddSub">   --->   Core 14 'AddSub' <Latency = 0> <II = 1> <Delay = 2.55> <FuncUnit> <Opcode : 'add' 'sub'> <InPorts = 2> <OutPorts = 1>
ST_11 : Operation 95 [1/1] (1.63ns)   --->   "%add_ln544 = add i11 %in_index, 1" [firmware/nnet_utils/nnet_dense_resource.h:544->firmware/nnet_utils/nnet_dense_resource.h:656->firmware/nnet_utils/nnet_conv2d_stream.h:222->firmware/nnet_utils/nnet_conv2d_stream.h:267]   --->   Operation 95 'add' 'add_ln544' <Predicate = true> <Delay = 1.63> <Core = "AddSub">   --->   Core 14 'AddSub' <Latency = 0> <II = 1> <Delay = 2.55> <FuncUnit> <Opcode : 'add' 'sub'> <InPorts = 2> <OutPorts = 1>
ST_11 : Operation 96 [1/1] (1.88ns)   --->   "%icmp_ln544 = icmp ult i11 %add_ln544, 72" [firmware/nnet_utils/nnet_dense_resource.h:544->firmware/nnet_utils/nnet_dense_resource.h:656->firmware/nnet_utils/nnet_conv2d_stream.h:222->firmware/nnet_utils/nnet_conv2d_stream.h:267]   --->   Operation 96 'icmp' 'icmp_ln544' <Predicate = true> <Delay = 1.88> <Core = "Cmp">   --->   Core 25 'Cmp' <Latency = 0> <II = 1> <Delay = 1.48> <FuncUnit> <Opcode : 'icmp'> <InPorts = 2> <OutPorts = 1>
ST_11 : Operation 97 [1/1] (0.69ns)   --->   "%select_ln544 = select i1 %icmp_ln544, i11 %add_ln544, i11 0" [firmware/nnet_utils/nnet_dense_resource.h:544->firmware/nnet_utils/nnet_dense_resource.h:656->firmware/nnet_utils/nnet_conv2d_stream.h:222->firmware/nnet_utils/nnet_conv2d_stream.h:267]   --->   Operation 97 'select' 'select_ln544' <Predicate = true> <Delay = 0.69> <Core = "Sel">   --->   Core 26 'Sel' <Latency = 0> <II = 1> <Delay = 0.69> <FuncUnit> <Opcode : 'select'> <InPorts = 3> <OutPorts = 1>
ST_11 : Operation 98 [1/1] (1.88ns)   --->   "%icmp_ln514 = icmp eq i11 %ir1_0_i_i_i41, -753" [firmware/nnet_utils/nnet_dense_resource.h:514->firmware/nnet_utils/nnet_dense_resource.h:656->firmware/nnet_utils/nnet_conv2d_stream.h:222->firmware/nnet_utils/nnet_conv2d_stream.h:267]   --->   Operation 98 'icmp' 'icmp_ln514' <Predicate = true> <Delay = 1.88> <Core = "Cmp">   --->   Core 25 'Cmp' <Latency = 0> <II = 1> <Delay = 1.48> <FuncUnit> <Opcode : 'icmp'> <InPorts = 2> <OutPorts = 1>
ST_11 : Operation 99 [1/1] (0.00ns)   --->   "br i1 %icmp_ln514, label %"nnet::dense_large<ap_fixed<32, 16, (ap_q_mode)5, (ap_o_mode)3, 0>, ap_fixed<32, 16, (ap_q_mode)5, (ap_o_mode)3, 0>, config48_mult>.region_end", label %ReuseLoop_begin" [firmware/nnet_utils/nnet_dense_resource.h:514->firmware/nnet_utils/nnet_dense_resource.h:656->firmware/nnet_utils/nnet_conv2d_stream.h:222->firmware/nnet_utils/nnet_conv2d_stream.h:267]   --->   Operation 99 'br' <Predicate = true> <Delay = 0.00>

State 12 <SV = 11> <Delay = 6.29>
ST_12 : Operation 100 [1/1] (0.00ns)   --->   "%layer_in_V_17_load_1 = load i2304* @layer_in_V_17, align 16" [firmware/nnet_utils/nnet_dense_resource.h:532->firmware/nnet_utils/nnet_dense_resource.h:656->firmware/nnet_utils/nnet_conv2d_stream.h:222->firmware/nnet_utils/nnet_conv2d_stream.h:267]   --->   Operation 100 'load' 'layer_in_V_17_load_1' <Predicate = true> <Delay = 0.00>
ST_12 : Operation 101 [1/1] (0.00ns)   --->   "%tmp_7 = call i2304 @llvm.part.select.i2304(i2304 %layer_in_V_17_load_1, i32 2303, i32 0)" [firmware/nnet_utils/nnet_dense_resource.h:532->firmware/nnet_utils/nnet_dense_resource.h:656->firmware/nnet_utils/nnet_conv2d_stream.h:222->firmware/nnet_utils/nnet_conv2d_stream.h:267]   --->   Operation 101 'partselect' 'tmp_7' <Predicate = (icmp_ln532)> <Delay = 0.00>
ST_12 : Operation 102 [1/1] (2.39ns)   --->   "%select_ln532_3 = select i1 %icmp_ln532, i2304 %tmp_7, i2304 %layer_in_V_17_load_1" [firmware/nnet_utils/nnet_dense_resource.h:532->firmware/nnet_utils/nnet_dense_resource.h:656->firmware/nnet_utils/nnet_conv2d_stream.h:222->firmware/nnet_utils/nnet_conv2d_stream.h:267]   --->   Operation 102 'select' 'select_ln532_3' <Predicate = true> <Delay = 2.39> <Core = "Sel">   --->   Core 26 'Sel' <Latency = 0> <II = 1> <Delay = 0.69> <FuncUnit> <Opcode : 'select'> <InPorts = 3> <OutPorts = 1>
ST_12 : Operation 103 [1/1] (0.00ns)   --->   "%zext_ln532_3 = zext i12 %select_ln532_4 to i2304" [firmware/nnet_utils/nnet_dense_resource.h:532->firmware/nnet_utils/nnet_dense_resource.h:656->firmware/nnet_utils/nnet_conv2d_stream.h:222->firmware/nnet_utils/nnet_conv2d_stream.h:267]   --->   Operation 103 'zext' 'zext_ln532_3' <Predicate = true> <Delay = 0.00>
ST_12 : Operation 104 [6/6] (3.89ns)   --->   "%lshr_ln532 = lshr i2304 %select_ln532_3, %zext_ln532_3" [firmware/nnet_utils/nnet_dense_resource.h:532->firmware/nnet_utils/nnet_dense_resource.h:656->firmware/nnet_utils/nnet_conv2d_stream.h:222->firmware/nnet_utils/nnet_conv2d_stream.h:267]   --->   Operation 104 'lshr' 'lshr_ln532' <Predicate = true> <Delay = 3.89> <Core = "ShiftnS">   --->   Core 29 'ShiftnS' <Latency = 5> <II = 1> <Delay = 3.89> <FuncUnit> <Opcode : 'shl' 'lshr' 'ashr'> <InPorts = 2> <OutPorts = 1>
ST_12 : Operation 105 [1/2] (3.25ns)   --->   "%w48_V_load = load i15* %w48_V_addr, align 2" [firmware/nnet_utils/nnet_dense_resource.h:532->firmware/nnet_utils/nnet_dense_resource.h:656->firmware/nnet_utils/nnet_conv2d_stream.h:222->firmware/nnet_utils/nnet_conv2d_stream.h:267]   --->   Operation 105 'load' 'w48_V_load' <Predicate = true> <Delay = 3.25> <Core = "ROM_nP">   --->   Core 52 'ROM_nP' <Latency = 1> <II = 1> <Delay = 3.25> <Storage> <Opcode : 'load'> <Ports = 0> <Width = 15> <Depth = 1296> <ROM>

State 13 <SV = 12> <Delay = 3.89>
ST_13 : Operation 106 [5/6] (3.89ns)   --->   "%lshr_ln532 = lshr i2304 %select_ln532_3, %zext_ln532_3" [firmware/nnet_utils/nnet_dense_resource.h:532->firmware/nnet_utils/nnet_dense_resource.h:656->firmware/nnet_utils/nnet_conv2d_stream.h:222->firmware/nnet_utils/nnet_conv2d_stream.h:267]   --->   Operation 106 'lshr' 'lshr_ln532' <Predicate = true> <Delay = 3.89> <Core = "ShiftnS">   --->   Core 29 'ShiftnS' <Latency = 5> <II = 1> <Delay = 3.89> <FuncUnit> <Opcode : 'shl' 'lshr' 'ashr'> <InPorts = 2> <OutPorts = 1>

State 14 <SV = 13> <Delay = 3.89>
ST_14 : Operation 107 [4/6] (3.89ns)   --->   "%lshr_ln532 = lshr i2304 %select_ln532_3, %zext_ln532_3" [firmware/nnet_utils/nnet_dense_resource.h:532->firmware/nnet_utils/nnet_dense_resource.h:656->firmware/nnet_utils/nnet_conv2d_stream.h:222->firmware/nnet_utils/nnet_conv2d_stream.h:267]   --->   Operation 107 'lshr' 'lshr_ln532' <Predicate = true> <Delay = 3.89> <Core = "ShiftnS">   --->   Core 29 'ShiftnS' <Latency = 5> <II = 1> <Delay = 3.89> <FuncUnit> <Opcode : 'shl' 'lshr' 'ashr'> <InPorts = 2> <OutPorts = 1>

State 15 <SV = 14> <Delay = 3.89>
ST_15 : Operation 108 [3/6] (3.89ns)   --->   "%lshr_ln532 = lshr i2304 %select_ln532_3, %zext_ln532_3" [firmware/nnet_utils/nnet_dense_resource.h:532->firmware/nnet_utils/nnet_dense_resource.h:656->firmware/nnet_utils/nnet_conv2d_stream.h:222->firmware/nnet_utils/nnet_conv2d_stream.h:267]   --->   Operation 108 'lshr' 'lshr_ln532' <Predicate = true> <Delay = 3.89> <Core = "ShiftnS">   --->   Core 29 'ShiftnS' <Latency = 5> <II = 1> <Delay = 3.89> <FuncUnit> <Opcode : 'shl' 'lshr' 'ashr'> <InPorts = 2> <OutPorts = 1>

State 16 <SV = 15> <Delay = 3.89>
ST_16 : Operation 109 [2/6] (3.89ns)   --->   "%lshr_ln532 = lshr i2304 %select_ln532_3, %zext_ln532_3" [firmware/nnet_utils/nnet_dense_resource.h:532->firmware/nnet_utils/nnet_dense_resource.h:656->firmware/nnet_utils/nnet_conv2d_stream.h:222->firmware/nnet_utils/nnet_conv2d_stream.h:267]   --->   Operation 109 'lshr' 'lshr_ln532' <Predicate = true> <Delay = 3.89> <Core = "ShiftnS">   --->   Core 29 'ShiftnS' <Latency = 5> <II = 1> <Delay = 3.89> <FuncUnit> <Opcode : 'shl' 'lshr' 'ashr'> <InPorts = 2> <OutPorts = 1>

State 17 <SV = 16> <Delay = 3.89>
ST_17 : Operation 110 [1/6] (3.89ns)   --->   "%lshr_ln532 = lshr i2304 %select_ln532_3, %zext_ln532_3" [firmware/nnet_utils/nnet_dense_resource.h:532->firmware/nnet_utils/nnet_dense_resource.h:656->firmware/nnet_utils/nnet_conv2d_stream.h:222->firmware/nnet_utils/nnet_conv2d_stream.h:267]   --->   Operation 110 'lshr' 'lshr_ln532' <Predicate = true> <Delay = 3.89> <Core = "ShiftnS">   --->   Core 29 'ShiftnS' <Latency = 5> <II = 1> <Delay = 3.89> <FuncUnit> <Opcode : 'shl' 'lshr' 'ashr'> <InPorts = 2> <OutPorts = 1>

State 18 <SV = 17> <Delay = 3.56>
ST_18 : Operation 111 [1/1] (0.00ns) (grouped into LUT with out node and_ln532)   --->   "%zext_ln532_4 = zext i12 %sub_ln532_6 to i2304" [firmware/nnet_utils/nnet_dense_resource.h:532->firmware/nnet_utils/nnet_dense_resource.h:656->firmware/nnet_utils/nnet_conv2d_stream.h:222->firmware/nnet_utils/nnet_conv2d_stream.h:267]   --->   Operation 111 'zext' 'zext_ln532_4' <Predicate = true> <Delay = 0.00>
ST_18 : Operation 112 [1/1] (0.00ns) (grouped into LUT with out node and_ln532)   --->   "%lshr_ln532_2 = lshr i2304 -1, %zext_ln532_4" [firmware/nnet_utils/nnet_dense_resource.h:532->firmware/nnet_utils/nnet_dense_resource.h:656->firmware/nnet_utils/nnet_conv2d_stream.h:222->firmware/nnet_utils/nnet_conv2d_stream.h:267]   --->   Operation 112 'lshr' 'lshr_ln532_2' <Predicate = true> <Delay = 0.00> <Core = "Shift">   --->   Core 28 'Shift' <Latency = 0> <II = 1> <Delay = 3.56> <FuncUnit> <Opcode : 'shl' 'lshr' 'ashr'> <InPorts = 2> <OutPorts = 1>
ST_18 : Operation 113 [1/1] (3.56ns) (out node of the LUT)   --->   "%and_ln532 = and i2304 %lshr_ln532, %lshr_ln532_2" [firmware/nnet_utils/nnet_dense_resource.h:532->firmware/nnet_utils/nnet_dense_resource.h:656->firmware/nnet_utils/nnet_conv2d_stream.h:222->firmware/nnet_utils/nnet_conv2d_stream.h:267]   --->   Operation 113 'and' 'and_ln532' <Predicate = true> <Delay = 3.56> <Core = "LogicGate">   --->   Core 27 'LogicGate' <Latency = 0> <II = 1> <Delay = 0.97> <FuncUnit> <Opcode : 'and' 'or' 'xor'> <InPorts = 2> <OutPorts = 1>
ST_18 : Operation 114 [1/1] (0.00ns)   --->   "%trunc_ln532 = trunc i2304 %and_ln532 to i32" [firmware/nnet_utils/nnet_dense_resource.h:532->firmware/nnet_utils/nnet_dense_resource.h:656->firmware/nnet_utils/nnet_conv2d_stream.h:222->firmware/nnet_utils/nnet_conv2d_stream.h:267]   --->   Operation 114 'trunc' 'trunc_ln532' <Predicate = true> <Delay = 0.00>

State 19 <SV = 18> <Delay = 3.95>
ST_19 : Operation 115 [6/6] (3.95ns)   --->   "%p_0 = call fastcc i31 @"product_dense<ap_fixed,ap_fixed,ap_fixed >"(i32 %trunc_ln532, i15 %w48_V_load)" [firmware/nnet_utils/nnet_dense_resource.h:532->firmware/nnet_utils/nnet_dense_resource.h:656->firmware/nnet_utils/nnet_conv2d_stream.h:222->firmware/nnet_utils/nnet_conv2d_stream.h:267]   --->   Operation 115 'call' 'p_0' <Predicate = true> <Delay = 3.95> <CoreType = "Generic">   --->   Core 0 '' <Latency = 0> <II = 1> <Delay = 1.00> <Generic> <Opcode : >

State 20 <SV = 19> <Delay = 3.95>
ST_20 : Operation 116 [5/6] (3.95ns)   --->   "%p_0 = call fastcc i31 @"product_dense<ap_fixed,ap_fixed,ap_fixed >"(i32 %trunc_ln532, i15 %w48_V_load)" [firmware/nnet_utils/nnet_dense_resource.h:532->firmware/nnet_utils/nnet_dense_resource.h:656->firmware/nnet_utils/nnet_conv2d_stream.h:222->firmware/nnet_utils/nnet_conv2d_stream.h:267]   --->   Operation 116 'call' 'p_0' <Predicate = true> <Delay = 3.95> <CoreType = "Generic">   --->   Core 0 '' <Latency = 0> <II = 1> <Delay = 1.00> <Generic> <Opcode : >

State 21 <SV = 20> <Delay = 3.95>
ST_21 : Operation 117 [4/6] (3.95ns)   --->   "%p_0 = call fastcc i31 @"product_dense<ap_fixed,ap_fixed,ap_fixed >"(i32 %trunc_ln532, i15 %w48_V_load)" [firmware/nnet_utils/nnet_dense_resource.h:532->firmware/nnet_utils/nnet_dense_resource.h:656->firmware/nnet_utils/nnet_conv2d_stream.h:222->firmware/nnet_utils/nnet_conv2d_stream.h:267]   --->   Operation 117 'call' 'p_0' <Predicate = true> <Delay = 3.95> <CoreType = "Generic">   --->   Core 0 '' <Latency = 0> <II = 1> <Delay = 1.00> <Generic> <Opcode : >

State 22 <SV = 21> <Delay = 3.95>
ST_22 : Operation 118 [3/6] (3.95ns)   --->   "%p_0 = call fastcc i31 @"product_dense<ap_fixed,ap_fixed,ap_fixed >"(i32 %trunc_ln532, i15 %w48_V_load)" [firmware/nnet_utils/nnet_dense_resource.h:532->firmware/nnet_utils/nnet_dense_resource.h:656->firmware/nnet_utils/nnet_conv2d_stream.h:222->firmware/nnet_utils/nnet_conv2d_stream.h:267]   --->   Operation 118 'call' 'p_0' <Predicate = true> <Delay = 3.95> <CoreType = "Generic">   --->   Core 0 '' <Latency = 0> <II = 1> <Delay = 1.00> <Generic> <Opcode : >

State 23 <SV = 22> <Delay = 3.95>
ST_23 : Operation 119 [2/6] (3.95ns)   --->   "%p_0 = call fastcc i31 @"product_dense<ap_fixed,ap_fixed,ap_fixed >"(i32 %trunc_ln532, i15 %w48_V_load)" [firmware/nnet_utils/nnet_dense_resource.h:532->firmware/nnet_utils/nnet_dense_resource.h:656->firmware/nnet_utils/nnet_conv2d_stream.h:222->firmware/nnet_utils/nnet_conv2d_stream.h:267]   --->   Operation 119 'call' 'p_0' <Predicate = true> <Delay = 3.95> <CoreType = "Generic">   --->   Core 0 '' <Latency = 0> <II = 1> <Delay = 1.00> <Generic> <Opcode : >

State 24 <SV = 23> <Delay = 3.95>
ST_24 : Operation 120 [1/6] (3.95ns)   --->   "%p_0 = call fastcc i31 @"product_dense<ap_fixed,ap_fixed,ap_fixed >"(i32 %trunc_ln532, i15 %w48_V_load)" [firmware/nnet_utils/nnet_dense_resource.h:532->firmware/nnet_utils/nnet_dense_resource.h:656->firmware/nnet_utils/nnet_conv2d_stream.h:222->firmware/nnet_utils/nnet_conv2d_stream.h:267]   --->   Operation 120 'call' 'p_0' <Predicate = true> <Delay = 3.95> <CoreType = "Generic">   --->   Core 0 '' <Latency = 0> <II = 1> <Delay = 1.00> <Generic> <Opcode : >

State 25 <SV = 24> <Delay = 7.16>
ST_25 : Operation 121 [1/1] (0.00ns)   --->   "%tmp_V_15640 = phi i32 [ 0, %"nnet::dense_large<ap_fixed<32, 16, (ap_q_mode)5, (ap_o_mode)3, 0>, ap_fixed<32, 16, (ap_q_mode)5, (ap_o_mode)3, 0>, config48_mult>.region_begin" ], [ %tmp_V_127, %ReuseLoop_end ]"   --->   Operation 121 'phi' 'tmp_V_15640' <Predicate = true> <Delay = 0.00>
ST_25 : Operation 122 [1/1] (0.00ns)   --->   "%tmp_V_15738 = phi i32 [ 0, %"nnet::dense_large<ap_fixed<32, 16, (ap_q_mode)5, (ap_o_mode)3, 0>, ap_fixed<32, 16, (ap_q_mode)5, (ap_o_mode)3, 0>, config48_mult>.region_begin" ], [ %tmp_V_128, %ReuseLoop_end ]"   --->   Operation 122 'phi' 'tmp_V_15738' <Predicate = true> <Delay = 0.00>
ST_25 : Operation 123 [1/1] (0.00ns)   --->   "%tmp_V_15836 = phi i32 [ 0, %"nnet::dense_large<ap_fixed<32, 16, (ap_q_mode)5, (ap_o_mode)3, 0>, ap_fixed<32, 16, (ap_q_mode)5, (ap_o_mode)3, 0>, config48_mult>.region_begin" ], [ %tmp_V_129, %ReuseLoop_end ]"   --->   Operation 123 'phi' 'tmp_V_15836' <Predicate = true> <Delay = 0.00>
ST_25 : Operation 124 [1/1] (0.00ns)   --->   "%tmp_V_15934 = phi i32 [ 0, %"nnet::dense_large<ap_fixed<32, 16, (ap_q_mode)5, (ap_o_mode)3, 0>, ap_fixed<32, 16, (ap_q_mode)5, (ap_o_mode)3, 0>, config48_mult>.region_begin" ], [ %tmp_V_130, %ReuseLoop_end ]"   --->   Operation 124 'phi' 'tmp_V_15934' <Predicate = true> <Delay = 0.00>
ST_25 : Operation 125 [1/1] (0.00ns)   --->   "%tmp_V_16032 = phi i32 [ 0, %"nnet::dense_large<ap_fixed<32, 16, (ap_q_mode)5, (ap_o_mode)3, 0>, ap_fixed<32, 16, (ap_q_mode)5, (ap_o_mode)3, 0>, config48_mult>.region_begin" ], [ %tmp_V_131, %ReuseLoop_end ]"   --->   Operation 125 'phi' 'tmp_V_16032' <Predicate = true> <Delay = 0.00>
ST_25 : Operation 126 [1/1] (0.00ns)   --->   "%tmp_V_16130 = phi i32 [ 0, %"nnet::dense_large<ap_fixed<32, 16, (ap_q_mode)5, (ap_o_mode)3, 0>, ap_fixed<32, 16, (ap_q_mode)5, (ap_o_mode)3, 0>, config48_mult>.region_begin" ], [ %tmp_V_132, %ReuseLoop_end ]"   --->   Operation 126 'phi' 'tmp_V_16130' <Predicate = true> <Delay = 0.00>
ST_25 : Operation 127 [1/1] (0.00ns)   --->   "%tmp_V_16228 = phi i32 [ 0, %"nnet::dense_large<ap_fixed<32, 16, (ap_q_mode)5, (ap_o_mode)3, 0>, ap_fixed<32, 16, (ap_q_mode)5, (ap_o_mode)3, 0>, config48_mult>.region_begin" ], [ %tmp_V_133, %ReuseLoop_end ]"   --->   Operation 127 'phi' 'tmp_V_16228' <Predicate = true> <Delay = 0.00>
ST_25 : Operation 128 [1/1] (0.00ns)   --->   "%tmp_V_16326 = phi i32 [ 0, %"nnet::dense_large<ap_fixed<32, 16, (ap_q_mode)5, (ap_o_mode)3, 0>, ap_fixed<32, 16, (ap_q_mode)5, (ap_o_mode)3, 0>, config48_mult>.region_begin" ], [ %tmp_V_134, %ReuseLoop_end ]"   --->   Operation 128 'phi' 'tmp_V_16326' <Predicate = true> <Delay = 0.00>
ST_25 : Operation 129 [1/1] (0.00ns)   --->   "%tmp_V_16424 = phi i32 [ 0, %"nnet::dense_large<ap_fixed<32, 16, (ap_q_mode)5, (ap_o_mode)3, 0>, ap_fixed<32, 16, (ap_q_mode)5, (ap_o_mode)3, 0>, config48_mult>.region_begin" ], [ %tmp_V_135, %ReuseLoop_end ]"   --->   Operation 129 'phi' 'tmp_V_16424' <Predicate = true> <Delay = 0.00>
ST_25 : Operation 130 [1/1] (0.00ns)   --->   "%tmp_V_16522 = phi i32 [ 0, %"nnet::dense_large<ap_fixed<32, 16, (ap_q_mode)5, (ap_o_mode)3, 0>, ap_fixed<32, 16, (ap_q_mode)5, (ap_o_mode)3, 0>, config48_mult>.region_begin" ], [ %tmp_V_136, %ReuseLoop_end ]"   --->   Operation 130 'phi' 'tmp_V_16522' <Predicate = true> <Delay = 0.00>
ST_25 : Operation 131 [1/1] (0.00ns)   --->   "%tmp_V_16620 = phi i32 [ 0, %"nnet::dense_large<ap_fixed<32, 16, (ap_q_mode)5, (ap_o_mode)3, 0>, ap_fixed<32, 16, (ap_q_mode)5, (ap_o_mode)3, 0>, config48_mult>.region_begin" ], [ %tmp_V_137, %ReuseLoop_end ]"   --->   Operation 131 'phi' 'tmp_V_16620' <Predicate = true> <Delay = 0.00>
ST_25 : Operation 132 [1/1] (0.00ns)   --->   "%tmp_V_16718 = phi i32 [ 0, %"nnet::dense_large<ap_fixed<32, 16, (ap_q_mode)5, (ap_o_mode)3, 0>, ap_fixed<32, 16, (ap_q_mode)5, (ap_o_mode)3, 0>, config48_mult>.region_begin" ], [ %tmp_V_138, %ReuseLoop_end ]"   --->   Operation 132 'phi' 'tmp_V_16718' <Predicate = true> <Delay = 0.00>
ST_25 : Operation 133 [1/1] (0.00ns)   --->   "%tmp_V_16816 = phi i32 [ 0, %"nnet::dense_large<ap_fixed<32, 16, (ap_q_mode)5, (ap_o_mode)3, 0>, ap_fixed<32, 16, (ap_q_mode)5, (ap_o_mode)3, 0>, config48_mult>.region_begin" ], [ %tmp_V_139, %ReuseLoop_end ]"   --->   Operation 133 'phi' 'tmp_V_16816' <Predicate = true> <Delay = 0.00>
ST_25 : Operation 134 [1/1] (0.00ns)   --->   "%tmp_V_16914 = phi i32 [ 0, %"nnet::dense_large<ap_fixed<32, 16, (ap_q_mode)5, (ap_o_mode)3, 0>, ap_fixed<32, 16, (ap_q_mode)5, (ap_o_mode)3, 0>, config48_mult>.region_begin" ], [ %tmp_V_140, %ReuseLoop_end ]"   --->   Operation 134 'phi' 'tmp_V_16914' <Predicate = true> <Delay = 0.00>
ST_25 : Operation 135 [1/1] (0.00ns)   --->   "%tmp_V_17012 = phi i32 [ 0, %"nnet::dense_large<ap_fixed<32, 16, (ap_q_mode)5, (ap_o_mode)3, 0>, ap_fixed<32, 16, (ap_q_mode)5, (ap_o_mode)3, 0>, config48_mult>.region_begin" ], [ %tmp_V_141, %ReuseLoop_end ]"   --->   Operation 135 'phi' 'tmp_V_17012' <Predicate = true> <Delay = 0.00>
ST_25 : Operation 136 [1/1] (0.00ns)   --->   "%tmp_V_17110 = phi i32 [ 0, %"nnet::dense_large<ap_fixed<32, 16, (ap_q_mode)5, (ap_o_mode)3, 0>, ap_fixed<32, 16, (ap_q_mode)5, (ap_o_mode)3, 0>, config48_mult>.region_begin" ], [ %tmp_V_142, %ReuseLoop_end ]"   --->   Operation 136 'phi' 'tmp_V_17110' <Predicate = true> <Delay = 0.00>
ST_25 : Operation 137 [1/1] (0.00ns)   --->   "%tmp_V_1728 = phi i32 [ 0, %"nnet::dense_large<ap_fixed<32, 16, (ap_q_mode)5, (ap_o_mode)3, 0>, ap_fixed<32, 16, (ap_q_mode)5, (ap_o_mode)3, 0>, config48_mult>.region_begin" ], [ %tmp_V_143, %ReuseLoop_end ]"   --->   Operation 137 'phi' 'tmp_V_1728' <Predicate = true> <Delay = 0.00>
ST_25 : Operation 138 [1/1] (0.00ns)   --->   "%tmp_V_1736 = phi i32 [ 0, %"nnet::dense_large<ap_fixed<32, 16, (ap_q_mode)5, (ap_o_mode)3, 0>, ap_fixed<32, 16, (ap_q_mode)5, (ap_o_mode)3, 0>, config48_mult>.region_begin" ], [ %tmp_V_144, %ReuseLoop_end ]"   --->   Operation 138 'phi' 'tmp_V_1736' <Predicate = true> <Delay = 0.00>
ST_25 : Operation 139 [1/1] (0.00ns)   --->   "%phi_mul = phi i23 [ 0, %"nnet::dense_large<ap_fixed<32, 16, (ap_q_mode)5, (ap_o_mode)3, 0>, ap_fixed<32, 16, (ap_q_mode)5, (ap_o_mode)3, 0>, config48_mult>.region_begin" ], [ %add_ln521, %ReuseLoop_end ]" [firmware/nnet_utils/nnet_dense_resource.h:521->firmware/nnet_utils/nnet_dense_resource.h:656->firmware/nnet_utils/nnet_conv2d_stream.h:222->firmware/nnet_utils/nnet_conv2d_stream.h:267]   --->   Operation 139 'phi' 'phi_mul' <Predicate = true> <Delay = 0.00>
ST_25 : Operation 140 [1/1] (0.00ns)   --->   "call void (...)* @_ssdm_op_SpecLoopName([10 x i8]* @p_str121) nounwind" [firmware/nnet_utils/nnet_dense_resource.h:514->firmware/nnet_utils/nnet_dense_resource.h:656->firmware/nnet_utils/nnet_conv2d_stream.h:222->firmware/nnet_utils/nnet_conv2d_stream.h:267]   --->   Operation 140 'specloopname' <Predicate = true> <Delay = 0.00>
ST_25 : Operation 141 [1/1] (0.00ns)   --->   "%tmp = call i32 (...)* @_ssdm_op_SpecRegionBegin([10 x i8]* @p_str121)" [firmware/nnet_utils/nnet_dense_resource.h:514->firmware/nnet_utils/nnet_dense_resource.h:656->firmware/nnet_utils/nnet_conv2d_stream.h:222->firmware/nnet_utils/nnet_conv2d_stream.h:267]   --->   Operation 141 'specregionbegin' 'tmp' <Predicate = true> <Delay = 0.00>
ST_25 : Operation 142 [1/1] (0.00ns)   --->   "call void (...)* @_ssdm_op_SpecPipeline(i32 1, i32 1, i32 1, i32 0, [1 x i8]* @p_str35) nounwind" [firmware/nnet_utils/nnet_dense_resource.h:515->firmware/nnet_utils/nnet_dense_resource.h:656->firmware/nnet_utils/nnet_conv2d_stream.h:222->firmware/nnet_utils/nnet_conv2d_stream.h:267]   --->   Operation 142 'specpipeline' <Predicate = true> <Delay = 0.00>
ST_25 : Operation 143 [1/1] (2.28ns)   --->   "%add_ln521 = add i23 3641, %phi_mul" [firmware/nnet_utils/nnet_dense_resource.h:521->firmware/nnet_utils/nnet_dense_resource.h:656->firmware/nnet_utils/nnet_conv2d_stream.h:222->firmware/nnet_utils/nnet_conv2d_stream.h:267]   --->   Operation 143 'add' 'add_ln521' <Predicate = true> <Delay = 2.28> <Core = "AddSub">   --->   Core 14 'AddSub' <Latency = 0> <II = 1> <Delay = 2.55> <FuncUnit> <Opcode : 'add' 'sub'> <InPorts = 2> <OutPorts = 1>
ST_25 : Operation 144 [1/1] (0.00ns)   --->   "%trunc_ln = call i5 @_ssdm_op_PartSelect.i5.i23.i32.i32(i23 %phi_mul, i32 18, i32 22)" [firmware/nnet_utils/nnet_dense_resource.h:532->firmware/nnet_utils/nnet_dense_resource.h:656->firmware/nnet_utils/nnet_conv2d_stream.h:222->firmware/nnet_utils/nnet_conv2d_stream.h:267]   --->   Operation 144 'partselect' 'trunc_ln' <Predicate = true> <Delay = 0.00>
ST_25 : Operation 145 [1/1] (2.84ns)   --->   "%tmp_2 = call i32 @_ssdm_op_Mux.ap_auto.18i32.i5(i32 %tmp_V_15640, i32 %tmp_V_15738, i32 %tmp_V_15836, i32 %tmp_V_15934, i32 %tmp_V_16032, i32 %tmp_V_16130, i32 %tmp_V_16228, i32 %tmp_V_16326, i32 %tmp_V_16424, i32 %tmp_V_16522, i32 %tmp_V_16620, i32 %tmp_V_16718, i32 %tmp_V_16816, i32 %tmp_V_16914, i32 %tmp_V_17012, i32 %tmp_V_17110, i32 %tmp_V_1728, i32 %tmp_V_1736, i5 %trunc_ln)" [firmware/nnet_utils/nnet_dense_resource.h:532->firmware/nnet_utils/nnet_dense_resource.h:656->firmware/nnet_utils/nnet_conv2d_stream.h:222->firmware/nnet_utils/nnet_conv2d_stream.h:267]   --->   Operation 145 'mux' 'tmp_2' <Predicate = true> <Delay = 2.84> <Core = "MuxnS">   --->   Core 31 'MuxnS' <Latency = 0> <II = 1> <Delay = 2.84> <FuncUnit> <Opcode : 'mux'> <InPorts = 2> <OutPorts = 1>
ST_25 : Operation 146 [1/1] (0.00ns)   --->   "%sext_ln703 = sext i31 %p_0 to i32" [firmware/nnet_utils/nnet_dense_resource.h:532->firmware/nnet_utils/nnet_dense_resource.h:656->firmware/nnet_utils/nnet_conv2d_stream.h:222->firmware/nnet_utils/nnet_conv2d_stream.h:267]   --->   Operation 146 'sext' 'sext_ln703' <Predicate = true> <Delay = 0.00>
ST_25 : Operation 147 [1/1] (2.55ns)   --->   "%acc_0_V = add i32 %sext_ln703, %tmp_2" [firmware/nnet_utils/nnet_dense_resource.h:532->firmware/nnet_utils/nnet_dense_resource.h:656->firmware/nnet_utils/nnet_conv2d_stream.h:222->firmware/nnet_utils/nnet_conv2d_stream.h:267]   --->   Operation 147 'add' 'acc_0_V' <Predicate = true> <Delay = 2.55> <Core = "AddSub">   --->   Core 14 'AddSub' <Latency = 0> <II = 1> <Delay = 2.55> <FuncUnit> <Opcode : 'add' 'sub'> <InPorts = 2> <OutPorts = 1>
ST_25 : Operation 148 [1/1] (1.76ns)   --->   "switch i5 %trunc_ln, label %branch17 [
    i5 0, label %ReuseLoop_end
    i5 1, label %branch1
    i5 2, label %branch2
    i5 3, label %branch3
    i5 4, label %branch4
    i5 5, label %branch5
    i5 6, label %branch6
    i5 7, label %branch7
    i5 8, label %branch8
    i5 9, label %branch9
    i5 10, label %branch10
    i5 11, label %branch11
    i5 12, label %branch12
    i5 13, label %branch13
    i5 14, label %branch14
    i5 15, label %branch15
    i5 -16, label %branch16
  ]" [firmware/nnet_utils/nnet_dense_resource.h:532->firmware/nnet_utils/nnet_dense_resource.h:656->firmware/nnet_utils/nnet_conv2d_stream.h:222->firmware/nnet_utils/nnet_conv2d_stream.h:267]   --->   Operation 148 'switch' <Predicate = true> <Delay = 1.76>
ST_25 : Operation 149 [1/1] (1.76ns)   --->   "br label %ReuseLoop_end" [firmware/nnet_utils/nnet_dense_resource.h:532->firmware/nnet_utils/nnet_dense_resource.h:656->firmware/nnet_utils/nnet_conv2d_stream.h:222->firmware/nnet_utils/nnet_conv2d_stream.h:267]   --->   Operation 149 'br' <Predicate = (trunc_ln == 16)> <Delay = 1.76>
ST_25 : Operation 150 [1/1] (1.76ns)   --->   "br label %ReuseLoop_end" [firmware/nnet_utils/nnet_dense_resource.h:532->firmware/nnet_utils/nnet_dense_resource.h:656->firmware/nnet_utils/nnet_conv2d_stream.h:222->firmware/nnet_utils/nnet_conv2d_stream.h:267]   --->   Operation 150 'br' <Predicate = (trunc_ln == 15)> <Delay = 1.76>
ST_25 : Operation 151 [1/1] (1.76ns)   --->   "br label %ReuseLoop_end" [firmware/nnet_utils/nnet_dense_resource.h:532->firmware/nnet_utils/nnet_dense_resource.h:656->firmware/nnet_utils/nnet_conv2d_stream.h:222->firmware/nnet_utils/nnet_conv2d_stream.h:267]   --->   Operation 151 'br' <Predicate = (trunc_ln == 14)> <Delay = 1.76>
ST_25 : Operation 152 [1/1] (1.76ns)   --->   "br label %ReuseLoop_end" [firmware/nnet_utils/nnet_dense_resource.h:532->firmware/nnet_utils/nnet_dense_resource.h:656->firmware/nnet_utils/nnet_conv2d_stream.h:222->firmware/nnet_utils/nnet_conv2d_stream.h:267]   --->   Operation 152 'br' <Predicate = (trunc_ln == 13)> <Delay = 1.76>
ST_25 : Operation 153 [1/1] (1.76ns)   --->   "br label %ReuseLoop_end" [firmware/nnet_utils/nnet_dense_resource.h:532->firmware/nnet_utils/nnet_dense_resource.h:656->firmware/nnet_utils/nnet_conv2d_stream.h:222->firmware/nnet_utils/nnet_conv2d_stream.h:267]   --->   Operation 153 'br' <Predicate = (trunc_ln == 12)> <Delay = 1.76>
ST_25 : Operation 154 [1/1] (1.76ns)   --->   "br label %ReuseLoop_end" [firmware/nnet_utils/nnet_dense_resource.h:532->firmware/nnet_utils/nnet_dense_resource.h:656->firmware/nnet_utils/nnet_conv2d_stream.h:222->firmware/nnet_utils/nnet_conv2d_stream.h:267]   --->   Operation 154 'br' <Predicate = (trunc_ln == 11)> <Delay = 1.76>
ST_25 : Operation 155 [1/1] (1.76ns)   --->   "br label %ReuseLoop_end" [firmware/nnet_utils/nnet_dense_resource.h:532->firmware/nnet_utils/nnet_dense_resource.h:656->firmware/nnet_utils/nnet_conv2d_stream.h:222->firmware/nnet_utils/nnet_conv2d_stream.h:267]   --->   Operation 155 'br' <Predicate = (trunc_ln == 10)> <Delay = 1.76>
ST_25 : Operation 156 [1/1] (1.76ns)   --->   "br label %ReuseLoop_end" [firmware/nnet_utils/nnet_dense_resource.h:532->firmware/nnet_utils/nnet_dense_resource.h:656->firmware/nnet_utils/nnet_conv2d_stream.h:222->firmware/nnet_utils/nnet_conv2d_stream.h:267]   --->   Operation 156 'br' <Predicate = (trunc_ln == 9)> <Delay = 1.76>
ST_25 : Operation 157 [1/1] (1.76ns)   --->   "br label %ReuseLoop_end" [firmware/nnet_utils/nnet_dense_resource.h:532->firmware/nnet_utils/nnet_dense_resource.h:656->firmware/nnet_utils/nnet_conv2d_stream.h:222->firmware/nnet_utils/nnet_conv2d_stream.h:267]   --->   Operation 157 'br' <Predicate = (trunc_ln == 8)> <Delay = 1.76>
ST_25 : Operation 158 [1/1] (1.76ns)   --->   "br label %ReuseLoop_end" [firmware/nnet_utils/nnet_dense_resource.h:532->firmware/nnet_utils/nnet_dense_resource.h:656->firmware/nnet_utils/nnet_conv2d_stream.h:222->firmware/nnet_utils/nnet_conv2d_stream.h:267]   --->   Operation 158 'br' <Predicate = (trunc_ln == 7)> <Delay = 1.76>
ST_25 : Operation 159 [1/1] (1.76ns)   --->   "br label %ReuseLoop_end" [firmware/nnet_utils/nnet_dense_resource.h:532->firmware/nnet_utils/nnet_dense_resource.h:656->firmware/nnet_utils/nnet_conv2d_stream.h:222->firmware/nnet_utils/nnet_conv2d_stream.h:267]   --->   Operation 159 'br' <Predicate = (trunc_ln == 6)> <Delay = 1.76>
ST_25 : Operation 160 [1/1] (1.76ns)   --->   "br label %ReuseLoop_end" [firmware/nnet_utils/nnet_dense_resource.h:532->firmware/nnet_utils/nnet_dense_resource.h:656->firmware/nnet_utils/nnet_conv2d_stream.h:222->firmware/nnet_utils/nnet_conv2d_stream.h:267]   --->   Operation 160 'br' <Predicate = (trunc_ln == 5)> <Delay = 1.76>
ST_25 : Operation 161 [1/1] (1.76ns)   --->   "br label %ReuseLoop_end" [firmware/nnet_utils/nnet_dense_resource.h:532->firmware/nnet_utils/nnet_dense_resource.h:656->firmware/nnet_utils/nnet_conv2d_stream.h:222->firmware/nnet_utils/nnet_conv2d_stream.h:267]   --->   Operation 161 'br' <Predicate = (trunc_ln == 4)> <Delay = 1.76>
ST_25 : Operation 162 [1/1] (1.76ns)   --->   "br label %ReuseLoop_end" [firmware/nnet_utils/nnet_dense_resource.h:532->firmware/nnet_utils/nnet_dense_resource.h:656->firmware/nnet_utils/nnet_conv2d_stream.h:222->firmware/nnet_utils/nnet_conv2d_stream.h:267]   --->   Operation 162 'br' <Predicate = (trunc_ln == 3)> <Delay = 1.76>
ST_25 : Operation 163 [1/1] (1.76ns)   --->   "br label %ReuseLoop_end" [firmware/nnet_utils/nnet_dense_resource.h:532->firmware/nnet_utils/nnet_dense_resource.h:656->firmware/nnet_utils/nnet_conv2d_stream.h:222->firmware/nnet_utils/nnet_conv2d_stream.h:267]   --->   Operation 163 'br' <Predicate = (trunc_ln == 2)> <Delay = 1.76>
ST_25 : Operation 164 [1/1] (1.76ns)   --->   "br label %ReuseLoop_end" [firmware/nnet_utils/nnet_dense_resource.h:532->firmware/nnet_utils/nnet_dense_resource.h:656->firmware/nnet_utils/nnet_conv2d_stream.h:222->firmware/nnet_utils/nnet_conv2d_stream.h:267]   --->   Operation 164 'br' <Predicate = (trunc_ln == 1)> <Delay = 1.76>
ST_25 : Operation 165 [1/1] (1.76ns)   --->   "br label %ReuseLoop_end" [firmware/nnet_utils/nnet_dense_resource.h:532->firmware/nnet_utils/nnet_dense_resource.h:656->firmware/nnet_utils/nnet_conv2d_stream.h:222->firmware/nnet_utils/nnet_conv2d_stream.h:267]   --->   Operation 165 'br' <Predicate = (trunc_ln == 31) | (trunc_ln == 30) | (trunc_ln == 29) | (trunc_ln == 28) | (trunc_ln == 27) | (trunc_ln == 26) | (trunc_ln == 25) | (trunc_ln == 24) | (trunc_ln == 23) | (trunc_ln == 22) | (trunc_ln == 21) | (trunc_ln == 20) | (trunc_ln == 19) | (trunc_ln == 18) | (trunc_ln == 17)> <Delay = 1.76>
ST_25 : Operation 166 [1/1] (0.00ns)   --->   "%tmp_V_144 = phi i32 [ %acc_0_V, %branch17 ], [ %tmp_V_1736, %branch16 ], [ %tmp_V_1736, %branch15 ], [ %tmp_V_1736, %branch14 ], [ %tmp_V_1736, %branch13 ], [ %tmp_V_1736, %branch12 ], [ %tmp_V_1736, %branch11 ], [ %tmp_V_1736, %branch10 ], [ %tmp_V_1736, %branch9 ], [ %tmp_V_1736, %branch8 ], [ %tmp_V_1736, %branch7 ], [ %tmp_V_1736, %branch6 ], [ %tmp_V_1736, %branch5 ], [ %tmp_V_1736, %branch4 ], [ %tmp_V_1736, %branch3 ], [ %tmp_V_1736, %branch2 ], [ %tmp_V_1736, %branch1 ], [ %tmp_V_1736, %ReuseLoop_begin ]"   --->   Operation 166 'phi' 'tmp_V_144' <Predicate = true> <Delay = 0.00>
ST_25 : Operation 167 [1/1] (0.00ns)   --->   "%tmp_V_143 = phi i32 [ %tmp_V_1728, %branch17 ], [ %acc_0_V, %branch16 ], [ %tmp_V_1728, %branch15 ], [ %tmp_V_1728, %branch14 ], [ %tmp_V_1728, %branch13 ], [ %tmp_V_1728, %branch12 ], [ %tmp_V_1728, %branch11 ], [ %tmp_V_1728, %branch10 ], [ %tmp_V_1728, %branch9 ], [ %tmp_V_1728, %branch8 ], [ %tmp_V_1728, %branch7 ], [ %tmp_V_1728, %branch6 ], [ %tmp_V_1728, %branch5 ], [ %tmp_V_1728, %branch4 ], [ %tmp_V_1728, %branch3 ], [ %tmp_V_1728, %branch2 ], [ %tmp_V_1728, %branch1 ], [ %tmp_V_1728, %ReuseLoop_begin ]"   --->   Operation 167 'phi' 'tmp_V_143' <Predicate = true> <Delay = 0.00>
ST_25 : Operation 168 [1/1] (0.00ns)   --->   "%tmp_V_142 = phi i32 [ %tmp_V_17110, %branch17 ], [ %tmp_V_17110, %branch16 ], [ %acc_0_V, %branch15 ], [ %tmp_V_17110, %branch14 ], [ %tmp_V_17110, %branch13 ], [ %tmp_V_17110, %branch12 ], [ %tmp_V_17110, %branch11 ], [ %tmp_V_17110, %branch10 ], [ %tmp_V_17110, %branch9 ], [ %tmp_V_17110, %branch8 ], [ %tmp_V_17110, %branch7 ], [ %tmp_V_17110, %branch6 ], [ %tmp_V_17110, %branch5 ], [ %tmp_V_17110, %branch4 ], [ %tmp_V_17110, %branch3 ], [ %tmp_V_17110, %branch2 ], [ %tmp_V_17110, %branch1 ], [ %tmp_V_17110, %ReuseLoop_begin ]"   --->   Operation 168 'phi' 'tmp_V_142' <Predicate = true> <Delay = 0.00>
ST_25 : Operation 169 [1/1] (0.00ns)   --->   "%tmp_V_141 = phi i32 [ %tmp_V_17012, %branch17 ], [ %tmp_V_17012, %branch16 ], [ %tmp_V_17012, %branch15 ], [ %acc_0_V, %branch14 ], [ %tmp_V_17012, %branch13 ], [ %tmp_V_17012, %branch12 ], [ %tmp_V_17012, %branch11 ], [ %tmp_V_17012, %branch10 ], [ %tmp_V_17012, %branch9 ], [ %tmp_V_17012, %branch8 ], [ %tmp_V_17012, %branch7 ], [ %tmp_V_17012, %branch6 ], [ %tmp_V_17012, %branch5 ], [ %tmp_V_17012, %branch4 ], [ %tmp_V_17012, %branch3 ], [ %tmp_V_17012, %branch2 ], [ %tmp_V_17012, %branch1 ], [ %tmp_V_17012, %ReuseLoop_begin ]"   --->   Operation 169 'phi' 'tmp_V_141' <Predicate = true> <Delay = 0.00>
ST_25 : Operation 170 [1/1] (0.00ns)   --->   "%tmp_V_140 = phi i32 [ %tmp_V_16914, %branch17 ], [ %tmp_V_16914, %branch16 ], [ %tmp_V_16914, %branch15 ], [ %tmp_V_16914, %branch14 ], [ %acc_0_V, %branch13 ], [ %tmp_V_16914, %branch12 ], [ %tmp_V_16914, %branch11 ], [ %tmp_V_16914, %branch10 ], [ %tmp_V_16914, %branch9 ], [ %tmp_V_16914, %branch8 ], [ %tmp_V_16914, %branch7 ], [ %tmp_V_16914, %branch6 ], [ %tmp_V_16914, %branch5 ], [ %tmp_V_16914, %branch4 ], [ %tmp_V_16914, %branch3 ], [ %tmp_V_16914, %branch2 ], [ %tmp_V_16914, %branch1 ], [ %tmp_V_16914, %ReuseLoop_begin ]"   --->   Operation 170 'phi' 'tmp_V_140' <Predicate = true> <Delay = 0.00>
ST_25 : Operation 171 [1/1] (0.00ns)   --->   "%tmp_V_139 = phi i32 [ %tmp_V_16816, %branch17 ], [ %tmp_V_16816, %branch16 ], [ %tmp_V_16816, %branch15 ], [ %tmp_V_16816, %branch14 ], [ %tmp_V_16816, %branch13 ], [ %acc_0_V, %branch12 ], [ %tmp_V_16816, %branch11 ], [ %tmp_V_16816, %branch10 ], [ %tmp_V_16816, %branch9 ], [ %tmp_V_16816, %branch8 ], [ %tmp_V_16816, %branch7 ], [ %tmp_V_16816, %branch6 ], [ %tmp_V_16816, %branch5 ], [ %tmp_V_16816, %branch4 ], [ %tmp_V_16816, %branch3 ], [ %tmp_V_16816, %branch2 ], [ %tmp_V_16816, %branch1 ], [ %tmp_V_16816, %ReuseLoop_begin ]"   --->   Operation 171 'phi' 'tmp_V_139' <Predicate = true> <Delay = 0.00>
ST_25 : Operation 172 [1/1] (0.00ns)   --->   "%tmp_V_138 = phi i32 [ %tmp_V_16718, %branch17 ], [ %tmp_V_16718, %branch16 ], [ %tmp_V_16718, %branch15 ], [ %tmp_V_16718, %branch14 ], [ %tmp_V_16718, %branch13 ], [ %tmp_V_16718, %branch12 ], [ %acc_0_V, %branch11 ], [ %tmp_V_16718, %branch10 ], [ %tmp_V_16718, %branch9 ], [ %tmp_V_16718, %branch8 ], [ %tmp_V_16718, %branch7 ], [ %tmp_V_16718, %branch6 ], [ %tmp_V_16718, %branch5 ], [ %tmp_V_16718, %branch4 ], [ %tmp_V_16718, %branch3 ], [ %tmp_V_16718, %branch2 ], [ %tmp_V_16718, %branch1 ], [ %tmp_V_16718, %ReuseLoop_begin ]"   --->   Operation 172 'phi' 'tmp_V_138' <Predicate = true> <Delay = 0.00>
ST_25 : Operation 173 [1/1] (0.00ns)   --->   "%tmp_V_137 = phi i32 [ %tmp_V_16620, %branch17 ], [ %tmp_V_16620, %branch16 ], [ %tmp_V_16620, %branch15 ], [ %tmp_V_16620, %branch14 ], [ %tmp_V_16620, %branch13 ], [ %tmp_V_16620, %branch12 ], [ %tmp_V_16620, %branch11 ], [ %acc_0_V, %branch10 ], [ %tmp_V_16620, %branch9 ], [ %tmp_V_16620, %branch8 ], [ %tmp_V_16620, %branch7 ], [ %tmp_V_16620, %branch6 ], [ %tmp_V_16620, %branch5 ], [ %tmp_V_16620, %branch4 ], [ %tmp_V_16620, %branch3 ], [ %tmp_V_16620, %branch2 ], [ %tmp_V_16620, %branch1 ], [ %tmp_V_16620, %ReuseLoop_begin ]"   --->   Operation 173 'phi' 'tmp_V_137' <Predicate = true> <Delay = 0.00>
ST_25 : Operation 174 [1/1] (0.00ns)   --->   "%tmp_V_136 = phi i32 [ %tmp_V_16522, %branch17 ], [ %tmp_V_16522, %branch16 ], [ %tmp_V_16522, %branch15 ], [ %tmp_V_16522, %branch14 ], [ %tmp_V_16522, %branch13 ], [ %tmp_V_16522, %branch12 ], [ %tmp_V_16522, %branch11 ], [ %tmp_V_16522, %branch10 ], [ %acc_0_V, %branch9 ], [ %tmp_V_16522, %branch8 ], [ %tmp_V_16522, %branch7 ], [ %tmp_V_16522, %branch6 ], [ %tmp_V_16522, %branch5 ], [ %tmp_V_16522, %branch4 ], [ %tmp_V_16522, %branch3 ], [ %tmp_V_16522, %branch2 ], [ %tmp_V_16522, %branch1 ], [ %tmp_V_16522, %ReuseLoop_begin ]"   --->   Operation 174 'phi' 'tmp_V_136' <Predicate = true> <Delay = 0.00>
ST_25 : Operation 175 [1/1] (0.00ns)   --->   "%tmp_V_135 = phi i32 [ %tmp_V_16424, %branch17 ], [ %tmp_V_16424, %branch16 ], [ %tmp_V_16424, %branch15 ], [ %tmp_V_16424, %branch14 ], [ %tmp_V_16424, %branch13 ], [ %tmp_V_16424, %branch12 ], [ %tmp_V_16424, %branch11 ], [ %tmp_V_16424, %branch10 ], [ %tmp_V_16424, %branch9 ], [ %acc_0_V, %branch8 ], [ %tmp_V_16424, %branch7 ], [ %tmp_V_16424, %branch6 ], [ %tmp_V_16424, %branch5 ], [ %tmp_V_16424, %branch4 ], [ %tmp_V_16424, %branch3 ], [ %tmp_V_16424, %branch2 ], [ %tmp_V_16424, %branch1 ], [ %tmp_V_16424, %ReuseLoop_begin ]"   --->   Operation 175 'phi' 'tmp_V_135' <Predicate = true> <Delay = 0.00>
ST_25 : Operation 176 [1/1] (0.00ns)   --->   "%tmp_V_134 = phi i32 [ %tmp_V_16326, %branch17 ], [ %tmp_V_16326, %branch16 ], [ %tmp_V_16326, %branch15 ], [ %tmp_V_16326, %branch14 ], [ %tmp_V_16326, %branch13 ], [ %tmp_V_16326, %branch12 ], [ %tmp_V_16326, %branch11 ], [ %tmp_V_16326, %branch10 ], [ %tmp_V_16326, %branch9 ], [ %tmp_V_16326, %branch8 ], [ %acc_0_V, %branch7 ], [ %tmp_V_16326, %branch6 ], [ %tmp_V_16326, %branch5 ], [ %tmp_V_16326, %branch4 ], [ %tmp_V_16326, %branch3 ], [ %tmp_V_16326, %branch2 ], [ %tmp_V_16326, %branch1 ], [ %tmp_V_16326, %ReuseLoop_begin ]"   --->   Operation 176 'phi' 'tmp_V_134' <Predicate = true> <Delay = 0.00>
ST_25 : Operation 177 [1/1] (0.00ns)   --->   "%tmp_V_133 = phi i32 [ %tmp_V_16228, %branch17 ], [ %tmp_V_16228, %branch16 ], [ %tmp_V_16228, %branch15 ], [ %tmp_V_16228, %branch14 ], [ %tmp_V_16228, %branch13 ], [ %tmp_V_16228, %branch12 ], [ %tmp_V_16228, %branch11 ], [ %tmp_V_16228, %branch10 ], [ %tmp_V_16228, %branch9 ], [ %tmp_V_16228, %branch8 ], [ %tmp_V_16228, %branch7 ], [ %acc_0_V, %branch6 ], [ %tmp_V_16228, %branch5 ], [ %tmp_V_16228, %branch4 ], [ %tmp_V_16228, %branch3 ], [ %tmp_V_16228, %branch2 ], [ %tmp_V_16228, %branch1 ], [ %tmp_V_16228, %ReuseLoop_begin ]"   --->   Operation 177 'phi' 'tmp_V_133' <Predicate = true> <Delay = 0.00>
ST_25 : Operation 178 [1/1] (0.00ns)   --->   "%tmp_V_132 = phi i32 [ %tmp_V_16130, %branch17 ], [ %tmp_V_16130, %branch16 ], [ %tmp_V_16130, %branch15 ], [ %tmp_V_16130, %branch14 ], [ %tmp_V_16130, %branch13 ], [ %tmp_V_16130, %branch12 ], [ %tmp_V_16130, %branch11 ], [ %tmp_V_16130, %branch10 ], [ %tmp_V_16130, %branch9 ], [ %tmp_V_16130, %branch8 ], [ %tmp_V_16130, %branch7 ], [ %tmp_V_16130, %branch6 ], [ %acc_0_V, %branch5 ], [ %tmp_V_16130, %branch4 ], [ %tmp_V_16130, %branch3 ], [ %tmp_V_16130, %branch2 ], [ %tmp_V_16130, %branch1 ], [ %tmp_V_16130, %ReuseLoop_begin ]"   --->   Operation 178 'phi' 'tmp_V_132' <Predicate = true> <Delay = 0.00>
ST_25 : Operation 179 [1/1] (0.00ns)   --->   "%tmp_V_131 = phi i32 [ %tmp_V_16032, %branch17 ], [ %tmp_V_16032, %branch16 ], [ %tmp_V_16032, %branch15 ], [ %tmp_V_16032, %branch14 ], [ %tmp_V_16032, %branch13 ], [ %tmp_V_16032, %branch12 ], [ %tmp_V_16032, %branch11 ], [ %tmp_V_16032, %branch10 ], [ %tmp_V_16032, %branch9 ], [ %tmp_V_16032, %branch8 ], [ %tmp_V_16032, %branch7 ], [ %tmp_V_16032, %branch6 ], [ %tmp_V_16032, %branch5 ], [ %acc_0_V, %branch4 ], [ %tmp_V_16032, %branch3 ], [ %tmp_V_16032, %branch2 ], [ %tmp_V_16032, %branch1 ], [ %tmp_V_16032, %ReuseLoop_begin ]"   --->   Operation 179 'phi' 'tmp_V_131' <Predicate = true> <Delay = 0.00>
ST_25 : Operation 180 [1/1] (0.00ns)   --->   "%tmp_V_130 = phi i32 [ %tmp_V_15934, %branch17 ], [ %tmp_V_15934, %branch16 ], [ %tmp_V_15934, %branch15 ], [ %tmp_V_15934, %branch14 ], [ %tmp_V_15934, %branch13 ], [ %tmp_V_15934, %branch12 ], [ %tmp_V_15934, %branch11 ], [ %tmp_V_15934, %branch10 ], [ %tmp_V_15934, %branch9 ], [ %tmp_V_15934, %branch8 ], [ %tmp_V_15934, %branch7 ], [ %tmp_V_15934, %branch6 ], [ %tmp_V_15934, %branch5 ], [ %tmp_V_15934, %branch4 ], [ %acc_0_V, %branch3 ], [ %tmp_V_15934, %branch2 ], [ %tmp_V_15934, %branch1 ], [ %tmp_V_15934, %ReuseLoop_begin ]"   --->   Operation 180 'phi' 'tmp_V_130' <Predicate = true> <Delay = 0.00>
ST_25 : Operation 181 [1/1] (0.00ns)   --->   "%tmp_V_129 = phi i32 [ %tmp_V_15836, %branch17 ], [ %tmp_V_15836, %branch16 ], [ %tmp_V_15836, %branch15 ], [ %tmp_V_15836, %branch14 ], [ %tmp_V_15836, %branch13 ], [ %tmp_V_15836, %branch12 ], [ %tmp_V_15836, %branch11 ], [ %tmp_V_15836, %branch10 ], [ %tmp_V_15836, %branch9 ], [ %tmp_V_15836, %branch8 ], [ %tmp_V_15836, %branch7 ], [ %tmp_V_15836, %branch6 ], [ %tmp_V_15836, %branch5 ], [ %tmp_V_15836, %branch4 ], [ %tmp_V_15836, %branch3 ], [ %acc_0_V, %branch2 ], [ %tmp_V_15836, %branch1 ], [ %tmp_V_15836, %ReuseLoop_begin ]"   --->   Operation 181 'phi' 'tmp_V_129' <Predicate = true> <Delay = 0.00>
ST_25 : Operation 182 [1/1] (0.00ns)   --->   "%tmp_V_128 = phi i32 [ %tmp_V_15738, %branch17 ], [ %tmp_V_15738, %branch16 ], [ %tmp_V_15738, %branch15 ], [ %tmp_V_15738, %branch14 ], [ %tmp_V_15738, %branch13 ], [ %tmp_V_15738, %branch12 ], [ %tmp_V_15738, %branch11 ], [ %tmp_V_15738, %branch10 ], [ %tmp_V_15738, %branch9 ], [ %tmp_V_15738, %branch8 ], [ %tmp_V_15738, %branch7 ], [ %tmp_V_15738, %branch6 ], [ %tmp_V_15738, %branch5 ], [ %tmp_V_15738, %branch4 ], [ %tmp_V_15738, %branch3 ], [ %tmp_V_15738, %branch2 ], [ %acc_0_V, %branch1 ], [ %tmp_V_15738, %ReuseLoop_begin ]"   --->   Operation 182 'phi' 'tmp_V_128' <Predicate = true> <Delay = 0.00>
ST_25 : Operation 183 [1/1] (0.00ns)   --->   "%tmp_V_127 = phi i32 [ %tmp_V_15640, %branch17 ], [ %tmp_V_15640, %branch16 ], [ %tmp_V_15640, %branch15 ], [ %tmp_V_15640, %branch14 ], [ %tmp_V_15640, %branch13 ], [ %tmp_V_15640, %branch12 ], [ %tmp_V_15640, %branch11 ], [ %tmp_V_15640, %branch10 ], [ %tmp_V_15640, %branch9 ], [ %tmp_V_15640, %branch8 ], [ %tmp_V_15640, %branch7 ], [ %tmp_V_15640, %branch6 ], [ %tmp_V_15640, %branch5 ], [ %tmp_V_15640, %branch4 ], [ %tmp_V_15640, %branch3 ], [ %tmp_V_15640, %branch2 ], [ %tmp_V_15640, %branch1 ], [ %acc_0_V, %ReuseLoop_begin ]"   --->   Operation 183 'phi' 'tmp_V_127' <Predicate = true> <Delay = 0.00>
ST_25 : Operation 184 [1/1] (0.00ns)   --->   "%empty_200 = call i32 (...)* @_ssdm_op_SpecRegionEnd([10 x i8]* @p_str121, i32 %tmp)" [firmware/nnet_utils/nnet_dense_resource.h:544->firmware/nnet_utils/nnet_dense_resource.h:656->firmware/nnet_utils/nnet_conv2d_stream.h:222->firmware/nnet_utils/nnet_conv2d_stream.h:267]   --->   Operation 184 'specregionend' 'empty_200' <Predicate = true> <Delay = 0.00>
ST_25 : Operation 185 [1/1] (0.00ns)   --->   "%empty_201 = call i32 (...)* @_ssdm_op_SpecLoopTripCount(i64 1296, i64 1296, i64 1296)"   --->   Operation 185 'speclooptripcount' 'empty_201' <Predicate = true> <Delay = 0.00>

State 26 <SV = 25> <Delay = 2.18>
ST_26 : Operation 186 [1/1] (2.18ns)   --->   "call void @_ssdm_op_Write.ap_fifo.volatile.i32P(i32* %res_V_V, i32 %tmp_V_127)" [firmware/nnet_utils/nnet_conv2d_stream.h:229->firmware/nnet_utils/nnet_conv2d_stream.h:267]   --->   Operation 186 'write' <Predicate = true> <Delay = 2.18> <Core = "FIFO">   --->   Core 32 'FIFO' <Latency = 0> <II = 1> <Delay = 3.63> <Storage> <Opcode : 'read' 'write' 'nbread' 'nbwrite'> <Ports = 0> <Width = 32> <Depth = 3> <FIFO>

State 27 <SV = 26> <Delay = 2.18>
ST_27 : Operation 187 [1/1] (2.18ns)   --->   "call void @_ssdm_op_Write.ap_fifo.volatile.i32P(i32* %res_V_V, i32 %tmp_V_128)" [firmware/nnet_utils/nnet_conv2d_stream.h:229->firmware/nnet_utils/nnet_conv2d_stream.h:267]   --->   Operation 187 'write' <Predicate = true> <Delay = 2.18> <Core = "FIFO">   --->   Core 32 'FIFO' <Latency = 0> <II = 1> <Delay = 3.63> <Storage> <Opcode : 'read' 'write' 'nbread' 'nbwrite'> <Ports = 0> <Width = 32> <Depth = 3> <FIFO>

State 28 <SV = 27> <Delay = 2.18>
ST_28 : Operation 188 [1/1] (2.18ns)   --->   "call void @_ssdm_op_Write.ap_fifo.volatile.i32P(i32* %res_V_V, i32 %tmp_V_129)" [firmware/nnet_utils/nnet_conv2d_stream.h:229->firmware/nnet_utils/nnet_conv2d_stream.h:267]   --->   Operation 188 'write' <Predicate = true> <Delay = 2.18> <Core = "FIFO">   --->   Core 32 'FIFO' <Latency = 0> <II = 1> <Delay = 3.63> <Storage> <Opcode : 'read' 'write' 'nbread' 'nbwrite'> <Ports = 0> <Width = 32> <Depth = 3> <FIFO>

State 29 <SV = 28> <Delay = 2.18>
ST_29 : Operation 189 [1/1] (2.18ns)   --->   "call void @_ssdm_op_Write.ap_fifo.volatile.i32P(i32* %res_V_V, i32 %tmp_V_130)" [firmware/nnet_utils/nnet_conv2d_stream.h:229->firmware/nnet_utils/nnet_conv2d_stream.h:267]   --->   Operation 189 'write' <Predicate = true> <Delay = 2.18> <Core = "FIFO">   --->   Core 32 'FIFO' <Latency = 0> <II = 1> <Delay = 3.63> <Storage> <Opcode : 'read' 'write' 'nbread' 'nbwrite'> <Ports = 0> <Width = 32> <Depth = 3> <FIFO>

State 30 <SV = 29> <Delay = 2.18>
ST_30 : Operation 190 [1/1] (2.18ns)   --->   "call void @_ssdm_op_Write.ap_fifo.volatile.i32P(i32* %res_V_V, i32 %tmp_V_131)" [firmware/nnet_utils/nnet_conv2d_stream.h:229->firmware/nnet_utils/nnet_conv2d_stream.h:267]   --->   Operation 190 'write' <Predicate = true> <Delay = 2.18> <Core = "FIFO">   --->   Core 32 'FIFO' <Latency = 0> <II = 1> <Delay = 3.63> <Storage> <Opcode : 'read' 'write' 'nbread' 'nbwrite'> <Ports = 0> <Width = 32> <Depth = 3> <FIFO>

State 31 <SV = 30> <Delay = 2.18>
ST_31 : Operation 191 [1/1] (2.18ns)   --->   "call void @_ssdm_op_Write.ap_fifo.volatile.i32P(i32* %res_V_V, i32 %tmp_V_132)" [firmware/nnet_utils/nnet_conv2d_stream.h:229->firmware/nnet_utils/nnet_conv2d_stream.h:267]   --->   Operation 191 'write' <Predicate = true> <Delay = 2.18> <Core = "FIFO">   --->   Core 32 'FIFO' <Latency = 0> <II = 1> <Delay = 3.63> <Storage> <Opcode : 'read' 'write' 'nbread' 'nbwrite'> <Ports = 0> <Width = 32> <Depth = 3> <FIFO>

State 32 <SV = 31> <Delay = 2.18>
ST_32 : Operation 192 [1/1] (2.18ns)   --->   "call void @_ssdm_op_Write.ap_fifo.volatile.i32P(i32* %res_V_V, i32 %tmp_V_133)" [firmware/nnet_utils/nnet_conv2d_stream.h:229->firmware/nnet_utils/nnet_conv2d_stream.h:267]   --->   Operation 192 'write' <Predicate = true> <Delay = 2.18> <Core = "FIFO">   --->   Core 32 'FIFO' <Latency = 0> <II = 1> <Delay = 3.63> <Storage> <Opcode : 'read' 'write' 'nbread' 'nbwrite'> <Ports = 0> <Width = 32> <Depth = 3> <FIFO>

State 33 <SV = 32> <Delay = 2.18>
ST_33 : Operation 193 [1/1] (2.18ns)   --->   "call void @_ssdm_op_Write.ap_fifo.volatile.i32P(i32* %res_V_V, i32 %tmp_V_134)" [firmware/nnet_utils/nnet_conv2d_stream.h:229->firmware/nnet_utils/nnet_conv2d_stream.h:267]   --->   Operation 193 'write' <Predicate = true> <Delay = 2.18> <Core = "FIFO">   --->   Core 32 'FIFO' <Latency = 0> <II = 1> <Delay = 3.63> <Storage> <Opcode : 'read' 'write' 'nbread' 'nbwrite'> <Ports = 0> <Width = 32> <Depth = 3> <FIFO>

State 34 <SV = 33> <Delay = 2.18>
ST_34 : Operation 194 [1/1] (2.18ns)   --->   "call void @_ssdm_op_Write.ap_fifo.volatile.i32P(i32* %res_V_V, i32 %tmp_V_135)" [firmware/nnet_utils/nnet_conv2d_stream.h:229->firmware/nnet_utils/nnet_conv2d_stream.h:267]   --->   Operation 194 'write' <Predicate = true> <Delay = 2.18> <Core = "FIFO">   --->   Core 32 'FIFO' <Latency = 0> <II = 1> <Delay = 3.63> <Storage> <Opcode : 'read' 'write' 'nbread' 'nbwrite'> <Ports = 0> <Width = 32> <Depth = 3> <FIFO>

State 35 <SV = 34> <Delay = 2.18>
ST_35 : Operation 195 [1/1] (2.18ns)   --->   "call void @_ssdm_op_Write.ap_fifo.volatile.i32P(i32* %res_V_V, i32 %tmp_V_136)" [firmware/nnet_utils/nnet_conv2d_stream.h:229->firmware/nnet_utils/nnet_conv2d_stream.h:267]   --->   Operation 195 'write' <Predicate = true> <Delay = 2.18> <Core = "FIFO">   --->   Core 32 'FIFO' <Latency = 0> <II = 1> <Delay = 3.63> <Storage> <Opcode : 'read' 'write' 'nbread' 'nbwrite'> <Ports = 0> <Width = 32> <Depth = 3> <FIFO>

State 36 <SV = 35> <Delay = 2.18>
ST_36 : Operation 196 [1/1] (2.18ns)   --->   "call void @_ssdm_op_Write.ap_fifo.volatile.i32P(i32* %res_V_V, i32 %tmp_V_137)" [firmware/nnet_utils/nnet_conv2d_stream.h:229->firmware/nnet_utils/nnet_conv2d_stream.h:267]   --->   Operation 196 'write' <Predicate = true> <Delay = 2.18> <Core = "FIFO">   --->   Core 32 'FIFO' <Latency = 0> <II = 1> <Delay = 3.63> <Storage> <Opcode : 'read' 'write' 'nbread' 'nbwrite'> <Ports = 0> <Width = 32> <Depth = 3> <FIFO>

State 37 <SV = 36> <Delay = 2.18>
ST_37 : Operation 197 [1/1] (2.18ns)   --->   "call void @_ssdm_op_Write.ap_fifo.volatile.i32P(i32* %res_V_V, i32 %tmp_V_138)" [firmware/nnet_utils/nnet_conv2d_stream.h:229->firmware/nnet_utils/nnet_conv2d_stream.h:267]   --->   Operation 197 'write' <Predicate = true> <Delay = 2.18> <Core = "FIFO">   --->   Core 32 'FIFO' <Latency = 0> <II = 1> <Delay = 3.63> <Storage> <Opcode : 'read' 'write' 'nbread' 'nbwrite'> <Ports = 0> <Width = 32> <Depth = 3> <FIFO>

State 38 <SV = 37> <Delay = 2.18>
ST_38 : Operation 198 [1/1] (2.18ns)   --->   "call void @_ssdm_op_Write.ap_fifo.volatile.i32P(i32* %res_V_V, i32 %tmp_V_139)" [firmware/nnet_utils/nnet_conv2d_stream.h:229->firmware/nnet_utils/nnet_conv2d_stream.h:267]   --->   Operation 198 'write' <Predicate = true> <Delay = 2.18> <Core = "FIFO">   --->   Core 32 'FIFO' <Latency = 0> <II = 1> <Delay = 3.63> <Storage> <Opcode : 'read' 'write' 'nbread' 'nbwrite'> <Ports = 0> <Width = 32> <Depth = 3> <FIFO>

State 39 <SV = 38> <Delay = 2.18>
ST_39 : Operation 199 [1/1] (2.18ns)   --->   "call void @_ssdm_op_Write.ap_fifo.volatile.i32P(i32* %res_V_V, i32 %tmp_V_140)" [firmware/nnet_utils/nnet_conv2d_stream.h:229->firmware/nnet_utils/nnet_conv2d_stream.h:267]   --->   Operation 199 'write' <Predicate = true> <Delay = 2.18> <Core = "FIFO">   --->   Core 32 'FIFO' <Latency = 0> <II = 1> <Delay = 3.63> <Storage> <Opcode : 'read' 'write' 'nbread' 'nbwrite'> <Ports = 0> <Width = 32> <Depth = 3> <FIFO>

State 40 <SV = 39> <Delay = 2.18>
ST_40 : Operation 200 [1/1] (2.18ns)   --->   "call void @_ssdm_op_Write.ap_fifo.volatile.i32P(i32* %res_V_V, i32 %tmp_V_141)" [firmware/nnet_utils/nnet_conv2d_stream.h:229->firmware/nnet_utils/nnet_conv2d_stream.h:267]   --->   Operation 200 'write' <Predicate = true> <Delay = 2.18> <Core = "FIFO">   --->   Core 32 'FIFO' <Latency = 0> <II = 1> <Delay = 3.63> <Storage> <Opcode : 'read' 'write' 'nbread' 'nbwrite'> <Ports = 0> <Width = 32> <Depth = 3> <FIFO>

State 41 <SV = 40> <Delay = 2.18>
ST_41 : Operation 201 [1/1] (2.18ns)   --->   "call void @_ssdm_op_Write.ap_fifo.volatile.i32P(i32* %res_V_V, i32 %tmp_V_142)" [firmware/nnet_utils/nnet_conv2d_stream.h:229->firmware/nnet_utils/nnet_conv2d_stream.h:267]   --->   Operation 201 'write' <Predicate = true> <Delay = 2.18> <Core = "FIFO">   --->   Core 32 'FIFO' <Latency = 0> <II = 1> <Delay = 3.63> <Storage> <Opcode : 'read' 'write' 'nbread' 'nbwrite'> <Ports = 0> <Width = 32> <Depth = 3> <FIFO>

State 42 <SV = 41> <Delay = 2.18>
ST_42 : Operation 202 [1/1] (2.18ns)   --->   "call void @_ssdm_op_Write.ap_fifo.volatile.i32P(i32* %res_V_V, i32 %tmp_V_143)" [firmware/nnet_utils/nnet_conv2d_stream.h:229->firmware/nnet_utils/nnet_conv2d_stream.h:267]   --->   Operation 202 'write' <Predicate = true> <Delay = 2.18> <Core = "FIFO">   --->   Core 32 'FIFO' <Latency = 0> <II = 1> <Delay = 3.63> <Storage> <Opcode : 'read' 'write' 'nbread' 'nbwrite'> <Ports = 0> <Width = 32> <Depth = 3> <FIFO>

State 43 <SV = 42> <Delay = 4.42>
ST_43 : Operation 203 [1/1] (0.00ns)   --->   "%rend58_i = call i32 (...)* @_ssdm_op_SpecRegionEnd([138 x i8]* @nnet_KD_KD_dense_large_MD_ap_fixed_MD_32_MC_AC_16_MC_AC_1, i32 %rbegin57_i) nounwind" [firmware/nnet_utils/nnet_conv2d_stream.h:226->firmware/nnet_utils/nnet_conv2d_stream.h:267]   --->   Operation 203 'specregionend' 'rend58_i' <Predicate = (and_ln215_4)> <Delay = 0.00>
ST_43 : Operation 204 [1/1] (2.18ns)   --->   "call void @_ssdm_op_Write.ap_fifo.volatile.i32P(i32* %res_V_V, i32 %tmp_V_144)" [firmware/nnet_utils/nnet_conv2d_stream.h:229->firmware/nnet_utils/nnet_conv2d_stream.h:267]   --->   Operation 204 'write' <Predicate = (and_ln215_4)> <Delay = 2.18> <Core = "FIFO">   --->   Core 32 'FIFO' <Latency = 0> <II = 1> <Delay = 3.63> <Storage> <Opcode : 'read' 'write' 'nbread' 'nbwrite'> <Ports = 0> <Width = 32> <Depth = 3> <FIFO>
ST_43 : Operation 205 [1/1] (0.00ns)   --->   "br label %._crit_edge52.i" [firmware/nnet_utils/nnet_conv2d_stream.h:234->firmware/nnet_utils/nnet_conv2d_stream.h:267]   --->   Operation 205 'br' <Predicate = (and_ln215_4)> <Delay = 0.00>
ST_43 : Operation 206 [1/1] (2.47ns)   --->   "%icmp_ln237 = icmp eq i32 %pX_6_load, 9" [firmware/nnet_utils/nnet_conv2d_stream.h:237->firmware/nnet_utils/nnet_conv2d_stream.h:267]   --->   Operation 206 'icmp' 'icmp_ln237' <Predicate = true> <Delay = 2.47> <Core = "Cmp">   --->   Core 25 'Cmp' <Latency = 0> <II = 1> <Delay = 1.48> <FuncUnit> <Opcode : 'icmp'> <InPorts = 2> <OutPorts = 1>
ST_43 : Operation 207 [1/1] (0.00ns)   --->   "br i1 %icmp_ln237, label %0, label %4" [firmware/nnet_utils/nnet_conv2d_stream.h:237->firmware/nnet_utils/nnet_conv2d_stream.h:267]   --->   Operation 207 'br' <Predicate = true> <Delay = 0.00>
ST_43 : Operation 208 [1/1] (2.55ns)   --->   "%add_ln250 = add nsw i32 %pX_6_load, 1" [firmware/nnet_utils/nnet_conv2d_stream.h:250->firmware/nnet_utils/nnet_conv2d_stream.h:267]   --->   Operation 208 'add' 'add_ln250' <Predicate = (!icmp_ln237)> <Delay = 2.55> <Core = "AddSub">   --->   Core 14 'AddSub' <Latency = 0> <II = 1> <Delay = 2.55> <FuncUnit> <Opcode : 'add' 'sub'> <InPorts = 2> <OutPorts = 1>
ST_43 : Operation 209 [1/1] (1.76ns)   --->   "store i32 %add_ln250, i32* @pX_6, align 4" [firmware/nnet_utils/nnet_conv2d_stream.h:250->firmware/nnet_utils/nnet_conv2d_stream.h:267]   --->   Operation 209 'store' <Predicate = (!icmp_ln237)> <Delay = 1.76>
ST_43 : Operation 210 [1/1] (2.55ns)   --->   "%add_ln252 = add i32 %sX_6_load, 1" [firmware/nnet_utils/nnet_conv2d_stream.h:252->firmware/nnet_utils/nnet_conv2d_stream.h:267]   --->   Operation 210 'add' 'add_ln252' <Predicate = (!icmp_ln237 & !icmp_ln215)> <Delay = 2.55> <Core = "AddSub">   --->   Core 14 'AddSub' <Latency = 0> <II = 1> <Delay = 2.55> <FuncUnit> <Opcode : 'add' 'sub'> <InPorts = 2> <OutPorts = 1>
ST_43 : Operation 211 [1/1] (0.69ns)   --->   "%select_ln252 = select i1 %icmp_ln215, i32 2, i32 %add_ln252" [firmware/nnet_utils/nnet_conv2d_stream.h:252->firmware/nnet_utils/nnet_conv2d_stream.h:267]   --->   Operation 211 'select' 'select_ln252' <Predicate = (!icmp_ln237)> <Delay = 0.69> <Core = "Sel">   --->   Core 26 'Sel' <Latency = 0> <II = 1> <Delay = 0.69> <FuncUnit> <Opcode : 'select'> <InPorts = 3> <OutPorts = 1>
ST_43 : Operation 212 [1/1] (1.76ns)   --->   "store i32 0, i32* @pX_6, align 4" [firmware/nnet_utils/nnet_conv2d_stream.h:239->firmware/nnet_utils/nnet_conv2d_stream.h:267]   --->   Operation 212 'store' <Predicate = (icmp_ln237)> <Delay = 1.76>
ST_43 : Operation 213 [1/1] (1.76ns)   --->   "store i32 0, i32* @sX_6, align 4" [firmware/nnet_utils/nnet_conv2d_stream.h:240->firmware/nnet_utils/nnet_conv2d_stream.h:267]   --->   Operation 213 'store' <Predicate = (icmp_ln237)> <Delay = 1.76>
ST_43 : Operation 214 [1/1] (2.47ns)   --->   "%icmp_ln241 = icmp eq i32 %pY_6_load, 9" [firmware/nnet_utils/nnet_conv2d_stream.h:241->firmware/nnet_utils/nnet_conv2d_stream.h:267]   --->   Operation 214 'icmp' 'icmp_ln241' <Predicate = (icmp_ln237)> <Delay = 2.47> <Core = "Cmp">   --->   Core 25 'Cmp' <Latency = 0> <II = 1> <Delay = 1.48> <FuncUnit> <Opcode : 'icmp'> <InPorts = 2> <OutPorts = 1>
ST_43 : Operation 215 [1/1] (0.00ns)   --->   "br i1 %icmp_ln241, label %1, label %2" [firmware/nnet_utils/nnet_conv2d_stream.h:241->firmware/nnet_utils/nnet_conv2d_stream.h:267]   --->   Operation 215 'br' <Predicate = (icmp_ln237)> <Delay = 0.00>
ST_43 : Operation 216 [1/1] (2.55ns)   --->   "%add_ln245 = add nsw i32 %pY_6_load, 1" [firmware/nnet_utils/nnet_conv2d_stream.h:245->firmware/nnet_utils/nnet_conv2d_stream.h:267]   --->   Operation 216 'add' 'add_ln245' <Predicate = (icmp_ln237 & !icmp_ln241)> <Delay = 2.55> <Core = "AddSub">   --->   Core 14 'AddSub' <Latency = 0> <II = 1> <Delay = 2.55> <FuncUnit> <Opcode : 'add' 'sub'> <InPorts = 2> <OutPorts = 1>
ST_43 : Operation 217 [1/1] (1.76ns)   --->   "store i32 %add_ln245, i32* @pY_6, align 4" [firmware/nnet_utils/nnet_conv2d_stream.h:245->firmware/nnet_utils/nnet_conv2d_stream.h:267]   --->   Operation 217 'store' <Predicate = (icmp_ln237 & !icmp_ln241)> <Delay = 1.76>
ST_43 : Operation 218 [1/1] (2.55ns)   --->   "%add_ln247 = add i32 %sY_6_load, 1" [firmware/nnet_utils/nnet_conv2d_stream.h:247->firmware/nnet_utils/nnet_conv2d_stream.h:267]   --->   Operation 218 'add' 'add_ln247' <Predicate = (icmp_ln237 & !icmp_ln241 & !icmp_ln215_4)> <Delay = 2.55> <Core = "AddSub">   --->   Core 14 'AddSub' <Latency = 0> <II = 1> <Delay = 2.55> <FuncUnit> <Opcode : 'add' 'sub'> <InPorts = 2> <OutPorts = 1>
ST_43 : Operation 219 [1/1] (0.69ns)   --->   "%select_ln247 = select i1 %icmp_ln215_4, i32 2, i32 %add_ln247" [firmware/nnet_utils/nnet_conv2d_stream.h:247->firmware/nnet_utils/nnet_conv2d_stream.h:267]   --->   Operation 219 'select' 'select_ln247' <Predicate = (icmp_ln237 & !icmp_ln241)> <Delay = 0.69> <Core = "Sel">   --->   Core 26 'Sel' <Latency = 0> <II = 1> <Delay = 0.69> <FuncUnit> <Opcode : 'select'> <InPorts = 3> <OutPorts = 1>
ST_43 : Operation 220 [1/1] (1.76ns)   --->   "store i32 0, i32* @pY_6, align 4" [firmware/nnet_utils/nnet_conv2d_stream.h:242->firmware/nnet_utils/nnet_conv2d_stream.h:267]   --->   Operation 220 'store' <Predicate = (icmp_ln237 & icmp_ln241)> <Delay = 1.76>
ST_43 : Operation 221 [1/1] (1.76ns)   --->   "br label %3" [firmware/nnet_utils/nnet_conv2d_stream.h:244->firmware/nnet_utils/nnet_conv2d_stream.h:267]   --->   Operation 221 'br' <Predicate = (icmp_ln237 & icmp_ln241)> <Delay = 1.76>

State 44 <SV = 43> <Delay = 1.76>
ST_44 : Operation 222 [1/1] (1.76ns)   --->   "store i32 %select_ln252, i32* @sX_6, align 4" [firmware/nnet_utils/nnet_conv2d_stream.h:252->firmware/nnet_utils/nnet_conv2d_stream.h:267]   --->   Operation 222 'store' <Predicate = (!icmp_ln237)> <Delay = 1.76>
ST_44 : Operation 223 [1/1] (0.00ns)   --->   "br label %5"   --->   Operation 223 'br' <Predicate = (!icmp_ln237)> <Delay = 0.00>
ST_44 : Operation 224 [1/1] (1.76ns)   --->   "br label %3"   --->   Operation 224 'br' <Predicate = (icmp_ln237 & !icmp_ln241)> <Delay = 1.76>
ST_44 : Operation 225 [1/1] (0.00ns)   --->   "%storemerge_i = phi i32 [ %select_ln247, %2 ], [ 0, %1 ]" [firmware/nnet_utils/nnet_conv2d_stream.h:247->firmware/nnet_utils/nnet_conv2d_stream.h:267]   --->   Operation 225 'phi' 'storemerge_i' <Predicate = (icmp_ln237)> <Delay = 0.00>
ST_44 : Operation 226 [1/1] (0.00ns)   --->   "store i32 %storemerge_i, i32* @sY_6, align 4" [firmware/nnet_utils/nnet_conv2d_stream.h:243->firmware/nnet_utils/nnet_conv2d_stream.h:267]   --->   Operation 226 'store' <Predicate = (icmp_ln237)> <Delay = 0.00>
ST_44 : Operation 227 [1/1] (0.00ns)   --->   "br label %5" [firmware/nnet_utils/nnet_conv2d_stream.h:249->firmware/nnet_utils/nnet_conv2d_stream.h:267]   --->   Operation 227 'br' <Predicate = (icmp_ln237)> <Delay = 0.00>
ST_44 : Operation 228 [1/1] (1.48ns)   --->   "%icmp_ln206 = icmp eq i7 %i_0_i42, -29" [firmware/nnet_utils/nnet_conv2d_stream.h:206->firmware/nnet_utils/nnet_conv2d_stream.h:267]   --->   Operation 228 'icmp' 'icmp_ln206' <Predicate = true> <Delay = 1.48> <Core = "Cmp">   --->   Core 25 'Cmp' <Latency = 0> <II = 1> <Delay = 1.48> <FuncUnit> <Opcode : 'icmp'> <InPorts = 2> <OutPorts = 1>
ST_44 : Operation 229 [1/1] (0.00ns)   --->   "%empty_202 = call i32 (...)* @_ssdm_op_SpecLoopTripCount(i64 100, i64 100, i64 100)"   --->   Operation 229 'speclooptripcount' 'empty_202' <Predicate = true> <Delay = 0.00>
ST_44 : Operation 230 [1/1] (0.00ns)   --->   "br i1 %icmp_ln206, label %"conv_2d_large_cl_nopad_pad_me<ap_fixed<32, 16, 5, 3, 0>, ap_fixed<32, 16, 5, 3, 0>, config48>.exit", label %.preheader.i.0" [firmware/nnet_utils/nnet_conv2d_stream.h:206->firmware/nnet_utils/nnet_conv2d_stream.h:267]   --->   Operation 230 'br' <Predicate = true> <Delay = 0.00>
ST_44 : Operation 231 [1/1] (0.00ns)   --->   "ret void" [firmware/nnet_utils/nnet_conv2d_stream.h:273]   --->   Operation 231 'ret' <Predicate = (icmp_ln206)> <Delay = 0.00>


============================================================
+ Verbose Summary: Timing violations
============================================================
Target clock period: 5ns, clock uncertainty: 0.625ns.

 <State 1>: 1.77ns
The critical path consists of the following:
	multiplexor before 'phi' operation ('i') with incoming values : ('i', firmware/nnet_utils/nnet_conv2d_stream.h:206->firmware/nnet_utils/nnet_conv2d_stream.h:267) [34]  (1.77 ns)

 <State 2>: 2.19ns
The critical path consists of the following:
	fifo read on port 'data_V_V' (firmware/nnet_utils/nnet_conv2d_stream.h:210->firmware/nnet_utils/nnet_conv2d_stream.h:267) [35]  (2.19 ns)

 <State 3>: 2.19ns
The critical path consists of the following:
	fifo read on port 'data_V_V' (firmware/nnet_utils/nnet_conv2d_stream.h:210->firmware/nnet_utils/nnet_conv2d_stream.h:267) [36]  (2.19 ns)

 <State 4>: 2.19ns
The critical path consists of the following:
	fifo read on port 'data_V_V' (firmware/nnet_utils/nnet_conv2d_stream.h:210->firmware/nnet_utils/nnet_conv2d_stream.h:267) [37]  (2.19 ns)

 <State 5>: 2.19ns
The critical path consists of the following:
	fifo read on port 'data_V_V' (firmware/nnet_utils/nnet_conv2d_stream.h:210->firmware/nnet_utils/nnet_conv2d_stream.h:267) [38]  (2.19 ns)

 <State 6>: 2.19ns
The critical path consists of the following:
	fifo read on port 'data_V_V' (firmware/nnet_utils/nnet_conv2d_stream.h:210->firmware/nnet_utils/nnet_conv2d_stream.h:267) [39]  (2.19 ns)

 <State 7>: 2.19ns
The critical path consists of the following:
	fifo read on port 'data_V_V' (firmware/nnet_utils/nnet_conv2d_stream.h:210->firmware/nnet_utils/nnet_conv2d_stream.h:267) [40]  (2.19 ns)

 <State 8>: 2.19ns
The critical path consists of the following:
	fifo read on port 'data_V_V' (firmware/nnet_utils/nnet_conv2d_stream.h:210->firmware/nnet_utils/nnet_conv2d_stream.h:267) [41]  (2.19 ns)

 <State 9>: 2.19ns
The critical path consists of the following:
	fifo read on port 'data_V_V' (firmware/nnet_utils/nnet_conv2d_stream.h:210->firmware/nnet_utils/nnet_conv2d_stream.h:267) [42]  (2.19 ns)

 <State 10>: 4.43ns
The critical path consists of the following:
	'load' operation ('sX_6_load', firmware/nnet_utils/nnet_conv2d_stream.h:215->firmware/nnet_utils/nnet_conv2d_stream.h:267) on static variable 'sX_6' [47]  (0 ns)
	'icmp' operation ('icmp_ln215', firmware/nnet_utils/nnet_conv2d_stream.h:215->firmware/nnet_utils/nnet_conv2d_stream.h:267) [48]  (2.47 ns)
	'and' operation ('and_ln215', firmware/nnet_utils/nnet_conv2d_stream.h:215->firmware/nnet_utils/nnet_conv2d_stream.h:267) [57]  (0 ns)
	'and' operation ('and_ln215_4', firmware/nnet_utils/nnet_conv2d_stream.h:215->firmware/nnet_utils/nnet_conv2d_stream.h:267) [59]  (0.978 ns)
	blocking operation 0.978 ns on control path)

 <State 11>: 4.21ns
The critical path consists of the following:
	'phi' operation ('in_index', firmware/nnet_utils/nnet_dense_resource.h:544->firmware/nnet_utils/nnet_dense_resource.h:656->firmware/nnet_utils/nnet_conv2d_stream.h:222->firmware/nnet_utils/nnet_conv2d_stream.h:267) with incoming values : ('select_ln544', firmware/nnet_utils/nnet_dense_resource.h:544->firmware/nnet_utils/nnet_dense_resource.h:656->firmware/nnet_utils/nnet_conv2d_stream.h:222->firmware/nnet_utils/nnet_conv2d_stream.h:267) [86]  (0 ns)
	'add' operation ('add_ln544', firmware/nnet_utils/nnet_dense_resource.h:544->firmware/nnet_utils/nnet_dense_resource.h:656->firmware/nnet_utils/nnet_conv2d_stream.h:222->firmware/nnet_utils/nnet_conv2d_stream.h:267) [173]  (1.64 ns)
	'icmp' operation ('icmp_ln544', firmware/nnet_utils/nnet_dense_resource.h:544->firmware/nnet_utils/nnet_dense_resource.h:656->firmware/nnet_utils/nnet_conv2d_stream.h:222->firmware/nnet_utils/nnet_conv2d_stream.h:267) [174]  (1.88 ns)
	'select' operation ('select_ln544', firmware/nnet_utils/nnet_dense_resource.h:544->firmware/nnet_utils/nnet_dense_resource.h:656->firmware/nnet_utils/nnet_conv2d_stream.h:222->firmware/nnet_utils/nnet_conv2d_stream.h:267) [175]  (0.692 ns)

 <State 12>: 6.29ns
The critical path consists of the following:
	'load' operation ('layer_in_V_17_load_1', firmware/nnet_utils/nnet_dense_resource.h:532->firmware/nnet_utils/nnet_dense_resource.h:656->firmware/nnet_utils/nnet_conv2d_stream.h:222->firmware/nnet_utils/nnet_conv2d_stream.h:267) on static variable 'layer_in_V_17' [91]  (0 ns)
	'select' operation ('select_ln532_3', firmware/nnet_utils/nnet_dense_resource.h:532->firmware/nnet_utils/nnet_dense_resource.h:656->firmware/nnet_utils/nnet_conv2d_stream.h:222->firmware/nnet_utils/nnet_conv2d_stream.h:267) [101]  (2.4 ns)
	'lshr' operation ('lshr_ln532', firmware/nnet_utils/nnet_dense_resource.h:532->firmware/nnet_utils/nnet_dense_resource.h:656->firmware/nnet_utils/nnet_conv2d_stream.h:222->firmware/nnet_utils/nnet_conv2d_stream.h:267) [106]  (3.89 ns)

 <State 13>: 3.89ns
The critical path consists of the following:
	'lshr' operation ('lshr_ln532', firmware/nnet_utils/nnet_dense_resource.h:532->firmware/nnet_utils/nnet_dense_resource.h:656->firmware/nnet_utils/nnet_conv2d_stream.h:222->firmware/nnet_utils/nnet_conv2d_stream.h:267) [106]  (3.89 ns)

 <State 14>: 3.89ns
The critical path consists of the following:
	'lshr' operation ('lshr_ln532', firmware/nnet_utils/nnet_dense_resource.h:532->firmware/nnet_utils/nnet_dense_resource.h:656->firmware/nnet_utils/nnet_conv2d_stream.h:222->firmware/nnet_utils/nnet_conv2d_stream.h:267) [106]  (3.89 ns)

 <State 15>: 3.89ns
The critical path consists of the following:
	'lshr' operation ('lshr_ln532', firmware/nnet_utils/nnet_dense_resource.h:532->firmware/nnet_utils/nnet_dense_resource.h:656->firmware/nnet_utils/nnet_conv2d_stream.h:222->firmware/nnet_utils/nnet_conv2d_stream.h:267) [106]  (3.89 ns)

 <State 16>: 3.89ns
The critical path consists of the following:
	'lshr' operation ('lshr_ln532', firmware/nnet_utils/nnet_dense_resource.h:532->firmware/nnet_utils/nnet_dense_resource.h:656->firmware/nnet_utils/nnet_conv2d_stream.h:222->firmware/nnet_utils/nnet_conv2d_stream.h:267) [106]  (3.89 ns)

 <State 17>: 3.89ns
The critical path consists of the following:
	'lshr' operation ('lshr_ln532', firmware/nnet_utils/nnet_dense_resource.h:532->firmware/nnet_utils/nnet_dense_resource.h:656->firmware/nnet_utils/nnet_conv2d_stream.h:222->firmware/nnet_utils/nnet_conv2d_stream.h:267) [106]  (3.89 ns)

 <State 18>: 3.57ns
The critical path consists of the following:
	'lshr' operation ('lshr_ln532_2', firmware/nnet_utils/nnet_dense_resource.h:532->firmware/nnet_utils/nnet_dense_resource.h:656->firmware/nnet_utils/nnet_conv2d_stream.h:222->firmware/nnet_utils/nnet_conv2d_stream.h:267) [107]  (0 ns)
	'and' operation ('and_ln532', firmware/nnet_utils/nnet_dense_resource.h:532->firmware/nnet_utils/nnet_dense_resource.h:656->firmware/nnet_utils/nnet_conv2d_stream.h:222->firmware/nnet_utils/nnet_conv2d_stream.h:267) [108]  (3.57 ns)

 <State 19>: 3.95ns
The critical path consists of the following:
	'call' operation ('p_0', firmware/nnet_utils/nnet_dense_resource.h:532->firmware/nnet_utils/nnet_dense_resource.h:656->firmware/nnet_utils/nnet_conv2d_stream.h:222->firmware/nnet_utils/nnet_conv2d_stream.h:267) to 'product_dense<ap_fixed,ap_fixed,ap_fixed >' [113]  (3.95 ns)

 <State 20>: 3.95ns
The critical path consists of the following:
	'call' operation ('p_0', firmware/nnet_utils/nnet_dense_resource.h:532->firmware/nnet_utils/nnet_dense_resource.h:656->firmware/nnet_utils/nnet_conv2d_stream.h:222->firmware/nnet_utils/nnet_conv2d_stream.h:267) to 'product_dense<ap_fixed,ap_fixed,ap_fixed >' [113]  (3.95 ns)

 <State 21>: 3.95ns
The critical path consists of the following:
	'call' operation ('p_0', firmware/nnet_utils/nnet_dense_resource.h:532->firmware/nnet_utils/nnet_dense_resource.h:656->firmware/nnet_utils/nnet_conv2d_stream.h:222->firmware/nnet_utils/nnet_conv2d_stream.h:267) to 'product_dense<ap_fixed,ap_fixed,ap_fixed >' [113]  (3.95 ns)

 <State 22>: 3.95ns
The critical path consists of the following:
	'call' operation ('p_0', firmware/nnet_utils/nnet_dense_resource.h:532->firmware/nnet_utils/nnet_dense_resource.h:656->firmware/nnet_utils/nnet_conv2d_stream.h:222->firmware/nnet_utils/nnet_conv2d_stream.h:267) to 'product_dense<ap_fixed,ap_fixed,ap_fixed >' [113]  (3.95 ns)

 <State 23>: 3.95ns
The critical path consists of the following:
	'call' operation ('p_0', firmware/nnet_utils/nnet_dense_resource.h:532->firmware/nnet_utils/nnet_dense_resource.h:656->firmware/nnet_utils/nnet_conv2d_stream.h:222->firmware/nnet_utils/nnet_conv2d_stream.h:267) to 'product_dense<ap_fixed,ap_fixed,ap_fixed >' [113]  (3.95 ns)

 <State 24>: 3.95ns
The critical path consists of the following:
	'call' operation ('p_0', firmware/nnet_utils/nnet_dense_resource.h:532->firmware/nnet_utils/nnet_dense_resource.h:656->firmware/nnet_utils/nnet_conv2d_stream.h:222->firmware/nnet_utils/nnet_conv2d_stream.h:267) to 'product_dense<ap_fixed,ap_fixed,ap_fixed >' [113]  (3.95 ns)

 <State 25>: 7.16ns
The critical path consists of the following:
	'phi' operation ('tmp.V') with incoming values : ('acc[0].V', firmware/nnet_utils/nnet_dense_resource.h:532->firmware/nnet_utils/nnet_dense_resource.h:656->firmware/nnet_utils/nnet_conv2d_stream.h:222->firmware/nnet_utils/nnet_conv2d_stream.h:267) [67]  (0 ns)
	'mux' operation ('tmp_2', firmware/nnet_utils/nnet_dense_resource.h:532->firmware/nnet_utils/nnet_dense_resource.h:656->firmware/nnet_utils/nnet_conv2d_stream.h:222->firmware/nnet_utils/nnet_conv2d_stream.h:267) [115]  (2.84 ns)
	'add' operation ('acc[0].V', firmware/nnet_utils/nnet_dense_resource.h:532->firmware/nnet_utils/nnet_dense_resource.h:656->firmware/nnet_utils/nnet_conv2d_stream.h:222->firmware/nnet_utils/nnet_conv2d_stream.h:267) [117]  (2.55 ns)
	multiplexor before 'phi' operation ('acc[17].V') with incoming values : ('acc[0].V', firmware/nnet_utils/nnet_dense_resource.h:532->firmware/nnet_utils/nnet_dense_resource.h:656->firmware/nnet_utils/nnet_conv2d_stream.h:222->firmware/nnet_utils/nnet_conv2d_stream.h:267) [155]  (1.77 ns)
	'phi' operation ('acc[17].V') with incoming values : ('acc[0].V', firmware/nnet_utils/nnet_dense_resource.h:532->firmware/nnet_utils/nnet_dense_resource.h:656->firmware/nnet_utils/nnet_conv2d_stream.h:222->firmware/nnet_utils/nnet_conv2d_stream.h:267) [155]  (0 ns)

 <State 26>: 2.19ns
The critical path consists of the following:
	fifo write on port 'res_V_V' (firmware/nnet_utils/nnet_conv2d_stream.h:229->firmware/nnet_utils/nnet_conv2d_stream.h:267) [182]  (2.19 ns)

 <State 27>: 2.19ns
The critical path consists of the following:
	fifo write on port 'res_V_V' (firmware/nnet_utils/nnet_conv2d_stream.h:229->firmware/nnet_utils/nnet_conv2d_stream.h:267) [183]  (2.19 ns)

 <State 28>: 2.19ns
The critical path consists of the following:
	fifo write on port 'res_V_V' (firmware/nnet_utils/nnet_conv2d_stream.h:229->firmware/nnet_utils/nnet_conv2d_stream.h:267) [184]  (2.19 ns)

 <State 29>: 2.19ns
The critical path consists of the following:
	fifo write on port 'res_V_V' (firmware/nnet_utils/nnet_conv2d_stream.h:229->firmware/nnet_utils/nnet_conv2d_stream.h:267) [185]  (2.19 ns)

 <State 30>: 2.19ns
The critical path consists of the following:
	fifo write on port 'res_V_V' (firmware/nnet_utils/nnet_conv2d_stream.h:229->firmware/nnet_utils/nnet_conv2d_stream.h:267) [186]  (2.19 ns)

 <State 31>: 2.19ns
The critical path consists of the following:
	fifo write on port 'res_V_V' (firmware/nnet_utils/nnet_conv2d_stream.h:229->firmware/nnet_utils/nnet_conv2d_stream.h:267) [187]  (2.19 ns)

 <State 32>: 2.19ns
The critical path consists of the following:
	fifo write on port 'res_V_V' (firmware/nnet_utils/nnet_conv2d_stream.h:229->firmware/nnet_utils/nnet_conv2d_stream.h:267) [188]  (2.19 ns)

 <State 33>: 2.19ns
The critical path consists of the following:
	fifo write on port 'res_V_V' (firmware/nnet_utils/nnet_conv2d_stream.h:229->firmware/nnet_utils/nnet_conv2d_stream.h:267) [189]  (2.19 ns)

 <State 34>: 2.19ns
The critical path consists of the following:
	fifo write on port 'res_V_V' (firmware/nnet_utils/nnet_conv2d_stream.h:229->firmware/nnet_utils/nnet_conv2d_stream.h:267) [190]  (2.19 ns)

 <State 35>: 2.19ns
The critical path consists of the following:
	fifo write on port 'res_V_V' (firmware/nnet_utils/nnet_conv2d_stream.h:229->firmware/nnet_utils/nnet_conv2d_stream.h:267) [191]  (2.19 ns)

 <State 36>: 2.19ns
The critical path consists of the following:
	fifo write on port 'res_V_V' (firmware/nnet_utils/nnet_conv2d_stream.h:229->firmware/nnet_utils/nnet_conv2d_stream.h:267) [192]  (2.19 ns)

 <State 37>: 2.19ns
The critical path consists of the following:
	fifo write on port 'res_V_V' (firmware/nnet_utils/nnet_conv2d_stream.h:229->firmware/nnet_utils/nnet_conv2d_stream.h:267) [193]  (2.19 ns)

 <State 38>: 2.19ns
The critical path consists of the following:
	fifo write on port 'res_V_V' (firmware/nnet_utils/nnet_conv2d_stream.h:229->firmware/nnet_utils/nnet_conv2d_stream.h:267) [194]  (2.19 ns)

 <State 39>: 2.19ns
The critical path consists of the following:
	fifo write on port 'res_V_V' (firmware/nnet_utils/nnet_conv2d_stream.h:229->firmware/nnet_utils/nnet_conv2d_stream.h:267) [195]  (2.19 ns)

 <State 40>: 2.19ns
The critical path consists of the following:
	fifo write on port 'res_V_V' (firmware/nnet_utils/nnet_conv2d_stream.h:229->firmware/nnet_utils/nnet_conv2d_stream.h:267) [196]  (2.19 ns)

 <State 41>: 2.19ns
The critical path consists of the following:
	fifo write on port 'res_V_V' (firmware/nnet_utils/nnet_conv2d_stream.h:229->firmware/nnet_utils/nnet_conv2d_stream.h:267) [197]  (2.19 ns)

 <State 42>: 2.19ns
The critical path consists of the following:
	fifo write on port 'res_V_V' (firmware/nnet_utils/nnet_conv2d_stream.h:229->firmware/nnet_utils/nnet_conv2d_stream.h:267) [198]  (2.19 ns)

 <State 43>: 4.43ns
The critical path consists of the following:
	'icmp' operation ('icmp_ln237', firmware/nnet_utils/nnet_conv2d_stream.h:237->firmware/nnet_utils/nnet_conv2d_stream.h:267) [202]  (2.47 ns)
	blocking operation 1.96 ns on control path)

 <State 44>: 1.77ns
The critical path consists of the following:
	'store' operation ('store_ln252', firmware/nnet_utils/nnet_conv2d_stream.h:252->firmware/nnet_utils/nnet_conv2d_stream.h:267) of variable 'select_ln252', firmware/nnet_utils/nnet_conv2d_stream.h:252->firmware/nnet_utils/nnet_conv2d_stream.h:267 on static variable 'sX_6' [209]  (1.77 ns)


============================================================
+ Verbose Summary: Binding
============================================================
N/A
* FSMD analyzer results:
  - Output states:
 - Input state : 
  - Chain level:
	State 1
	State 2
	State 3
	State 4
	State 5
	State 6
	State 7
	State 8
	State 9
	State 10
	State 11
	State 12
	State 13
	State 14
	State 15
	State 16
	State 17
	State 18
	State 19
	State 20
	State 21
	State 22
	State 23
	State 24
	State 25
	State 26
	State 27
	State 28
	State 29
	State 30
	State 31
	State 32
	State 33
	State 34
	State 35
	State 36
	State 37
	State 38
	State 39
	State 40
	State 41
	State 42
	State 43
	State 44


============================================================
+ Verbose Summary: Datapath Resource usage 
============================================================
N/A
