

================================================================
== Vivado HLS Report for 'Loop_2_proc'
================================================================
* Date:           Wed Jul 27 22:58:10 2022

* Version:        2019.2 (Build 2704478 on Wed Nov 06 22:10:23 MST 2019)
* Project:        myproject_prj
* Solution:       solution1
* Product family: zynq
* Target device:  xc7z020-clg400-1


================================================================
== Performance Estimates
================================================================
+ Timing: 
    * Summary: 
    +--------+---------+----------+------------+
    |  Clock |  Target | Estimated| Uncertainty|
    +--------+---------+----------+------------+
    |ap_clk  | 5.00 ns | 4.367 ns |   0.62 ns  |
    +--------+---------+----------+------------+

+ Latency: 
    * Summary: 
    +---------+---------+-----------+-----------+-------+-------+---------+
    |  Latency (cycles) |   Latency (absolute)  |    Interval   | Pipeline|
    |   min   |   max   |    min    |    max    |  min  |  max  |   Type  |
    +---------+---------+-----------+-----------+-------+-------+---------+
    |    12673|    12673| 63.365 us | 63.365 us |  12673|  12673|   none  |
    +---------+---------+-----------+-----------+-------+-------+---------+

    + Detail: 
        * Instance: 
        N/A

        * Loop: 
        +----------+---------+---------+----------+-----------+-----------+------+----------+
        |          |  Latency (cycles) | Iteration|  Initiation Interval  | Trip |          |
        | Loop Name|   min   |   max   |  Latency |  achieved |   target  | Count| Pipelined|
        +----------+---------+---------+----------+-----------+-----------+------+----------+
        |- Loop 1  |    12672|    12672|        11|          -|          -|  1152|    no    |
        +----------+---------+---------+----------+-----------+-----------+------+----------+

============================================================
+ Verbose Summary: Synthesis Manager
============================================================
InlineROM: 1
ExposeGlobal: 0
============================================================
+ Verbose Summary: CDFG Model
============================================================
IsTopModel: 0
ResetActiveHigh: 1
IsCombinational: 2
IsDatapathOnly: 0
HasWiredReturn: 1
HasMFsm: 0
HasVarLatency: 1
IsPipeline: 0
IsRtlPipelined: 0
IsInstanceOverlapped: 0
IsDontTouch: 0
HasImplIP: 0
IsGatedGlobalClock: 0


============================================================
+ Verbose Summary: Schedule
============================================================
* Number of FSM states : 12
* Pipeline : 0
* Dataflow Pipeline: 0

* FSM state transitions: 
1 --> 2 
2 --> 3 
3 --> 4 
4 --> 5 
5 --> 6 
6 --> 7 
7 --> 8 
8 --> 9 
9 --> 10 
10 --> 11 
11 --> 12 
12 --> 2 

* FSM state operations: 

State 1 <SV = 0> <Delay = 2.18>
ST_1 : Operation 13 [1/1] (0.00ns)   --->   "call void (...)* @_ssdm_op_SpecInterface(i1* %out_last_V, float* %out_data, [5 x i8]* @p_str4, i32 1, i32 1, [5 x i8]* @p_str1, i32 0, i32 0, [1 x i8]* @p_str2, [1 x i8]* @p_str2, [1 x i8]* @p_str2, i32 0, i32 0, i32 0, i32 0, [1 x i8]* @p_str2, [1 x i8]* @p_str2)"   --->   Operation 13 'specinterface' <Predicate = true> <Delay = 0.00>
ST_1 : Operation 14 [1/1] (0.00ns)   --->   "call void (...)* @_ssdm_op_SpecInterface(i32* %out_local_V_V, [8 x i8]* @ap_fifo_str, i32 0, i32 0, [1 x i8]* @p_str, i32 0, i32 0, [1 x i8]* @p_str, [1 x i8]* @p_str, [1 x i8]* @p_str, i32 2, i32 2, i32 16, i32 16, [1 x i8]* @p_str, [1 x i8]* @p_str)"   --->   Operation 14 'specinterface' <Predicate = true> <Delay = 0.00>
ST_1 : Operation 15 [1/1] (0.00ns)   --->   "call void (...)* @_ssdm_op_SpecInterface(i1* %is_last_0_loc_0_i_loc, [8 x i8]* @ap_fifo_str, i32 0, i32 0, [1 x i8]* @p_str, i32 0, i32 0, [1 x i8]* @p_str, [1 x i8]* @p_str, [1 x i8]* @p_str, i32 2, i32 2, i32 16, i32 16, [1 x i8]* @p_str, [11 x i8]* @ScalarProp_str)"   --->   Operation 15 'specinterface' <Predicate = true> <Delay = 0.00>
ST_1 : Operation 16 [1/1] (2.18ns)   --->   "%is_last_0_loc_0_i_loc_read = call i1 @_ssdm_op_Read.ap_fifo.i1P(i1* %is_last_0_loc_0_i_loc)"   --->   Operation 16 'read' 'is_last_0_loc_0_i_loc_read' <Predicate = true> <Delay = 2.18> <Core = "FIFO">   --->   Core 32 'FIFO' <Latency = 0> <II = 1> <Delay = 3.63> <Storage> <Opcode : 'read' 'write' 'nbread' 'nbwrite'> <Ports = 0> <Width = 32> <Depth = 3> <FIFO>
ST_1 : Operation 17 [1/1] (1.76ns)   --->   "br label %0" [firmware/myproject_axi.cpp:55]   --->   Operation 17 'br' <Predicate = true> <Delay = 1.76>

State 2 <SV = 1> <Delay = 2.85>
ST_2 : Operation 18 [1/1] (0.00ns)   --->   "%i1_0_i_i = phi i11 [ 0, %entry ], [ %i, %_ifconv ]"   --->   Operation 18 'phi' 'i1_0_i_i' <Predicate = true> <Delay = 0.00>
ST_2 : Operation 19 [1/1] (1.88ns)   --->   "%icmp_ln55 = icmp eq i11 %i1_0_i_i, -896" [firmware/myproject_axi.cpp:55]   --->   Operation 19 'icmp' 'icmp_ln55' <Predicate = true> <Delay = 1.88> <Core = "Cmp">   --->   Core 25 'Cmp' <Latency = 0> <II = 1> <Delay = 2.47> <FuncUnit> <Opcode : 'icmp'> <InPorts = 2> <OutPorts = 1>
ST_2 : Operation 20 [1/1] (0.00ns)   --->   "%empty = call i32 (...)* @_ssdm_op_SpecLoopTripCount(i64 1152, i64 1152, i64 1152)"   --->   Operation 20 'speclooptripcount' 'empty' <Predicate = true> <Delay = 0.00>
ST_2 : Operation 21 [1/1] (1.63ns)   --->   "%i = add i11 %i1_0_i_i, 1" [firmware/myproject_axi.cpp:55]   --->   Operation 21 'add' 'i' <Predicate = true> <Delay = 1.63> <Core = "AddSub">   --->   Core 14 'AddSub' <Latency = 0> <II = 1> <Delay = 3.52> <FuncUnit> <Opcode : 'add' 'sub'> <InPorts = 2> <OutPorts = 1>
ST_2 : Operation 22 [1/1] (0.00ns)   --->   "br i1 %icmp_ln55, label %.exit, label %_ifconv" [firmware/myproject_axi.cpp:55]   --->   Operation 22 'br' <Predicate = true> <Delay = 0.00>
ST_2 : Operation 23 [1/1] (2.18ns)   --->   "%tmp_V_276 = call i32 @_ssdm_op_Read.ap_fifo.volatile.i32P(i32* %out_local_V_V)" [firmware/myproject_axi.cpp:56]   --->   Operation 23 'read' 'tmp_V_276' <Predicate = (!icmp_ln55)> <Delay = 2.18> <Core = "FIFO">   --->   Core 32 'FIFO' <Latency = 0> <II = 1> <Delay = 3.63> <Storage> <Opcode : 'read' 'write' 'nbread' 'nbwrite'> <Ports = 0> <Width = 32> <Depth = 3> <FIFO>
ST_2 : Operation 24 [1/1] (1.88ns)   --->   "%icmp_ln57 = icmp eq i11 %i1_0_i_i, -897" [firmware/myproject_axi.cpp:57]   --->   Operation 24 'icmp' 'icmp_ln57' <Predicate = (!icmp_ln55)> <Delay = 1.88> <Core = "Cmp">   --->   Core 25 'Cmp' <Latency = 0> <II = 1> <Delay = 2.47> <FuncUnit> <Opcode : 'icmp'> <InPorts = 2> <OutPorts = 1>
ST_2 : Operation 25 [1/1] (0.97ns)   --->   "%last = and i1 %is_last_0_loc_0_i_loc_read, %icmp_ln57" [firmware/myproject_axi.cpp:57]   --->   Operation 25 'and' 'last' <Predicate = (!icmp_ln55)> <Delay = 0.97> <Core = "LogicGate">   --->   Core 27 'LogicGate' <Latency = 0> <II = 1> <Delay = 0.97> <FuncUnit> <Opcode : 'and' 'or' 'xor'> <InPorts = 2> <OutPorts = 1>
ST_2 : Operation 26 [1/1] (0.00ns)   --->   "%p_Result_3 = call i1 @_ssdm_op_BitSelect.i1.i32.i32(i32 %tmp_V_276, i32 31)" [firmware/myproject_axi.cpp:58]   --->   Operation 26 'bitselect' 'p_Result_3' <Predicate = (!icmp_ln55)> <Delay = 0.00>
ST_2 : Operation 27 [1/1] (0.00ns)   --->   "ret void"   --->   Operation 27 'ret' <Predicate = (icmp_ln55)> <Delay = 0.00>

State 3 <SV = 2> <Delay = 2.55>
ST_3 : Operation 28 [1/1] (2.55ns)   --->   "%tmp_V = sub nsw i32 0, %tmp_V_276" [firmware/myproject_axi.cpp:58]   --->   Operation 28 'sub' 'tmp_V' <Predicate = (p_Result_3)> <Delay = 2.55> <Core = "AddSub">   --->   Core 14 'AddSub' <Latency = 0> <II = 1> <Delay = 3.52> <FuncUnit> <Opcode : 'add' 'sub'> <InPorts = 2> <OutPorts = 1>

State 4 <SV = 3> <Delay = 4.09>
ST_4 : Operation 29 [1/1] (2.47ns)   --->   "%icmp_ln935 = icmp eq i32 %tmp_V_276, 0" [firmware/myproject_axi.cpp:58]   --->   Operation 29 'icmp' 'icmp_ln935' <Predicate = true> <Delay = 2.47> <Core = "Cmp">   --->   Core 25 'Cmp' <Latency = 0> <II = 1> <Delay = 2.47> <FuncUnit> <Opcode : 'icmp'> <InPorts = 2> <OutPorts = 1>
ST_4 : Operation 30 [1/1] (0.69ns)   --->   "%tmp_V_277 = select i1 %p_Result_3, i32 %tmp_V, i32 %tmp_V_276" [firmware/myproject_axi.cpp:58]   --->   Operation 30 'select' 'tmp_V_277' <Predicate = true> <Delay = 0.69> <Core = "Sel">   --->   Core 26 'Sel' <Latency = 0> <II = 1> <Delay = 0.69> <FuncUnit> <Opcode : 'select'> <InPorts = 3> <OutPorts = 1>
ST_4 : Operation 31 [1/1] (0.00ns)   --->   "%p_Result_4 = call i32 @_ssdm_op_PartSelect.i32.i32.i32.i32(i32 %tmp_V_277, i32 31, i32 0)" [firmware/myproject_axi.cpp:58]   --->   Operation 31 'partselect' 'p_Result_4' <Predicate = true> <Delay = 0.00>
ST_4 : Operation 32 [1/1] (3.39ns)   --->   "%l = call i32 @llvm.cttz.i32(i32 %p_Result_4, i1 true) nounwind" [firmware/myproject_axi.cpp:58]   --->   Operation 32 'cttz' 'l' <Predicate = true> <Delay = 3.39> <Core = "CTTZ">   --->   Core 64 'CTTZ' <Latency = 0> <II = 1> <Delay = 3.39> <FuncUnit> <Opcode : 'cttz'> <InPorts = 1> <OutPorts = 1>
ST_4 : Operation 33 [1/1] (0.00ns)   --->   "%trunc_ln943 = trunc i32 %l to i8" [firmware/myproject_axi.cpp:58]   --->   Operation 33 'trunc' 'trunc_ln943' <Predicate = true> <Delay = 0.00>

State 5 <SV = 4> <Delay = 2.55>
ST_5 : Operation 34 [1/1] (2.55ns)   --->   "%sub_ln944 = sub nsw i32 32, %l" [firmware/myproject_axi.cpp:58]   --->   Operation 34 'sub' 'sub_ln944' <Predicate = (!icmp_ln935)> <Delay = 2.55> <Core = "AddSub">   --->   Core 14 'AddSub' <Latency = 0> <II = 1> <Delay = 3.52> <FuncUnit> <Opcode : 'add' 'sub'> <InPorts = 2> <OutPorts = 1>
ST_5 : Operation 35 [1/1] (0.00ns)   --->   "%trunc_ln947 = trunc i32 %sub_ln944 to i6" [firmware/myproject_axi.cpp:58]   --->   Operation 35 'trunc' 'trunc_ln947' <Predicate = (!icmp_ln935)> <Delay = 0.00>

State 6 <SV = 5> <Delay = 2.55>
ST_6 : Operation 36 [1/1] (2.55ns)   --->   "%lsb_index = add nsw i32 -24, %sub_ln944" [firmware/myproject_axi.cpp:58]   --->   Operation 36 'add' 'lsb_index' <Predicate = (!icmp_ln935)> <Delay = 2.55> <Core = "AddSub">   --->   Core 14 'AddSub' <Latency = 0> <II = 1> <Delay = 3.52> <FuncUnit> <Opcode : 'add' 'sub'> <InPorts = 2> <OutPorts = 1>
ST_6 : Operation 37 [1/1] (0.00ns)   --->   "%tmp = call i31 @_ssdm_op_PartSelect.i31.i32.i32.i32(i32 %lsb_index, i32 1, i32 31)" [firmware/myproject_axi.cpp:58]   --->   Operation 37 'partselect' 'tmp' <Predicate = (!icmp_ln935)> <Delay = 0.00>
ST_6 : Operation 38 [1/1] (1.82ns)   --->   "%sub_ln947 = sub i6 -7, %trunc_ln947" [firmware/myproject_axi.cpp:58]   --->   Operation 38 'sub' 'sub_ln947' <Predicate = (!icmp_ln935)> <Delay = 1.82> <Core = "AddSub">   --->   Core 14 'AddSub' <Latency = 0> <II = 1> <Delay = 3.52> <FuncUnit> <Opcode : 'add' 'sub'> <InPorts = 2> <OutPorts = 1>
ST_6 : Operation 39 [1/1] (2.55ns)   --->   "%add_ln958 = add nsw i32 -25, %sub_ln944" [firmware/myproject_axi.cpp:58]   --->   Operation 39 'add' 'add_ln958' <Predicate = (!icmp_ln935)> <Delay = 2.55> <Core = "AddSub">   --->   Core 14 'AddSub' <Latency = 0> <II = 1> <Delay = 3.52> <FuncUnit> <Opcode : 'add' 'sub'> <InPorts = 2> <OutPorts = 1>
ST_6 : Operation 40 [1/1] (2.55ns)   --->   "%sub_ln958 = sub i32 25, %sub_ln944" [firmware/myproject_axi.cpp:58]   --->   Operation 40 'sub' 'sub_ln958' <Predicate = (!icmp_ln935)> <Delay = 2.55> <Core = "AddSub">   --->   Core 14 'AddSub' <Latency = 0> <II = 1> <Delay = 3.52> <FuncUnit> <Opcode : 'add' 'sub'> <InPorts = 2> <OutPorts = 1>

State 7 <SV = 6> <Delay = 3.91>
ST_7 : Operation 41 [1/1] (2.47ns)   --->   "%icmp_ln947 = icmp sgt i31 %tmp, 0" [firmware/myproject_axi.cpp:58]   --->   Operation 41 'icmp' 'icmp_ln947' <Predicate = (!icmp_ln935)> <Delay = 2.47> <Core = "Cmp">   --->   Core 25 'Cmp' <Latency = 0> <II = 1> <Delay = 2.47> <FuncUnit> <Opcode : 'icmp'> <InPorts = 2> <OutPorts = 1>
ST_7 : Operation 42 [1/1] (0.00ns) (grouped into LUT with out node icmp_ln947_1)   --->   "%zext_ln947 = zext i6 %sub_ln947 to i32" [firmware/myproject_axi.cpp:58]   --->   Operation 42 'zext' 'zext_ln947' <Predicate = (!icmp_ln935)> <Delay = 0.00>
ST_7 : Operation 43 [1/1] (0.00ns) (grouped into LUT with out node icmp_ln947_1)   --->   "%lshr_ln947 = lshr i32 -1, %zext_ln947" [firmware/myproject_axi.cpp:58]   --->   Operation 43 'lshr' 'lshr_ln947' <Predicate = (!icmp_ln935)> <Delay = 0.00> <Core = "Shift">   --->   Core 28 'Shift' <Latency = 0> <II = 1> <Delay = 2.94> <FuncUnit> <Opcode : 'shl' 'lshr' 'ashr'> <InPorts = 2> <OutPorts = 1>
ST_7 : Operation 44 [1/1] (0.00ns) (grouped into LUT with out node icmp_ln947_1)   --->   "%p_Result_s = and i32 %tmp_V_277, %lshr_ln947" [firmware/myproject_axi.cpp:58]   --->   Operation 44 'and' 'p_Result_s' <Predicate = (!icmp_ln935)> <Delay = 0.00> <Core = "LogicGate">   --->   Core 27 'LogicGate' <Latency = 0> <II = 1> <Delay = 0.97> <FuncUnit> <Opcode : 'and' 'or' 'xor'> <InPorts = 2> <OutPorts = 1>
ST_7 : Operation 45 [1/1] (2.94ns) (out node of the LUT)   --->   "%icmp_ln947_1 = icmp ne i32 %p_Result_s, 0" [firmware/myproject_axi.cpp:58]   --->   Operation 45 'icmp' 'icmp_ln947_1' <Predicate = (!icmp_ln935)> <Delay = 2.94> <Core = "Cmp">   --->   Core 25 'Cmp' <Latency = 0> <II = 1> <Delay = 2.47> <FuncUnit> <Opcode : 'icmp'> <InPorts = 2> <OutPorts = 1>
ST_7 : Operation 46 [1/1] (0.00ns) (grouped into LUT with out node or_ln_i_i)   --->   "%a = and i1 %icmp_ln947, %icmp_ln947_1" [firmware/myproject_axi.cpp:58]   --->   Operation 46 'and' 'a' <Predicate = (!icmp_ln935)> <Delay = 0.00> <Core = "LogicGate">   --->   Core 27 'LogicGate' <Latency = 0> <II = 1> <Delay = 0.97> <FuncUnit> <Opcode : 'and' 'or' 'xor'> <InPorts = 2> <OutPorts = 1>
ST_7 : Operation 47 [1/1] (0.00ns) (grouped into LUT with out node or_ln_i_i)   --->   "%tmp_36 = call i1 @_ssdm_op_BitSelect.i1.i32.i32(i32 %lsb_index, i32 31)" [firmware/myproject_axi.cpp:58]   --->   Operation 47 'bitselect' 'tmp_36' <Predicate = (!icmp_ln935)> <Delay = 0.00>
ST_7 : Operation 48 [1/1] (0.00ns) (grouped into LUT with out node or_ln_i_i)   --->   "%xor_ln949 = xor i1 %tmp_36, true" [firmware/myproject_axi.cpp:58]   --->   Operation 48 'xor' 'xor_ln949' <Predicate = (!icmp_ln935)> <Delay = 0.00> <Core = "LogicGate">   --->   Core 27 'LogicGate' <Latency = 0> <II = 1> <Delay = 0.97> <FuncUnit> <Opcode : 'and' 'or' 'xor'> <InPorts = 2> <OutPorts = 1>
ST_7 : Operation 49 [1/1] (0.00ns) (grouped into LUT with out node or_ln_i_i)   --->   "%p_Result_1 = call i1 @_ssdm_op_BitSelect.i1.i32.i32(i32 %tmp_V_277, i32 %lsb_index)" [firmware/myproject_axi.cpp:58]   --->   Operation 49 'bitselect' 'p_Result_1' <Predicate = (!icmp_ln935)> <Delay = 0.00>
ST_7 : Operation 50 [1/1] (0.00ns) (grouped into LUT with out node or_ln_i_i)   --->   "%and_ln949 = and i1 %p_Result_1, %xor_ln949" [firmware/myproject_axi.cpp:58]   --->   Operation 50 'and' 'and_ln949' <Predicate = (!icmp_ln935)> <Delay = 0.00> <Core = "LogicGate">   --->   Core 27 'LogicGate' <Latency = 0> <II = 1> <Delay = 0.97> <FuncUnit> <Opcode : 'and' 'or' 'xor'> <InPorts = 2> <OutPorts = 1>
ST_7 : Operation 51 [1/1] (0.00ns) (grouped into LUT with out node or_ln_i_i)   --->   "%or_ln949 = or i1 %and_ln949, %a" [firmware/myproject_axi.cpp:58]   --->   Operation 51 'or' 'or_ln949' <Predicate = (!icmp_ln935)> <Delay = 0.00> <Core = "LogicGate">   --->   Core 27 'LogicGate' <Latency = 0> <II = 1> <Delay = 0.97> <FuncUnit> <Opcode : 'and' 'or' 'xor'> <InPorts = 2> <OutPorts = 1>
ST_7 : Operation 52 [1/1] (0.97ns) (out node of the LUT)   --->   "%or_ln_i_i = call i32 @_ssdm_op_BitConcatenate.i32.i31.i1(i31 0, i1 %or_ln949)" [firmware/myproject_axi.cpp:58]   --->   Operation 52 'bitconcatenate' 'or_ln_i_i' <Predicate = (!icmp_ln935)> <Delay = 0.97>
ST_7 : Operation 53 [1/1] (0.00ns)   --->   "%m = zext i32 %tmp_V_277 to i64" [firmware/myproject_axi.cpp:58]   --->   Operation 53 'zext' 'm' <Predicate = (!icmp_ln935)> <Delay = 0.00>
ST_7 : Operation 54 [1/1] (2.47ns)   --->   "%icmp_ln958 = icmp sgt i32 %lsb_index, 0" [firmware/myproject_axi.cpp:58]   --->   Operation 54 'icmp' 'icmp_ln958' <Predicate = (!icmp_ln935)> <Delay = 2.47> <Core = "Cmp">   --->   Core 25 'Cmp' <Latency = 0> <II = 1> <Delay = 2.47> <FuncUnit> <Opcode : 'icmp'> <InPorts = 2> <OutPorts = 1>
ST_7 : Operation 55 [2/2] (3.60ns)   --->   "%lshr_ln958 = lshr i32 %tmp_V_277, %add_ln958" [firmware/myproject_axi.cpp:58]   --->   Operation 55 'lshr' 'lshr_ln958' <Predicate = (!icmp_ln935)> <Delay = 3.60> <Core = "ShiftnS">   --->   Core 29 'ShiftnS' <Latency = 1> <II = 1> <Delay = 3.60> <FuncUnit> <Opcode : 'shl' 'lshr' 'ashr'> <InPorts = 2> <OutPorts = 1>
ST_7 : Operation 56 [1/1] (0.00ns)   --->   "%zext_ln958_1 = zext i32 %sub_ln958 to i64" [firmware/myproject_axi.cpp:58]   --->   Operation 56 'zext' 'zext_ln958_1' <Predicate = (!icmp_ln935)> <Delay = 0.00>
ST_7 : Operation 57 [2/2] (3.60ns)   --->   "%shl_ln958 = shl i64 %m, %zext_ln958_1" [firmware/myproject_axi.cpp:58]   --->   Operation 57 'shl' 'shl_ln958' <Predicate = (!icmp_ln935)> <Delay = 3.60> <Core = "ShiftnS">   --->   Core 29 'ShiftnS' <Latency = 1> <II = 1> <Delay = 3.60> <FuncUnit> <Opcode : 'shl' 'lshr' 'ashr'> <InPorts = 2> <OutPorts = 1>

State 8 <SV = 7> <Delay = 3.60>
ST_8 : Operation 58 [1/2] (3.60ns)   --->   "%lshr_ln958 = lshr i32 %tmp_V_277, %add_ln958" [firmware/myproject_axi.cpp:58]   --->   Operation 58 'lshr' 'lshr_ln958' <Predicate = (!icmp_ln935)> <Delay = 3.60> <Core = "ShiftnS">   --->   Core 29 'ShiftnS' <Latency = 1> <II = 1> <Delay = 3.60> <FuncUnit> <Opcode : 'shl' 'lshr' 'ashr'> <InPorts = 2> <OutPorts = 1>
ST_8 : Operation 59 [1/2] (3.60ns)   --->   "%shl_ln958 = shl i64 %m, %zext_ln958_1" [firmware/myproject_axi.cpp:58]   --->   Operation 59 'shl' 'shl_ln958' <Predicate = (!icmp_ln935)> <Delay = 3.60> <Core = "ShiftnS">   --->   Core 29 'ShiftnS' <Latency = 1> <II = 1> <Delay = 3.60> <FuncUnit> <Opcode : 'shl' 'lshr' 'ashr'> <InPorts = 2> <OutPorts = 1>

State 9 <SV = 8> <Delay = 3.52>
ST_9 : Operation 60 [1/1] (0.00ns) (grouped into LUT with out node m_2)   --->   "%zext_ln958 = zext i32 %lshr_ln958 to i64" [firmware/myproject_axi.cpp:58]   --->   Operation 60 'zext' 'zext_ln958' <Predicate = (icmp_ln958 & !icmp_ln935)> <Delay = 0.00>
ST_9 : Operation 61 [1/1] (0.00ns) (grouped into LUT with out node m_2)   --->   "%m_1 = select i1 %icmp_ln958, i64 %zext_ln958, i64 %shl_ln958" [firmware/myproject_axi.cpp:58]   --->   Operation 61 'select' 'm_1' <Predicate = (!icmp_ln935)> <Delay = 0.00> <Core = "Sel">   --->   Core 26 'Sel' <Latency = 0> <II = 1> <Delay = 0.69> <FuncUnit> <Opcode : 'select'> <InPorts = 3> <OutPorts = 1>
ST_9 : Operation 62 [1/1] (0.00ns) (grouped into LUT with out node m_2)   --->   "%zext_ln961 = zext i32 %or_ln_i_i to i64" [firmware/myproject_axi.cpp:58]   --->   Operation 62 'zext' 'zext_ln961' <Predicate = (!icmp_ln935)> <Delay = 0.00>
ST_9 : Operation 63 [1/1] (3.52ns) (out node of the LUT)   --->   "%m_2 = add i64 %zext_ln961, %m_1" [firmware/myproject_axi.cpp:58]   --->   Operation 63 'add' 'm_2' <Predicate = (!icmp_ln935)> <Delay = 3.52> <Core = "AddSub">   --->   Core 14 'AddSub' <Latency = 0> <II = 1> <Delay = 3.52> <FuncUnit> <Opcode : 'add' 'sub'> <InPorts = 2> <OutPorts = 1>
ST_9 : Operation 64 [1/1] (0.00ns)   --->   "%m_5 = call i63 @_ssdm_op_PartSelect.i63.i64.i32.i32(i64 %m_2, i32 1, i32 63)" [firmware/myproject_axi.cpp:58]   --->   Operation 64 'partselect' 'm_5' <Predicate = (!icmp_ln935)> <Delay = 0.00>
ST_9 : Operation 65 [1/1] (0.00ns)   --->   "%tmp_37 = call i1 @_ssdm_op_BitSelect.i1.i64.i32(i64 %m_2, i32 25)" [firmware/myproject_axi.cpp:58]   --->   Operation 65 'bitselect' 'tmp_37' <Predicate = (!icmp_ln935)> <Delay = 0.00>

State 10 <SV = 9> <Delay = 1.24>
ST_10 : Operation 66 [1/1] (1.24ns)   --->   "%select_ln964 = select i1 %tmp_37, i8 127, i8 126" [firmware/myproject_axi.cpp:58]   --->   Operation 66 'select' 'select_ln964' <Predicate = (!icmp_ln935)> <Delay = 1.24> <Core = "Sel">   --->   Core 26 'Sel' <Latency = 0> <II = 1> <Delay = 0.69> <FuncUnit> <Opcode : 'select'> <InPorts = 3> <OutPorts = 1>

State 11 <SV = 10> <Delay = 4.36>
ST_11 : Operation 67 [1/1] (0.00ns)   --->   "%m_6 = zext i63 %m_5 to i64" [firmware/myproject_axi.cpp:58]   --->   Operation 67 'zext' 'm_6' <Predicate = (!icmp_ln935)> <Delay = 0.00>
ST_11 : Operation 68 [1/1] (0.00ns) (grouped into TernaryAdder)   --->   "%sub_ln964 = sub i8 16, %trunc_ln943" [firmware/myproject_axi.cpp:58]   --->   Operation 68 'sub' 'sub_ln964' <Predicate = (!icmp_ln935)> <Delay = 0.00> <Core = "TAddSub">   --->   Core 83 'TAddSub' <Latency = 0> <II = 1> <Delay = 1.83> <IPBlock> <Opcode : 'add' 'sub'> <InPorts = 3> <OutPorts = 1> <Sync> <CReg>
ST_11 : Operation 69 [1/1] (3.66ns) (root node of TernaryAdder)   --->   "%add_ln964 = add i8 %sub_ln964, %select_ln964" [firmware/myproject_axi.cpp:58]   --->   Operation 69 'add' 'add_ln964' <Predicate = (!icmp_ln935)> <Delay = 3.66> <Core = "TAddSub">   --->   Core 83 'TAddSub' <Latency = 0> <II = 1> <Delay = 1.83> <IPBlock> <Opcode : 'add' 'sub'> <InPorts = 3> <OutPorts = 1> <Sync> <CReg>
ST_11 : Operation 70 [1/1] (0.00ns)   --->   "%tmp_2170_i_i = call i9 @_ssdm_op_BitConcatenate.i9.i1.i8(i1 %p_Result_3, i8 %add_ln964)" [firmware/myproject_axi.cpp:58]   --->   Operation 70 'bitconcatenate' 'tmp_2170_i_i' <Predicate = (!icmp_ln935)> <Delay = 0.00>
ST_11 : Operation 71 [1/1] (0.00ns)   --->   "%p_Result_5 = call i64 @_ssdm_op_PartSet.i64.i64.i9.i32.i32(i64 %m_6, i9 %tmp_2170_i_i, i32 23, i32 31)" [firmware/myproject_axi.cpp:58]   --->   Operation 71 'partset' 'p_Result_5' <Predicate = (!icmp_ln935)> <Delay = 0.00>
ST_11 : Operation 72 [1/1] (0.00ns)   --->   "%trunc_ln738 = trunc i64 %p_Result_5 to i32" [firmware/myproject_axi.cpp:58]   --->   Operation 72 'trunc' 'trunc_ln738' <Predicate = (!icmp_ln935)> <Delay = 0.00>
ST_11 : Operation 73 [1/1] (0.00ns)   --->   "%bitcast_ln739 = bitcast i32 %trunc_ln738 to float" [firmware/myproject_axi.cpp:58]   --->   Operation 73 'bitcast' 'bitcast_ln739' <Predicate = (!icmp_ln935)> <Delay = 0.00>
ST_11 : Operation 74 [1/1] (0.69ns)   --->   "%select_ln935 = select i1 %icmp_ln935, float 0.000000e+00, float %bitcast_ln739" [firmware/myproject_axi.cpp:58]   --->   Operation 74 'select' 'select_ln935' <Predicate = true> <Delay = 0.69> <Core = "Sel">   --->   Core 26 'Sel' <Latency = 0> <II = 1> <Delay = 0.69> <FuncUnit> <Opcode : 'select'> <InPorts = 3> <OutPorts = 1>
ST_11 : Operation 75 [2/2] (0.00ns)   --->   "call void @_ssdm_op_Write.axis.volatile.i1P.floatP(i1* %out_last_V, float* %out_data, i1 %last, float %select_ln935)" [firmware/myproject_axi.h:23->firmware/myproject_axi.cpp:58]   --->   Operation 75 'write' <Predicate = true> <Delay = 0.00> <Core = "AXI4Stream">   --->   Core 5 'AXI4Stream' <Latency = 0> <II = 1> <Delay = 1.00> <Adapter> <Opcode : >

State 12 <SV = 11> <Delay = 0.00>
ST_12 : Operation 76 [1/2] (0.00ns)   --->   "call void @_ssdm_op_Write.axis.volatile.i1P.floatP(i1* %out_last_V, float* %out_data, i1 %last, float %select_ln935)" [firmware/myproject_axi.h:23->firmware/myproject_axi.cpp:58]   --->   Operation 76 'write' <Predicate = true> <Delay = 0.00> <Core = "AXI4Stream">   --->   Core 5 'AXI4Stream' <Latency = 0> <II = 1> <Delay = 1.00> <Adapter> <Opcode : >
ST_12 : Operation 77 [1/1] (0.00ns)   --->   "br label %0" [firmware/myproject_axi.cpp:55]   --->   Operation 77 'br' <Predicate = true> <Delay = 0.00>


============================================================
+ Verbose Summary: Timing violations
============================================================
Target clock period: 5ns, clock uncertainty: 0.625ns.

 <State 1>: 2.19ns
The critical path consists of the following:
	fifo read on port 'is_last_0_loc_0_i_loc' [8]  (2.19 ns)

 <State 2>: 2.86ns
The critical path consists of the following:
	'phi' operation ('i') with incoming values : ('i', firmware/myproject_axi.cpp:55) [11]  (0 ns)
	'icmp' operation ('icmp_ln57', firmware/myproject_axi.cpp:57) [18]  (1.88 ns)
	'and' operation ('last', firmware/myproject_axi.cpp:57) [19]  (0.978 ns)

 <State 3>: 2.55ns
The critical path consists of the following:
	'sub' operation ('tmp.V', firmware/myproject_axi.cpp:58) [22]  (2.55 ns)

 <State 4>: 4.1ns
The critical path consists of the following:
	'select' operation ('tmp.V', firmware/myproject_axi.cpp:58) [23]  (0.698 ns)
	'cttz' operation ('l', firmware/myproject_axi.cpp:58) [25]  (3.4 ns)

 <State 5>: 2.55ns
The critical path consists of the following:
	'sub' operation ('sub_ln944', firmware/myproject_axi.cpp:58) [26]  (2.55 ns)

 <State 6>: 2.55ns
The critical path consists of the following:
	'add' operation ('lsb_index', firmware/myproject_axi.cpp:58) [27]  (2.55 ns)

 <State 7>: 3.92ns
The critical path consists of the following:
	'lshr' operation ('lshr_ln947', firmware/myproject_axi.cpp:58) [33]  (0 ns)
	'and' operation ('__Result__', firmware/myproject_axi.cpp:58) [34]  (0 ns)
	'icmp' operation ('icmp_ln947_1', firmware/myproject_axi.cpp:58) [35]  (2.94 ns)
	'and' operation ('a', firmware/myproject_axi.cpp:58) [36]  (0 ns)
	'or' operation ('or_ln949', firmware/myproject_axi.cpp:58) [41]  (0 ns)
	blocking operation 0.978 ns on control path)

 <State 8>: 3.61ns
The critical path consists of the following:
	'lshr' operation ('lshr_ln958', firmware/myproject_axi.cpp:58) [46]  (3.61 ns)

 <State 9>: 3.52ns
The critical path consists of the following:
	'select' operation ('m', firmware/myproject_axi.cpp:58) [51]  (0 ns)
	'add' operation ('m', firmware/myproject_axi.cpp:58) [53]  (3.52 ns)

 <State 10>: 1.25ns
The critical path consists of the following:
	'select' operation ('select_ln964', firmware/myproject_axi.cpp:58) [57]  (1.25 ns)

 <State 11>: 4.37ns
The critical path consists of the following:
	'sub' operation ('sub_ln964', firmware/myproject_axi.cpp:58) [59]  (0 ns)
	'add' operation ('add_ln964', firmware/myproject_axi.cpp:58) [60]  (3.67 ns)
	'select' operation ('select_ln935', firmware/myproject_axi.cpp:58) [65]  (0.698 ns)

 <State 12>: 0ns
The critical path consists of the following:


============================================================
+ Verbose Summary: Binding
============================================================
N/A
* FSMD analyzer results:
  - Output states:
 - Input state : 
  - Chain level:
	State 1
	State 2
	State 3
	State 4
	State 5
	State 6
	State 7
	State 8
	State 9
	State 10
	State 11
	State 12


============================================================
+ Verbose Summary: Datapath Resource usage 
============================================================
N/A
