

================================================================
== Vivado HLS Report for 'Loop_1_proc554'
================================================================
* Date:           Wed Jul 27 22:57:27 2022

* Version:        2019.2 (Build 2704478 on Wed Nov 06 22:10:23 MST 2019)
* Project:        myproject_prj
* Solution:       solution1
* Product family: zynq
* Target device:  xc7z020-clg400-1


================================================================
== Performance Estimates
================================================================
+ Timing: 
    * Summary: 
    +--------+---------+----------+------------+
    |  Clock |  Target | Estimated| Uncertainty|
    +--------+---------+----------+------------+
    |ap_clk  | 5.00 ns | 4.234 ns |   0.62 ns  |
    +--------+---------+----------+------------+

+ Latency: 
    * Summary: 
    +---------+---------+----------+----------+--------+--------+---------+
    |  Latency (cycles) |  Latency (absolute) |     Interval    | Pipeline|
    |   min   |   max   |    min   |    max   |   min  |   max  |   Type  |
    +---------+---------+----------+----------+--------+--------+---------+
    |   344065|   344065| 1.720 ms | 1.720 ms |  344065|  344065|   none  |
    +---------+---------+----------+----------+--------+--------+---------+

    + Detail: 
        * Instance: 
        N/A

        * Loop: 
        +----------+---------+---------+----------+-----------+-----------+-------+----------+
        |          |  Latency (cycles) | Iteration|  Initiation Interval  |  Trip |          |
        | Loop Name|   min   |   max   |  Latency |  achieved |   target  | Count | Pipelined|
        +----------+---------+---------+----------+-----------+-----------+-------+----------+
        |- Loop 1  |   344064|   344064|         7|          -|          -|  49152|    no    |
        +----------+---------+---------+----------+-----------+-----------+-------+----------+

============================================================
+ Verbose Summary: Synthesis Manager
============================================================
InlineROM: 1
ExposeGlobal: 0
============================================================
+ Verbose Summary: CDFG Model
============================================================
IsTopModel: 0
ResetActiveHigh: 1
IsCombinational: 2
IsDatapathOnly: 0
HasWiredReturn: 1
HasMFsm: 0
HasVarLatency: 1
IsPipeline: 0
IsRtlPipelined: 0
IsInstanceOverlapped: 0
IsDontTouch: 0
HasImplIP: 0
IsGatedGlobalClock: 0


============================================================
+ Verbose Summary: Schedule
============================================================
* Number of FSM states : 8
* Pipeline : 0
* Dataflow Pipeline: 0

* FSM state transitions: 
1 --> 2 
2 --> 3 
3 --> 4 
4 --> 5 
5 --> 6 
6 --> 7 
7 --> 8 
8 --> 2 

* FSM state operations: 

State 1 <SV = 0> <Delay = 1.76>
ST_1 : Operation 9 [1/1] (0.00ns)   --->   "call void (...)* @_ssdm_op_SpecInterface(i1* %in_last_V, float* %in_data, [5 x i8]* @p_str4, i32 1, i32 1, [5 x i8]* @p_str1, i32 0, i32 0, [1 x i8]* @p_str2, [1 x i8]* @p_str2, [1 x i8]* @p_str2, i32 0, i32 0, i32 0, i32 0, [1 x i8]* @p_str2, [1 x i8]* @p_str2)"   --->   Operation 9 'specinterface' <Predicate = true> <Delay = 0.00>
ST_1 : Operation 10 [1/1] (0.00ns)   --->   "call void (...)* @_ssdm_op_SpecInterface(i32* %in_local_V_V, [8 x i8]* @ap_fifo_str, i32 0, i32 0, [1 x i8]* @p_str, i32 0, i32 0, [1 x i8]* @p_str, [1 x i8]* @p_str, [1 x i8]* @p_str, i32 2, i32 2, i32 16, i32 16, [1 x i8]* @p_str, [1 x i8]* @p_str)"   --->   Operation 10 'specinterface' <Predicate = true> <Delay = 0.00>
ST_1 : Operation 11 [1/1] (1.76ns)   --->   "br label %0"   --->   Operation 11 'br' <Predicate = true> <Delay = 1.76>

State 2 <SV = 1> <Delay = 3.69>
ST_2 : Operation 12 [1/1] (0.00ns)   --->   "%is_last_0_loc_0_i_out_dc_0 = phi i1 [ false, %entry ], [ %is_last, %_ifconv ]"   --->   Operation 12 'phi' 'is_last_0_loc_0_i_out_dc_0' <Predicate = true> <Delay = 0.00>
ST_2 : Operation 13 [1/1] (0.00ns)   --->   "%i_0_i_i_i = phi i16 [ 0, %entry ], [ %i, %_ifconv ]"   --->   Operation 13 'phi' 'i_0_i_i_i' <Predicate = true> <Delay = 0.00>
ST_2 : Operation 14 [1/1] (2.42ns)   --->   "%icmp_ln46 = icmp eq i16 %i_0_i_i_i, -16384" [firmware/myproject_axi.cpp:46->firmware/myproject_axi.cpp:34]   --->   Operation 14 'icmp' 'icmp_ln46' <Predicate = true> <Delay = 2.42> <Core = "Cmp">   --->   Core 25 'Cmp' <Latency = 0> <II = 1> <Delay = 1.48> <FuncUnit> <Opcode : 'icmp'> <InPorts = 2> <OutPorts = 1>
ST_2 : Operation 15 [1/1] (0.00ns)   --->   "%empty = call i32 (...)* @_ssdm_op_SpecLoopTripCount(i64 49152, i64 49152, i64 49152)"   --->   Operation 15 'speclooptripcount' 'empty' <Predicate = true> <Delay = 0.00>
ST_2 : Operation 16 [1/1] (2.07ns)   --->   "%i = add i16 %i_0_i_i_i, 1" [firmware/myproject_axi.cpp:46->firmware/myproject_axi.cpp:34]   --->   Operation 16 'add' 'i' <Predicate = true> <Delay = 2.07> <Core = "AddSub">   --->   Core 14 'AddSub' <Latency = 0> <II = 1> <Delay = 1.54> <FuncUnit> <Opcode : 'add' 'sub'> <InPorts = 2> <OutPorts = 1>
ST_2 : Operation 17 [1/1] (0.00ns)   --->   "br i1 %icmp_ln46, label %.exit, label %_ifconv" [firmware/myproject_axi.cpp:46->firmware/myproject_axi.cpp:34]   --->   Operation 17 'br' <Predicate = true> <Delay = 0.00>
ST_2 : Operation 18 [1/1] (0.00ns)   --->   "%empty_450 = call { i1, float } @_ssdm_op_Read.axis.volatile.i1P.floatP(i1* %in_last_V, float* %in_data)" [firmware/myproject_axi.cpp:49->firmware/myproject_axi.cpp:34]   --->   Operation 18 'read' 'empty_450' <Predicate = (!icmp_ln46)> <Delay = 0.00> <Core = "AXI4Stream">   --->   Core 5 'AXI4Stream' <Latency = 0> <II = 1> <Delay = 1.00> <Adapter> <Opcode : >
ST_2 : Operation 19 [1/1] (0.00ns) (grouped into LUT with out node is_last)   --->   "%in_last_V_tmp = extractvalue { i1, float } %empty_450, 0" [firmware/myproject_axi.cpp:49->firmware/myproject_axi.cpp:34]   --->   Operation 19 'extractvalue' 'in_last_V_tmp' <Predicate = (!icmp_ln46)> <Delay = 0.00>
ST_2 : Operation 20 [1/1] (0.00ns)   --->   "%in_data_tmp = extractvalue { i1, float } %empty_450, 1" [firmware/myproject_axi.cpp:49->firmware/myproject_axi.cpp:34]   --->   Operation 20 'extractvalue' 'in_data_tmp' <Predicate = (!icmp_ln46)> <Delay = 0.00>
ST_2 : Operation 21 [3/3] (3.69ns)   --->   "%d_assign = fpext float %in_data_tmp to double" [firmware/myproject_axi.cpp:48->firmware/myproject_axi.cpp:34]   --->   Operation 21 'fpext' 'd_assign' <Predicate = (!icmp_ln46)> <Delay = 3.69> <Core = "Float2Double">   --->   Core 114 'Float2Double' <Latency = 2> <II = 1> <Delay = 3.69> <FuncUnit> <Opcode : 'fpext'> <InPorts = 1> <OutPorts = 1>
ST_2 : Operation 22 [1/1] (0.97ns) (out node of the LUT)   --->   "%is_last = or i1 %in_last_V_tmp, %is_last_0_loc_0_i_out_dc_0" [firmware/myproject_axi.cpp:49->firmware/myproject_axi.cpp:34]   --->   Operation 22 'or' 'is_last' <Predicate = (!icmp_ln46)> <Delay = 0.97> <Core = "LogicGate">   --->   Core 27 'LogicGate' <Latency = 0> <II = 1> <Delay = 0.97> <FuncUnit> <Opcode : 'and' 'or' 'xor'> <InPorts = 2> <OutPorts = 1>
ST_2 : Operation 23 [1/1] (0.00ns)   --->   "call void (...)* @_ssdm_op_SpecInterface(i1* %is_last_0_loc_0_i_out_out, [8 x i8]* @ap_fifo_str, i32 0, i32 0, [1 x i8]* @p_str, i32 0, i32 0, [1 x i8]* @p_str, [1 x i8]* @p_str, [1 x i8]* @p_str, i32 2, i32 2, i32 16, i32 16, [1 x i8]* @p_str, [11 x i8]* @ScalarProp_str)"   --->   Operation 23 'specinterface' <Predicate = (icmp_ln46)> <Delay = 0.00>
ST_2 : Operation 24 [1/1] (2.18ns)   --->   "call void @_ssdm_op_Write.ap_fifo.i1P(i1* %is_last_0_loc_0_i_out_out, i1 %is_last_0_loc_0_i_out_dc_0)" [firmware/myproject_axi.cpp:34]   --->   Operation 24 'write' <Predicate = (icmp_ln46)> <Delay = 2.18> <Core = "FIFO">   --->   Core 32 'FIFO' <Latency = 0> <II = 1> <Delay = 3.63> <Storage> <Opcode : 'read' 'write' 'nbread' 'nbwrite'> <Ports = 0> <Width = 1> <Depth = 3> <FIFO>
ST_2 : Operation 25 [1/1] (0.00ns)   --->   "ret void" [firmware/myproject_axi.cpp:34]   --->   Operation 25 'ret' <Predicate = (icmp_ln46)> <Delay = 0.00>

State 3 <SV = 2> <Delay = 3.69>
ST_3 : Operation 26 [2/3] (3.69ns)   --->   "%d_assign = fpext float %in_data_tmp to double" [firmware/myproject_axi.cpp:48->firmware/myproject_axi.cpp:34]   --->   Operation 26 'fpext' 'd_assign' <Predicate = true> <Delay = 3.69> <Core = "Float2Double">   --->   Core 114 'Float2Double' <Latency = 2> <II = 1> <Delay = 3.69> <FuncUnit> <Opcode : 'fpext'> <InPorts = 1> <OutPorts = 1>

State 4 <SV = 3> <Delay = 3.69>
ST_4 : Operation 27 [1/3] (3.69ns)   --->   "%d_assign = fpext float %in_data_tmp to double" [firmware/myproject_axi.cpp:48->firmware/myproject_axi.cpp:34]   --->   Operation 27 'fpext' 'd_assign' <Predicate = true> <Delay = 3.69> <Core = "Float2Double">   --->   Core 114 'Float2Double' <Latency = 2> <II = 1> <Delay = 3.69> <FuncUnit> <Opcode : 'fpext'> <InPorts = 1> <OutPorts = 1>
ST_4 : Operation 28 [1/1] (0.00ns)   --->   "%ireg_V = bitcast double %d_assign to i64" [firmware/myproject_axi.cpp:48->firmware/myproject_axi.cpp:34]   --->   Operation 28 'bitcast' 'ireg_V' <Predicate = true> <Delay = 0.00>
ST_4 : Operation 29 [1/1] (0.00ns)   --->   "%trunc_ln556 = trunc i64 %ireg_V to i63" [firmware/myproject_axi.cpp:48->firmware/myproject_axi.cpp:34]   --->   Operation 29 'trunc' 'trunc_ln556' <Predicate = true> <Delay = 0.00>
ST_4 : Operation 30 [1/1] (0.00ns)   --->   "%p_Result_s = call i1 @_ssdm_op_BitSelect.i1.i64.i32(i64 %ireg_V, i32 63)" [firmware/myproject_axi.cpp:48->firmware/myproject_axi.cpp:34]   --->   Operation 30 'bitselect' 'p_Result_s' <Predicate = true> <Delay = 0.00>
ST_4 : Operation 31 [1/1] (0.00ns)   --->   "%exp_tmp_V = call i11 @_ssdm_op_PartSelect.i11.i64.i32.i32(i64 %ireg_V, i32 52, i32 62)" [firmware/myproject_axi.cpp:48->firmware/myproject_axi.cpp:34]   --->   Operation 31 'partselect' 'exp_tmp_V' <Predicate = true> <Delay = 0.00>
ST_4 : Operation 32 [1/1] (0.00ns)   --->   "%trunc_ln565 = trunc i64 %ireg_V to i52" [firmware/myproject_axi.cpp:48->firmware/myproject_axi.cpp:34]   --->   Operation 32 'trunc' 'trunc_ln565' <Predicate = true> <Delay = 0.00>

State 5 <SV = 4> <Delay = 4.23>
ST_5 : Operation 33 [1/1] (0.00ns)   --->   "%zext_ln461 = zext i11 %exp_tmp_V to i12" [firmware/myproject_axi.cpp:48->firmware/myproject_axi.cpp:34]   --->   Operation 33 'zext' 'zext_ln461' <Predicate = true> <Delay = 0.00>
ST_5 : Operation 34 [1/1] (0.00ns)   --->   "%tmp_i = call i53 @_ssdm_op_BitConcatenate.i53.i1.i52(i1 true, i52 %trunc_ln565)" [firmware/myproject_axi.cpp:48->firmware/myproject_axi.cpp:34]   --->   Operation 34 'bitconcatenate' 'tmp_i' <Predicate = true> <Delay = 0.00>
ST_5 : Operation 35 [1/1] (0.00ns)   --->   "%p_Result_6 = zext i53 %tmp_i to i54" [firmware/myproject_axi.cpp:48->firmware/myproject_axi.cpp:34]   --->   Operation 35 'zext' 'p_Result_6' <Predicate = true> <Delay = 0.00>
ST_5 : Operation 36 [1/1] (3.23ns)   --->   "%man_V_1 = sub i54 0, %p_Result_6" [firmware/myproject_axi.cpp:48->firmware/myproject_axi.cpp:34]   --->   Operation 36 'sub' 'man_V_1' <Predicate = (p_Result_s)> <Delay = 3.23> <Core = "AddSub">   --->   Core 14 'AddSub' <Latency = 0> <II = 1> <Delay = 1.54> <FuncUnit> <Opcode : 'add' 'sub'> <InPorts = 2> <OutPorts = 1>
ST_5 : Operation 37 [1/1] (0.94ns)   --->   "%man_V_2 = select i1 %p_Result_s, i54 %man_V_1, i54 %p_Result_6" [firmware/myproject_axi.cpp:48->firmware/myproject_axi.cpp:34]   --->   Operation 37 'select' 'man_V_2' <Predicate = true> <Delay = 0.94> <Core = "Sel">   --->   Core 26 'Sel' <Latency = 0> <II = 1> <Delay = 0.69> <FuncUnit> <Opcode : 'select'> <InPorts = 3> <OutPorts = 1>
ST_5 : Operation 38 [1/1] (2.78ns)   --->   "%icmp_ln571 = icmp eq i63 %trunc_ln556, 0" [firmware/myproject_axi.cpp:48->firmware/myproject_axi.cpp:34]   --->   Operation 38 'icmp' 'icmp_ln571' <Predicate = true> <Delay = 2.78> <Core = "Cmp">   --->   Core 25 'Cmp' <Latency = 0> <II = 1> <Delay = 1.48> <FuncUnit> <Opcode : 'icmp'> <InPorts = 2> <OutPorts = 1>
ST_5 : Operation 39 [1/1] (1.54ns)   --->   "%F2 = sub i12 1075, %zext_ln461" [firmware/myproject_axi.cpp:48->firmware/myproject_axi.cpp:34]   --->   Operation 39 'sub' 'F2' <Predicate = true> <Delay = 1.54> <Core = "AddSub">   --->   Core 14 'AddSub' <Latency = 0> <II = 1> <Delay = 1.54> <FuncUnit> <Opcode : 'add' 'sub'> <InPorts = 2> <OutPorts = 1>
ST_5 : Operation 40 [1/1] (1.99ns)   --->   "%icmp_ln581 = icmp sgt i12 %F2, 16" [firmware/myproject_axi.cpp:48->firmware/myproject_axi.cpp:34]   --->   Operation 40 'icmp' 'icmp_ln581' <Predicate = true> <Delay = 1.99> <Core = "Cmp">   --->   Core 25 'Cmp' <Latency = 0> <II = 1> <Delay = 1.48> <FuncUnit> <Opcode : 'icmp'> <InPorts = 2> <OutPorts = 1>
ST_5 : Operation 41 [1/1] (1.54ns)   --->   "%add_ln581 = add i12 -16, %F2" [firmware/myproject_axi.cpp:48->firmware/myproject_axi.cpp:34]   --->   Operation 41 'add' 'add_ln581' <Predicate = true> <Delay = 1.54> <Core = "AddSub">   --->   Core 14 'AddSub' <Latency = 0> <II = 1> <Delay = 1.54> <FuncUnit> <Opcode : 'add' 'sub'> <InPorts = 2> <OutPorts = 1>
ST_5 : Operation 42 [1/1] (1.54ns)   --->   "%sub_ln581 = sub i12 16, %F2" [firmware/myproject_axi.cpp:48->firmware/myproject_axi.cpp:34]   --->   Operation 42 'sub' 'sub_ln581' <Predicate = true> <Delay = 1.54> <Core = "AddSub">   --->   Core 14 'AddSub' <Latency = 0> <II = 1> <Delay = 1.54> <FuncUnit> <Opcode : 'add' 'sub'> <InPorts = 2> <OutPorts = 1>
ST_5 : Operation 43 [1/1] (0.69ns)   --->   "%sh_amt = select i1 %icmp_ln581, i12 %add_ln581, i12 %sub_ln581" [firmware/myproject_axi.cpp:48->firmware/myproject_axi.cpp:34]   --->   Operation 43 'select' 'sh_amt' <Predicate = true> <Delay = 0.69> <Core = "Sel">   --->   Core 26 'Sel' <Latency = 0> <II = 1> <Delay = 0.69> <FuncUnit> <Opcode : 'select'> <InPorts = 3> <OutPorts = 1>
ST_5 : Operation 44 [1/1] (1.99ns)   --->   "%icmp_ln582 = icmp eq i12 %F2, 16" [firmware/myproject_axi.cpp:48->firmware/myproject_axi.cpp:34]   --->   Operation 44 'icmp' 'icmp_ln582' <Predicate = true> <Delay = 1.99> <Core = "Cmp">   --->   Core 25 'Cmp' <Latency = 0> <II = 1> <Delay = 1.48> <FuncUnit> <Opcode : 'icmp'> <InPorts = 2> <OutPorts = 1>
ST_5 : Operation 45 [1/1] (0.00ns)   --->   "%trunc_ln583 = trunc i54 %man_V_2 to i32" [firmware/myproject_axi.cpp:48->firmware/myproject_axi.cpp:34]   --->   Operation 45 'trunc' 'trunc_ln583' <Predicate = true> <Delay = 0.00>
ST_5 : Operation 46 [1/1] (0.00ns)   --->   "%tmp = call i7 @_ssdm_op_PartSelect.i7.i12.i32.i32(i12 %sh_amt, i32 5, i32 11)" [firmware/myproject_axi.cpp:48->firmware/myproject_axi.cpp:34]   --->   Operation 46 'partselect' 'tmp' <Predicate = true> <Delay = 0.00>

State 6 <SV = 5> <Delay = 3.96>
ST_6 : Operation 47 [1/1] (0.00ns)   --->   "%sext_ln581 = sext i12 %sh_amt to i32" [firmware/myproject_axi.cpp:48->firmware/myproject_axi.cpp:34]   --->   Operation 47 'sext' 'sext_ln581' <Predicate = true> <Delay = 0.00>
ST_6 : Operation 48 [1/1] (1.99ns)   --->   "%icmp_ln585 = icmp ult i12 %sh_amt, 54" [firmware/myproject_axi.cpp:48->firmware/myproject_axi.cpp:34]   --->   Operation 48 'icmp' 'icmp_ln585' <Predicate = true> <Delay = 1.99> <Core = "Cmp">   --->   Core 25 'Cmp' <Latency = 0> <II = 1> <Delay = 1.48> <FuncUnit> <Opcode : 'icmp'> <InPorts = 2> <OutPorts = 1>
ST_6 : Operation 49 [1/1] (1.48ns)   --->   "%icmp_ln603 = icmp eq i7 %tmp, 0" [firmware/myproject_axi.cpp:48->firmware/myproject_axi.cpp:34]   --->   Operation 49 'icmp' 'icmp_ln603' <Predicate = true> <Delay = 1.48> <Core = "Cmp">   --->   Core 25 'Cmp' <Latency = 0> <II = 1> <Delay = 1.48> <FuncUnit> <Opcode : 'icmp'> <InPorts = 2> <OutPorts = 1>
ST_6 : Operation 50 [1/1] (0.00ns)   --->   "%zext_ln586 = zext i32 %sext_ln581 to i54" [firmware/myproject_axi.cpp:48->firmware/myproject_axi.cpp:34]   --->   Operation 50 'zext' 'zext_ln586' <Predicate = true> <Delay = 0.00>
ST_6 : Operation 51 [2/2] (3.88ns)   --->   "%ashr_ln586 = ashr i54 %man_V_2, %zext_ln586" [firmware/myproject_axi.cpp:48->firmware/myproject_axi.cpp:34]   --->   Operation 51 'ashr' 'ashr_ln586' <Predicate = true> <Delay = 3.88> <Core = "ShiftnS">   --->   Core 29 'ShiftnS' <Latency = 1> <II = 1> <Delay = 3.60> <FuncUnit> <Opcode : 'shl' 'lshr' 'ashr'> <InPorts = 2> <OutPorts = 1>
ST_6 : Operation 52 [1/1] (0.00ns) (grouped into LUT with out node select_ln603_1)   --->   "%bitcast_ln696 = bitcast float %in_data_tmp to i32" [firmware/myproject_axi.cpp:48->firmware/myproject_axi.cpp:34]   --->   Operation 52 'bitcast' 'bitcast_ln696' <Predicate = true> <Delay = 0.00>
ST_6 : Operation 53 [1/1] (0.00ns) (grouped into LUT with out node select_ln603_1)   --->   "%tmp_38 = call i1 @_ssdm_op_BitSelect.i1.i32.i32(i32 %bitcast_ln696, i32 31)" [firmware/myproject_axi.cpp:48->firmware/myproject_axi.cpp:34]   --->   Operation 53 'bitselect' 'tmp_38' <Predicate = true> <Delay = 0.00>
ST_6 : Operation 54 [1/1] (0.00ns) (grouped into LUT with out node select_ln603_1)   --->   "%select_ln588 = select i1 %tmp_38, i32 -1, i32 0" [firmware/myproject_axi.cpp:48->firmware/myproject_axi.cpp:34]   --->   Operation 54 'select' 'select_ln588' <Predicate = true> <Delay = 0.00> <Core = "Sel">   --->   Core 26 'Sel' <Latency = 0> <II = 1> <Delay = 0.69> <FuncUnit> <Opcode : 'select'> <InPorts = 3> <OutPorts = 1>
ST_6 : Operation 55 [2/2] (3.60ns)   --->   "%shl_ln604 = shl i32 %trunc_ln583, %sext_ln581" [firmware/myproject_axi.cpp:48->firmware/myproject_axi.cpp:34]   --->   Operation 55 'shl' 'shl_ln604' <Predicate = true> <Delay = 3.60> <Core = "ShiftnS">   --->   Core 29 'ShiftnS' <Latency = 1> <II = 1> <Delay = 3.60> <FuncUnit> <Opcode : 'shl' 'lshr' 'ashr'> <InPorts = 2> <OutPorts = 1>
ST_6 : Operation 56 [1/1] (0.97ns)   --->   "%or_ln582 = or i1 %icmp_ln571, %icmp_ln582" [firmware/myproject_axi.cpp:48->firmware/myproject_axi.cpp:34]   --->   Operation 56 'or' 'or_ln582' <Predicate = true> <Delay = 0.97> <Core = "LogicGate">   --->   Core 27 'LogicGate' <Latency = 0> <II = 1> <Delay = 0.97> <FuncUnit> <Opcode : 'and' 'or' 'xor'> <InPorts = 2> <OutPorts = 1>
ST_6 : Operation 57 [1/1] (0.00ns) (grouped into LUT with out node and_ln581)   --->   "%xor_ln582 = xor i1 %or_ln582, true" [firmware/myproject_axi.cpp:48->firmware/myproject_axi.cpp:34]   --->   Operation 57 'xor' 'xor_ln582' <Predicate = true> <Delay = 0.00> <Core = "LogicGate">   --->   Core 27 'LogicGate' <Latency = 0> <II = 1> <Delay = 0.97> <FuncUnit> <Opcode : 'and' 'or' 'xor'> <InPorts = 2> <OutPorts = 1>
ST_6 : Operation 58 [1/1] (0.97ns) (out node of the LUT)   --->   "%and_ln581 = and i1 %icmp_ln581, %xor_ln582" [firmware/myproject_axi.cpp:48->firmware/myproject_axi.cpp:34]   --->   Operation 58 'and' 'and_ln581' <Predicate = true> <Delay = 0.97> <Core = "LogicGate">   --->   Core 27 'LogicGate' <Latency = 0> <II = 1> <Delay = 0.97> <FuncUnit> <Opcode : 'and' 'or' 'xor'> <InPorts = 2> <OutPorts = 1>
ST_6 : Operation 59 [1/1] (0.00ns) (grouped into LUT with out node and_ln585)   --->   "%xor_ln585 = xor i1 %icmp_ln585, true" [firmware/myproject_axi.cpp:48->firmware/myproject_axi.cpp:34]   --->   Operation 59 'xor' 'xor_ln585' <Predicate = true> <Delay = 0.00> <Core = "LogicGate">   --->   Core 27 'LogicGate' <Latency = 0> <II = 1> <Delay = 0.97> <FuncUnit> <Opcode : 'and' 'or' 'xor'> <InPorts = 2> <OutPorts = 1>
ST_6 : Operation 60 [1/1] (0.97ns) (out node of the LUT)   --->   "%and_ln585 = and i1 %and_ln581, %xor_ln585" [firmware/myproject_axi.cpp:48->firmware/myproject_axi.cpp:34]   --->   Operation 60 'and' 'and_ln585' <Predicate = true> <Delay = 0.97> <Core = "LogicGate">   --->   Core 27 'LogicGate' <Latency = 0> <II = 1> <Delay = 0.97> <FuncUnit> <Opcode : 'and' 'or' 'xor'> <InPorts = 2> <OutPorts = 1>
ST_6 : Operation 61 [1/1] (0.00ns) (grouped into LUT with out node or_ln603)   --->   "%and_ln585_1 = and i1 %and_ln581, %icmp_ln585" [firmware/myproject_axi.cpp:48->firmware/myproject_axi.cpp:34]   --->   Operation 61 'and' 'and_ln585_1' <Predicate = true> <Delay = 0.00> <Core = "LogicGate">   --->   Core 27 'LogicGate' <Latency = 0> <II = 1> <Delay = 0.97> <FuncUnit> <Opcode : 'and' 'or' 'xor'> <InPorts = 2> <OutPorts = 1>
ST_6 : Operation 62 [1/1] (0.00ns) (grouped into LUT with out node and_ln603)   --->   "%or_ln581 = or i1 %or_ln582, %icmp_ln581" [firmware/myproject_axi.cpp:48->firmware/myproject_axi.cpp:34]   --->   Operation 62 'or' 'or_ln581' <Predicate = true> <Delay = 0.00> <Core = "LogicGate">   --->   Core 27 'LogicGate' <Latency = 0> <II = 1> <Delay = 0.97> <FuncUnit> <Opcode : 'and' 'or' 'xor'> <InPorts = 2> <OutPorts = 1>
ST_6 : Operation 63 [1/1] (0.00ns) (grouped into LUT with out node and_ln603)   --->   "%xor_ln581 = xor i1 %or_ln581, true" [firmware/myproject_axi.cpp:48->firmware/myproject_axi.cpp:34]   --->   Operation 63 'xor' 'xor_ln581' <Predicate = true> <Delay = 0.00> <Core = "LogicGate">   --->   Core 27 'LogicGate' <Latency = 0> <II = 1> <Delay = 0.97> <FuncUnit> <Opcode : 'and' 'or' 'xor'> <InPorts = 2> <OutPorts = 1>
ST_6 : Operation 64 [1/1] (0.97ns) (out node of the LUT)   --->   "%and_ln603 = and i1 %icmp_ln603, %xor_ln581" [firmware/myproject_axi.cpp:48->firmware/myproject_axi.cpp:34]   --->   Operation 64 'and' 'and_ln603' <Predicate = true> <Delay = 0.97> <Core = "LogicGate">   --->   Core 27 'LogicGate' <Latency = 0> <II = 1> <Delay = 0.97> <FuncUnit> <Opcode : 'and' 'or' 'xor'> <InPorts = 2> <OutPorts = 1>
ST_6 : Operation 65 [1/1] (0.97ns) (out node of the LUT)   --->   "%or_ln603 = or i1 %and_ln603, %and_ln585_1" [firmware/myproject_axi.cpp:48->firmware/myproject_axi.cpp:34]   --->   Operation 65 'or' 'or_ln603' <Predicate = true> <Delay = 0.97> <Core = "LogicGate">   --->   Core 27 'LogicGate' <Latency = 0> <II = 1> <Delay = 0.97> <FuncUnit> <Opcode : 'and' 'or' 'xor'> <InPorts = 2> <OutPorts = 1>
ST_6 : Operation 66 [1/1] (0.99ns) (out node of the LUT)   --->   "%select_ln603_1 = select i1 %and_ln585, i32 %select_ln588, i32 %trunc_ln583" [firmware/myproject_axi.cpp:48->firmware/myproject_axi.cpp:34]   --->   Operation 66 'select' 'select_ln603_1' <Predicate = true> <Delay = 0.99> <Core = "Sel">   --->   Core 26 'Sel' <Latency = 0> <II = 1> <Delay = 0.69> <FuncUnit> <Opcode : 'select'> <InPorts = 3> <OutPorts = 1>

State 7 <SV = 6> <Delay = 3.88>
ST_7 : Operation 67 [1/2] (3.88ns)   --->   "%ashr_ln586 = ashr i54 %man_V_2, %zext_ln586" [firmware/myproject_axi.cpp:48->firmware/myproject_axi.cpp:34]   --->   Operation 67 'ashr' 'ashr_ln586' <Predicate = true> <Delay = 3.88> <Core = "ShiftnS">   --->   Core 29 'ShiftnS' <Latency = 1> <II = 1> <Delay = 3.60> <FuncUnit> <Opcode : 'shl' 'lshr' 'ashr'> <InPorts = 2> <OutPorts = 1>
ST_7 : Operation 68 [1/2] (3.60ns)   --->   "%shl_ln604 = shl i32 %trunc_ln583, %sext_ln581" [firmware/myproject_axi.cpp:48->firmware/myproject_axi.cpp:34]   --->   Operation 68 'shl' 'shl_ln604' <Predicate = true> <Delay = 3.60> <Core = "ShiftnS">   --->   Core 29 'ShiftnS' <Latency = 1> <II = 1> <Delay = 3.60> <FuncUnit> <Opcode : 'shl' 'lshr' 'ashr'> <InPorts = 2> <OutPorts = 1>
ST_7 : Operation 69 [1/1] (0.00ns) (grouped into LUT with out node or_ln603_2)   --->   "%xor_ln571 = xor i1 %icmp_ln571, true" [firmware/myproject_axi.cpp:48->firmware/myproject_axi.cpp:34]   --->   Operation 69 'xor' 'xor_ln571' <Predicate = true> <Delay = 0.00> <Core = "LogicGate">   --->   Core 27 'LogicGate' <Latency = 0> <II = 1> <Delay = 0.97> <FuncUnit> <Opcode : 'and' 'or' 'xor'> <InPorts = 2> <OutPorts = 1>
ST_7 : Operation 70 [1/1] (0.00ns) (grouped into LUT with out node or_ln603_2)   --->   "%and_ln582 = and i1 %icmp_ln582, %xor_ln571" [firmware/myproject_axi.cpp:48->firmware/myproject_axi.cpp:34]   --->   Operation 70 'and' 'and_ln582' <Predicate = true> <Delay = 0.00> <Core = "LogicGate">   --->   Core 27 'LogicGate' <Latency = 0> <II = 1> <Delay = 0.97> <FuncUnit> <Opcode : 'and' 'or' 'xor'> <InPorts = 2> <OutPorts = 1>
ST_7 : Operation 71 [1/1] (0.00ns) (grouped into LUT with out node or_ln603_2)   --->   "%or_ln603_1 = or i1 %and_ln585, %and_ln582" [firmware/myproject_axi.cpp:48->firmware/myproject_axi.cpp:34]   --->   Operation 71 'or' 'or_ln603_1' <Predicate = true> <Delay = 0.00> <Core = "LogicGate">   --->   Core 27 'LogicGate' <Latency = 0> <II = 1> <Delay = 0.97> <FuncUnit> <Opcode : 'and' 'or' 'xor'> <InPorts = 2> <OutPorts = 1>
ST_7 : Operation 72 [1/1] (0.97ns) (out node of the LUT)   --->   "%or_ln603_2 = or i1 %or_ln603, %or_ln603_1" [firmware/myproject_axi.cpp:48->firmware/myproject_axi.cpp:34]   --->   Operation 72 'or' 'or_ln603_2' <Predicate = true> <Delay = 0.97> <Core = "LogicGate">   --->   Core 27 'LogicGate' <Latency = 0> <II = 1> <Delay = 0.97> <FuncUnit> <Opcode : 'and' 'or' 'xor'> <InPorts = 2> <OutPorts = 1>

State 8 <SV = 7> <Delay = 2.88>
ST_8 : Operation 73 [1/1] (0.00ns) (grouped into LUT with out node ctype_V)   --->   "%trunc_ln586 = trunc i54 %ashr_ln586 to i32" [firmware/myproject_axi.cpp:48->firmware/myproject_axi.cpp:34]   --->   Operation 73 'trunc' 'trunc_ln586' <Predicate = (!and_ln603 & or_ln603 & or_ln603_2)> <Delay = 0.00>
ST_8 : Operation 74 [1/1] (0.00ns) (grouped into LUT with out node ctype_V)   --->   "%select_ln603 = select i1 %and_ln603, i32 %shl_ln604, i32 %trunc_ln586" [firmware/myproject_axi.cpp:48->firmware/myproject_axi.cpp:34]   --->   Operation 74 'select' 'select_ln603' <Predicate = (or_ln603 & or_ln603_2)> <Delay = 0.00> <Core = "Sel">   --->   Core 26 'Sel' <Latency = 0> <II = 1> <Delay = 0.69> <FuncUnit> <Opcode : 'select'> <InPorts = 3> <OutPorts = 1>
ST_8 : Operation 75 [1/1] (0.00ns) (grouped into LUT with out node ctype_V)   --->   "%select_ln603_2 = select i1 %or_ln603, i32 %select_ln603, i32 %select_ln603_1" [firmware/myproject_axi.cpp:48->firmware/myproject_axi.cpp:34]   --->   Operation 75 'select' 'select_ln603_2' <Predicate = (or_ln603_2)> <Delay = 0.00> <Core = "Sel">   --->   Core 26 'Sel' <Latency = 0> <II = 1> <Delay = 0.69> <FuncUnit> <Opcode : 'select'> <InPorts = 3> <OutPorts = 1>
ST_8 : Operation 76 [1/1] (0.69ns) (out node of the LUT)   --->   "%ctype_V = select i1 %or_ln603_2, i32 %select_ln603_2, i32 0" [firmware/myproject_axi.cpp:48->firmware/myproject_axi.cpp:34]   --->   Operation 76 'select' 'ctype_V' <Predicate = true> <Delay = 0.69> <Core = "Sel">   --->   Core 26 'Sel' <Latency = 0> <II = 1> <Delay = 0.69> <FuncUnit> <Opcode : 'select'> <InPorts = 3> <OutPorts = 1>
ST_8 : Operation 77 [1/1] (2.18ns)   --->   "call void @_ssdm_op_Write.ap_fifo.volatile.i32P(i32* %in_local_V_V, i32 %ctype_V)" [firmware/myproject_axi.cpp:50->firmware/myproject_axi.cpp:34]   --->   Operation 77 'write' <Predicate = true> <Delay = 2.18> <Core = "FIFO">   --->   Core 32 'FIFO' <Latency = 0> <II = 1> <Delay = 3.63> <Storage> <Opcode : 'read' 'write' 'nbread' 'nbwrite'> <Ports = 0> <Width = 1> <Depth = 3> <FIFO>
ST_8 : Operation 78 [1/1] (0.00ns)   --->   "br label %0" [firmware/myproject_axi.cpp:46->firmware/myproject_axi.cpp:34]   --->   Operation 78 'br' <Predicate = true> <Delay = 0.00>


============================================================
+ Verbose Summary: Timing violations
============================================================
Target clock period: 5ns, clock uncertainty: 0.625ns.

 <State 1>: 1.77ns
The critical path consists of the following:
	multiplexor before 'phi' operation ('is_last') with incoming values : ('is_last', firmware/myproject_axi.cpp:49->firmware/myproject_axi.cpp:34) [9]  (1.77 ns)

 <State 2>: 3.7ns
The critical path consists of the following:
	axis read on port 'in_last_V' (firmware/myproject_axi.cpp:49->firmware/myproject_axi.cpp:34) [16]  (0 ns)
	'fpext' operation ('d', firmware/myproject_axi.cpp:48->firmware/myproject_axi.cpp:34) [19]  (3.7 ns)

 <State 3>: 3.7ns
The critical path consists of the following:
	'fpext' operation ('d', firmware/myproject_axi.cpp:48->firmware/myproject_axi.cpp:34) [19]  (3.7 ns)

 <State 4>: 3.7ns
The critical path consists of the following:
	'fpext' operation ('d', firmware/myproject_axi.cpp:48->firmware/myproject_axi.cpp:34) [19]  (3.7 ns)

 <State 5>: 4.23ns
The critical path consists of the following:
	'sub' operation ('F2', firmware/myproject_axi.cpp:48->firmware/myproject_axi.cpp:34) [31]  (1.55 ns)
	'icmp' operation ('icmp_ln581', firmware/myproject_axi.cpp:48->firmware/myproject_axi.cpp:34) [32]  (1.99 ns)
	'select' operation ('sh_amt', firmware/myproject_axi.cpp:48->firmware/myproject_axi.cpp:34) [35]  (0.697 ns)

 <State 6>: 3.96ns
The critical path consists of the following:
	'icmp' operation ('icmp_ln585', firmware/myproject_axi.cpp:48->firmware/myproject_axi.cpp:34) [39]  (1.99 ns)
	'xor' operation ('xor_ln585', firmware/myproject_axi.cpp:48->firmware/myproject_axi.cpp:34) [54]  (0 ns)
	'and' operation ('and_ln585', firmware/myproject_axi.cpp:48->firmware/myproject_axi.cpp:34) [55]  (0.978 ns)
	'select' operation ('select_ln603_1', firmware/myproject_axi.cpp:48->firmware/myproject_axi.cpp:34) [62]  (0.993 ns)

 <State 7>: 3.88ns
The critical path consists of the following:
	'ashr' operation ('ashr_ln586', firmware/myproject_axi.cpp:48->firmware/myproject_axi.cpp:34) [43]  (3.88 ns)

 <State 8>: 2.89ns
The critical path consists of the following:
	'select' operation ('select_ln603', firmware/myproject_axi.cpp:48->firmware/myproject_axi.cpp:34) [60]  (0 ns)
	'select' operation ('select_ln603_2', firmware/myproject_axi.cpp:48->firmware/myproject_axi.cpp:34) [64]  (0 ns)
	'select' operation ('ctype.V', firmware/myproject_axi.cpp:48->firmware/myproject_axi.cpp:34) [66]  (0.698 ns)
	fifo write on port 'in_local_V_V' (firmware/myproject_axi.cpp:50->firmware/myproject_axi.cpp:34) [68]  (2.19 ns)


============================================================
+ Verbose Summary: Binding
============================================================
N/A
* FSMD analyzer results:
  - Output states:
 - Input state : 
  - Chain level:
	State 1
	State 2
	State 3
	State 4
	State 5
	State 6
	State 7
	State 8


============================================================
+ Verbose Summary: Datapath Resource usage 
============================================================
N/A
