

================================================================
== Vivado HLS Report for 'myproject'
================================================================
* Date:           Wed Jul 27 22:58:05 2022

* Version:        2019.2 (Build 2704478 on Wed Nov 06 22:10:23 MST 2019)
* Project:        myproject_prj
* Solution:       solution1
* Product family: zynq
* Target device:  xc7z020-clg400-1


================================================================
== Performance Estimates
================================================================
+ Timing: 
    * Summary: 
    +--------+---------+----------+------------+
    |  Clock |  Target | Estimated| Uncertainty|
    +--------+---------+----------+------------+
    |ap_clk  | 5.00 ns | 7.162 ns |   0.62 ns  |
    +--------+---------+----------+------------+

+ Latency: 
    * Summary: 
    +---------+---------+-----------+-----------+--------+---------+----------+
    |  Latency (cycles) |   Latency (absolute)  |     Interval     | Pipeline |
    |   min   |   max   |    min    |    max    |   min  |   max   |   Type   |
    +---------+---------+-----------+-----------+--------+---------+----------+
    |  7788159|  7861645| 55.782 ms | 56.308 ms |  176450|  4123601| dataflow |
    +---------+---------+-----------+-----------+--------+---------+----------+

    + Detail: 
        * Instance: 
        N/A

        * Loop: 
        N/A

============================================================
+ Verbose Summary: Synthesis Manager
============================================================
InlineROM: 1
ExposeGlobal: 0
============================================================
+ Verbose Summary: CDFG Model
============================================================
IsTopModel: 0
ResetActiveHigh: 1
IsCombinational: 2
IsDatapathOnly: 0
HasWiredReturn: 1
HasMFsm: 0
HasVarLatency: 1
IsPipeline: 0
IsRtlPipelined: 0
IsInstanceOverlapped: 0
IsDontTouch: 0
HasImplIP: 0
IsGatedGlobalClock: 0


============================================================
+ Verbose Summary: Schedule
============================================================
* Number of FSM states : 76
* Pipeline : 0
* Dataflow Pipeline: 1
  DF-Pipeline-0: Size = 76, States = { 1 2 3 4 5 6 7 8 9 10 11 12 13 14 15 16 17 18 19 20 21 22 23 24 25 26 27 28 29 30 31 32 33 34 35 36 37 38 39 40 41 42 43 44 45 46 47 48 49 50 51 52 53 54 55 56 57 58 59 60 61 62 63 64 65 66 67 68 69 70 71 72 73 74 75 76 }

* FSM state transitions: 
1 --> 2 
2 --> 3 
3 --> 4 
4 --> 5 
5 --> 6 
6 --> 7 
7 --> 8 
8 --> 9 
9 --> 10 
10 --> 11 
11 --> 12 
12 --> 13 
13 --> 14 
14 --> 15 
15 --> 16 
16 --> 17 
17 --> 18 
18 --> 19 
19 --> 20 
20 --> 21 
21 --> 22 
22 --> 23 
23 --> 24 
24 --> 25 
25 --> 26 
26 --> 27 
27 --> 28 
28 --> 29 
29 --> 30 
30 --> 31 
31 --> 32 
32 --> 33 
33 --> 34 
34 --> 35 
35 --> 36 
36 --> 37 
37 --> 38 
38 --> 39 
39 --> 40 
40 --> 41 
41 --> 42 
42 --> 43 
43 --> 44 
44 --> 45 
45 --> 46 
46 --> 47 
47 --> 48 
48 --> 49 
49 --> 50 
50 --> 51 
51 --> 52 
52 --> 53 
53 --> 54 
54 --> 55 
55 --> 56 
56 --> 57 
57 --> 58 
58 --> 59 
59 --> 60 
60 --> 61 
61 --> 62 
62 --> 63 
63 --> 64 
64 --> 65 
65 --> 66 
66 --> 67 
67 --> 68 
68 --> 69 
69 --> 70 
70 --> 71 
71 --> 72 
72 --> 73 
73 --> 74 
74 --> 75 
75 --> 76 
76 --> 

* FSM state operations: 

State 1 <SV = 0> <Delay = 0.00>
ST_1 : Operation 77 [1/1] (0.00ns)   --->   "%layer50_out_V_V = alloca i32, align 4" [firmware/myproject.cpp:100]   --->   Operation 77 'alloca' 'layer50_out_V_V' <Predicate = true> <Delay = 0.00> <Core = "FIFO">   --->   Core 32 'FIFO' <Latency = 0> <II = 1> <Delay = 3.63> <Storage> <Opcode : 'read' 'write' 'nbread' 'nbwrite'> <Ports = 0> <Width = 32> <Depth = 3> <FIFO>
ST_1 : Operation 78 [1/1] (0.00ns)   --->   "%layer2_out_V_V = alloca i32, align 4" [firmware/myproject.cpp:105]   --->   Operation 78 'alloca' 'layer2_out_V_V' <Predicate = true> <Delay = 0.00> <Core = "FIFO">   --->   Core 32 'FIFO' <Latency = 0> <II = 1> <Delay = 3.63> <Storage> <Opcode : 'read' 'write' 'nbread' 'nbwrite'> <Ports = 0> <Width = 32> <Depth = 3> <FIFO>
ST_1 : Operation 79 [1/1] (0.00ns)   --->   "%layer5_out_V_V = alloca i32, align 4" [firmware/myproject.cpp:110]   --->   Operation 79 'alloca' 'layer5_out_V_V' <Predicate = true> <Delay = 0.00> <Core = "FIFO">   --->   Core 32 'FIFO' <Latency = 0> <II = 1> <Delay = 3.63> <Storage> <Opcode : 'read' 'write' 'nbread' 'nbwrite'> <Ports = 0> <Width = 32> <Depth = 3> <FIFO>
ST_1 : Operation 80 [1/1] (0.00ns)   --->   "%layer6_out_V_V = alloca i32, align 4" [firmware/myproject.cpp:115]   --->   Operation 80 'alloca' 'layer6_out_V_V' <Predicate = true> <Delay = 0.00> <Core = "FIFO">   --->   Core 32 'FIFO' <Latency = 0> <II = 1> <Delay = 3.63> <Storage> <Opcode : 'read' 'write' 'nbread' 'nbwrite'> <Ports = 0> <Width = 32> <Depth = 3> <FIFO>
ST_1 : Operation 81 [1/1] (0.00ns)   --->   "%layer51_out_V_V = alloca i32, align 4" [firmware/myproject.cpp:120]   --->   Operation 81 'alloca' 'layer51_out_V_V' <Predicate = true> <Delay = 0.00> <Core = "FIFO">   --->   Core 32 'FIFO' <Latency = 0> <II = 1> <Delay = 3.63> <Storage> <Opcode : 'read' 'write' 'nbread' 'nbwrite'> <Ports = 0> <Width = 32> <Depth = 3> <FIFO>
ST_1 : Operation 82 [1/1] (0.00ns)   --->   "%layer7_out_V_V = alloca i32, align 4" [firmware/myproject.cpp:125]   --->   Operation 82 'alloca' 'layer7_out_V_V' <Predicate = true> <Delay = 0.00> <Core = "FIFO">   --->   Core 32 'FIFO' <Latency = 0> <II = 1> <Delay = 3.63> <Storage> <Opcode : 'read' 'write' 'nbread' 'nbwrite'> <Ports = 0> <Width = 32> <Depth = 3> <FIFO>
ST_1 : Operation 83 [1/1] (0.00ns)   --->   "%layer10_out_V_V = alloca i32, align 4" [firmware/myproject.cpp:130]   --->   Operation 83 'alloca' 'layer10_out_V_V' <Predicate = true> <Delay = 0.00> <Core = "FIFO">   --->   Core 32 'FIFO' <Latency = 0> <II = 1> <Delay = 3.63> <Storage> <Opcode : 'read' 'write' 'nbread' 'nbwrite'> <Ports = 0> <Width = 32> <Depth = 3> <FIFO>
ST_1 : Operation 84 [1/1] (0.00ns)   --->   "%layer11_out_V_V = alloca i32, align 4" [firmware/myproject.cpp:135]   --->   Operation 84 'alloca' 'layer11_out_V_V' <Predicate = true> <Delay = 0.00> <Core = "FIFO">   --->   Core 32 'FIFO' <Latency = 0> <II = 1> <Delay = 3.63> <Storage> <Opcode : 'read' 'write' 'nbread' 'nbwrite'> <Ports = 0> <Width = 32> <Depth = 3> <FIFO>
ST_1 : Operation 85 [1/1] (0.00ns)   --->   "%layer52_out_V_V = alloca i32, align 4" [firmware/myproject.cpp:140]   --->   Operation 85 'alloca' 'layer52_out_V_V' <Predicate = true> <Delay = 0.00> <Core = "FIFO">   --->   Core 32 'FIFO' <Latency = 0> <II = 1> <Delay = 3.63> <Storage> <Opcode : 'read' 'write' 'nbread' 'nbwrite'> <Ports = 0> <Width = 32> <Depth = 3> <FIFO>
ST_1 : Operation 86 [1/1] (0.00ns)   --->   "%layer12_out_V_V = alloca i32, align 4" [firmware/myproject.cpp:145]   --->   Operation 86 'alloca' 'layer12_out_V_V' <Predicate = true> <Delay = 0.00> <Core = "FIFO">   --->   Core 32 'FIFO' <Latency = 0> <II = 1> <Delay = 3.63> <Storage> <Opcode : 'read' 'write' 'nbread' 'nbwrite'> <Ports = 0> <Width = 32> <Depth = 3> <FIFO>
ST_1 : Operation 87 [1/1] (0.00ns)   --->   "%layer15_out_V_V = alloca i32, align 4" [firmware/myproject.cpp:150]   --->   Operation 87 'alloca' 'layer15_out_V_V' <Predicate = true> <Delay = 0.00> <Core = "FIFO">   --->   Core 32 'FIFO' <Latency = 0> <II = 1> <Delay = 3.63> <Storage> <Opcode : 'read' 'write' 'nbread' 'nbwrite'> <Ports = 0> <Width = 32> <Depth = 3> <FIFO>
ST_1 : Operation 88 [1/1] (0.00ns)   --->   "%layer16_out_V_V = alloca i32, align 4" [firmware/myproject.cpp:155]   --->   Operation 88 'alloca' 'layer16_out_V_V' <Predicate = true> <Delay = 0.00> <Core = "FIFO">   --->   Core 32 'FIFO' <Latency = 0> <II = 1> <Delay = 3.63> <Storage> <Opcode : 'read' 'write' 'nbread' 'nbwrite'> <Ports = 0> <Width = 32> <Depth = 3> <FIFO>
ST_1 : Operation 89 [1/1] (0.00ns)   --->   "%layer53_out_V_V = alloca i32, align 4" [firmware/myproject.cpp:160]   --->   Operation 89 'alloca' 'layer53_out_V_V' <Predicate = true> <Delay = 0.00> <Core = "FIFO">   --->   Core 32 'FIFO' <Latency = 0> <II = 1> <Delay = 3.63> <Storage> <Opcode : 'read' 'write' 'nbread' 'nbwrite'> <Ports = 0> <Width = 32> <Depth = 3> <FIFO>
ST_1 : Operation 90 [1/1] (0.00ns)   --->   "%layer17_out_V_V = alloca i32, align 4" [firmware/myproject.cpp:165]   --->   Operation 90 'alloca' 'layer17_out_V_V' <Predicate = true> <Delay = 0.00> <Core = "FIFO">   --->   Core 32 'FIFO' <Latency = 0> <II = 1> <Delay = 3.63> <Storage> <Opcode : 'read' 'write' 'nbread' 'nbwrite'> <Ports = 0> <Width = 32> <Depth = 3> <FIFO>
ST_1 : Operation 91 [1/1] (0.00ns)   --->   "%layer20_out_V_V = alloca i32, align 4" [firmware/myproject.cpp:170]   --->   Operation 91 'alloca' 'layer20_out_V_V' <Predicate = true> <Delay = 0.00> <Core = "FIFO">   --->   Core 32 'FIFO' <Latency = 0> <II = 1> <Delay = 3.63> <Storage> <Opcode : 'read' 'write' 'nbread' 'nbwrite'> <Ports = 0> <Width = 32> <Depth = 3> <FIFO>
ST_1 : Operation 92 [1/1] (0.00ns)   --->   "%layer21_out_V_V = alloca i32, align 4" [firmware/myproject.cpp:175]   --->   Operation 92 'alloca' 'layer21_out_V_V' <Predicate = true> <Delay = 0.00> <Core = "FIFO">   --->   Core 32 'FIFO' <Latency = 0> <II = 1> <Delay = 3.63> <Storage> <Opcode : 'read' 'write' 'nbread' 'nbwrite'> <Ports = 0> <Width = 32> <Depth = 3> <FIFO>
ST_1 : Operation 93 [1/1] (0.00ns)   --->   "%layer54_out_V_V = alloca i32, align 4" [firmware/myproject.cpp:180]   --->   Operation 93 'alloca' 'layer54_out_V_V' <Predicate = true> <Delay = 0.00> <Core = "FIFO">   --->   Core 32 'FIFO' <Latency = 0> <II = 1> <Delay = 3.63> <Storage> <Opcode : 'read' 'write' 'nbread' 'nbwrite'> <Ports = 0> <Width = 32> <Depth = 3> <FIFO>
ST_1 : Operation 94 [1/1] (0.00ns)   --->   "%layer22_out_V_V = alloca i32, align 4" [firmware/myproject.cpp:185]   --->   Operation 94 'alloca' 'layer22_out_V_V' <Predicate = true> <Delay = 0.00> <Core = "FIFO">   --->   Core 32 'FIFO' <Latency = 0> <II = 1> <Delay = 3.63> <Storage> <Opcode : 'read' 'write' 'nbread' 'nbwrite'> <Ports = 0> <Width = 32> <Depth = 3> <FIFO>
ST_1 : Operation 95 [1/1] (0.00ns)   --->   "%layer25_out_V_V = alloca i32, align 4" [firmware/myproject.cpp:190]   --->   Operation 95 'alloca' 'layer25_out_V_V' <Predicate = true> <Delay = 0.00> <Core = "FIFO">   --->   Core 32 'FIFO' <Latency = 0> <II = 1> <Delay = 3.63> <Storage> <Opcode : 'read' 'write' 'nbread' 'nbwrite'> <Ports = 0> <Width = 32> <Depth = 3> <FIFO>
ST_1 : Operation 96 [1/1] (0.00ns)   --->   "%layer26_out_V_V = alloca i32, align 4" [firmware/myproject.cpp:195]   --->   Operation 96 'alloca' 'layer26_out_V_V' <Predicate = true> <Delay = 0.00> <Core = "FIFO">   --->   Core 32 'FIFO' <Latency = 0> <II = 1> <Delay = 3.63> <Storage> <Opcode : 'read' 'write' 'nbread' 'nbwrite'> <Ports = 0> <Width = 32> <Depth = 3> <FIFO>
ST_1 : Operation 97 [1/1] (0.00ns)   --->   "%layer55_out_V_V = alloca i32, align 4" [firmware/myproject.cpp:200]   --->   Operation 97 'alloca' 'layer55_out_V_V' <Predicate = true> <Delay = 0.00> <Core = "FIFO">   --->   Core 32 'FIFO' <Latency = 0> <II = 1> <Delay = 3.63> <Storage> <Opcode : 'read' 'write' 'nbread' 'nbwrite'> <Ports = 0> <Width = 32> <Depth = 3> <FIFO>
ST_1 : Operation 98 [1/1] (0.00ns)   --->   "%layer27_out_V_V = alloca i32, align 4" [firmware/myproject.cpp:205]   --->   Operation 98 'alloca' 'layer27_out_V_V' <Predicate = true> <Delay = 0.00> <Core = "FIFO">   --->   Core 32 'FIFO' <Latency = 0> <II = 1> <Delay = 3.63> <Storage> <Opcode : 'read' 'write' 'nbread' 'nbwrite'> <Ports = 0> <Width = 32> <Depth = 3> <FIFO>
ST_1 : Operation 99 [1/1] (0.00ns)   --->   "%layer30_out_V_V = alloca i32, align 4" [firmware/myproject.cpp:210]   --->   Operation 99 'alloca' 'layer30_out_V_V' <Predicate = true> <Delay = 0.00> <Core = "FIFO">   --->   Core 32 'FIFO' <Latency = 0> <II = 1> <Delay = 3.63> <Storage> <Opcode : 'read' 'write' 'nbread' 'nbwrite'> <Ports = 0> <Width = 32> <Depth = 3> <FIFO>
ST_1 : Operation 100 [1/1] (0.00ns)   --->   "%layer56_out_V_V = alloca i32, align 4" [firmware/myproject.cpp:215]   --->   Operation 100 'alloca' 'layer56_out_V_V' <Predicate = true> <Delay = 0.00> <Core = "FIFO">   --->   Core 32 'FIFO' <Latency = 0> <II = 1> <Delay = 3.63> <Storage> <Opcode : 'read' 'write' 'nbread' 'nbwrite'> <Ports = 0> <Width = 32> <Depth = 3> <FIFO>
ST_1 : Operation 101 [1/1] (0.00ns)   --->   "%layer31_out_V_V = alloca i32, align 4" [firmware/myproject.cpp:220]   --->   Operation 101 'alloca' 'layer31_out_V_V' <Predicate = true> <Delay = 0.00> <Core = "FIFO">   --->   Core 32 'FIFO' <Latency = 0> <II = 1> <Delay = 3.63> <Storage> <Opcode : 'read' 'write' 'nbread' 'nbwrite'> <Ports = 0> <Width = 32> <Depth = 3> <FIFO>
ST_1 : Operation 102 [1/1] (0.00ns)   --->   "%layer34_out_V_V = alloca i32, align 4" [firmware/myproject.cpp:225]   --->   Operation 102 'alloca' 'layer34_out_V_V' <Predicate = true> <Delay = 0.00> <Core = "FIFO">   --->   Core 32 'FIFO' <Latency = 0> <II = 1> <Delay = 3.63> <Storage> <Opcode : 'read' 'write' 'nbread' 'nbwrite'> <Ports = 0> <Width = 32> <Depth = 3> <FIFO>
ST_1 : Operation 103 [1/1] (0.00ns)   --->   "%layer57_out_V_V = alloca i32, align 4" [firmware/myproject.cpp:230]   --->   Operation 103 'alloca' 'layer57_out_V_V' <Predicate = true> <Delay = 0.00> <Core = "FIFO">   --->   Core 32 'FIFO' <Latency = 0> <II = 1> <Delay = 3.63> <Storage> <Opcode : 'read' 'write' 'nbread' 'nbwrite'> <Ports = 0> <Width = 32> <Depth = 3> <FIFO>
ST_1 : Operation 104 [1/1] (0.00ns)   --->   "%layer35_out_V_V = alloca i32, align 4" [firmware/myproject.cpp:235]   --->   Operation 104 'alloca' 'layer35_out_V_V' <Predicate = true> <Delay = 0.00> <Core = "FIFO">   --->   Core 32 'FIFO' <Latency = 0> <II = 1> <Delay = 3.63> <Storage> <Opcode : 'read' 'write' 'nbread' 'nbwrite'> <Ports = 0> <Width = 32> <Depth = 3> <FIFO>
ST_1 : Operation 105 [1/1] (0.00ns)   --->   "%layer38_out_V_V = alloca i32, align 4" [firmware/myproject.cpp:240]   --->   Operation 105 'alloca' 'layer38_out_V_V' <Predicate = true> <Delay = 0.00> <Core = "FIFO">   --->   Core 32 'FIFO' <Latency = 0> <II = 1> <Delay = 3.63> <Storage> <Opcode : 'read' 'write' 'nbread' 'nbwrite'> <Ports = 0> <Width = 32> <Depth = 3> <FIFO>
ST_1 : Operation 106 [1/1] (0.00ns)   --->   "%layer58_out_V_V = alloca i32, align 4" [firmware/myproject.cpp:245]   --->   Operation 106 'alloca' 'layer58_out_V_V' <Predicate = true> <Delay = 0.00> <Core = "FIFO">   --->   Core 32 'FIFO' <Latency = 0> <II = 1> <Delay = 3.63> <Storage> <Opcode : 'read' 'write' 'nbread' 'nbwrite'> <Ports = 0> <Width = 32> <Depth = 3> <FIFO>
ST_1 : Operation 107 [1/1] (0.00ns)   --->   "%layer39_out_V_V = alloca i32, align 4" [firmware/myproject.cpp:250]   --->   Operation 107 'alloca' 'layer39_out_V_V' <Predicate = true> <Delay = 0.00> <Core = "FIFO">   --->   Core 32 'FIFO' <Latency = 0> <II = 1> <Delay = 3.63> <Storage> <Opcode : 'read' 'write' 'nbread' 'nbwrite'> <Ports = 0> <Width = 32> <Depth = 3> <FIFO>
ST_1 : Operation 108 [1/1] (0.00ns)   --->   "%layer42_out_V_V = alloca i32, align 4" [firmware/myproject.cpp:255]   --->   Operation 108 'alloca' 'layer42_out_V_V' <Predicate = true> <Delay = 0.00> <Core = "FIFO">   --->   Core 32 'FIFO' <Latency = 0> <II = 1> <Delay = 3.63> <Storage> <Opcode : 'read' 'write' 'nbread' 'nbwrite'> <Ports = 0> <Width = 32> <Depth = 3> <FIFO>
ST_1 : Operation 109 [1/1] (0.00ns)   --->   "%layer43_out_V_V = alloca i32, align 4" [firmware/myproject.cpp:260]   --->   Operation 109 'alloca' 'layer43_out_V_V' <Predicate = true> <Delay = 0.00> <Core = "FIFO">   --->   Core 32 'FIFO' <Latency = 0> <II = 1> <Delay = 3.63> <Storage> <Opcode : 'read' 'write' 'nbread' 'nbwrite'> <Ports = 0> <Width = 32> <Depth = 3> <FIFO>
ST_1 : Operation 110 [1/1] (0.00ns)   --->   "%layer59_out_V_V = alloca i32, align 4" [firmware/myproject.cpp:265]   --->   Operation 110 'alloca' 'layer59_out_V_V' <Predicate = true> <Delay = 0.00> <Core = "FIFO">   --->   Core 32 'FIFO' <Latency = 0> <II = 1> <Delay = 3.63> <Storage> <Opcode : 'read' 'write' 'nbread' 'nbwrite'> <Ports = 0> <Width = 32> <Depth = 3> <FIFO>
ST_1 : Operation 111 [1/1] (0.00ns)   --->   "%layer44_out_V_V = alloca i32, align 4" [firmware/myproject.cpp:270]   --->   Operation 111 'alloca' 'layer44_out_V_V' <Predicate = true> <Delay = 0.00> <Core = "FIFO">   --->   Core 32 'FIFO' <Latency = 0> <II = 1> <Delay = 3.63> <Storage> <Opcode : 'read' 'write' 'nbread' 'nbwrite'> <Ports = 0> <Width = 32> <Depth = 3> <FIFO>
ST_1 : Operation 112 [1/1] (0.00ns)   --->   "%layer47_out_V_V = alloca i32, align 4" [firmware/myproject.cpp:275]   --->   Operation 112 'alloca' 'layer47_out_V_V' <Predicate = true> <Delay = 0.00> <Core = "FIFO">   --->   Core 32 'FIFO' <Latency = 0> <II = 1> <Delay = 3.63> <Storage> <Opcode : 'read' 'write' 'nbread' 'nbwrite'> <Ports = 0> <Width = 32> <Depth = 3> <FIFO>
ST_1 : Operation 113 [1/1] (0.00ns)   --->   "%layer60_out_V_V = alloca i32, align 4" [firmware/myproject.cpp:280]   --->   Operation 113 'alloca' 'layer60_out_V_V' <Predicate = true> <Delay = 0.00> <Core = "FIFO">   --->   Core 32 'FIFO' <Latency = 0> <II = 1> <Delay = 3.63> <Storage> <Opcode : 'read' 'write' 'nbread' 'nbwrite'> <Ports = 0> <Width = 32> <Depth = 3> <FIFO>
ST_1 : Operation 114 [2/2] (0.00ns)   --->   "call fastcc void @"zeropad2d_cl_me<ap_fixed,ap_fixed,config50>"(i32* %input_1_V_V, i32* %layer50_out_V_V)" [firmware/myproject.cpp:102]   --->   Operation 114 'call' <Predicate = true> <Delay = 0.00> <CoreType = "Generic">   --->   Core 0 '' <Latency = 0> <II = 1> <Delay = 1.00> <Generic> <Opcode : >

State 2 <SV = 1> <Delay = 0.00>
ST_2 : Operation 115 [1/2] (0.00ns)   --->   "call fastcc void @"zeropad2d_cl_me<ap_fixed,ap_fixed,config50>"(i32* %input_1_V_V, i32* %layer50_out_V_V)" [firmware/myproject.cpp:102]   --->   Operation 115 'call' <Predicate = true> <Delay = 0.00> <CoreType = "Generic">   --->   Core 0 '' <Latency = 0> <II = 1> <Delay = 1.00> <Generic> <Opcode : >

State 3 <SV = 2> <Delay = 0.00>
ST_3 : Operation 116 [2/2] (0.00ns)   --->   "call fastcc void @"conv_2d_cl_me<ap_fixed,ap_fixed<32,16,5,3,0>,config2>"(i32* %layer50_out_V_V, i32* %layer2_out_V_V)" [firmware/myproject.cpp:107]   --->   Operation 116 'call' <Predicate = true> <Delay = 0.00> <CoreType = "Generic">   --->   Core 0 '' <Latency = 0> <II = 1> <Delay = 1.00> <Generic> <Opcode : >

State 4 <SV = 3> <Delay = 0.00>
ST_4 : Operation 117 [1/2] (0.00ns)   --->   "call fastcc void @"conv_2d_cl_me<ap_fixed,ap_fixed<32,16,5,3,0>,config2>"(i32* %layer50_out_V_V, i32* %layer2_out_V_V)" [firmware/myproject.cpp:107]   --->   Operation 117 'call' <Predicate = true> <Delay = 0.00> <CoreType = "Generic">   --->   Core 0 '' <Latency = 0> <II = 1> <Delay = 1.00> <Generic> <Opcode : >

State 5 <SV = 4> <Delay = 0.00>
ST_5 : Operation 118 [2/2] (0.00ns)   --->   "call fastcc void @"leaky_relu_me<ap_fixed,ap_fixed,LeakyReLU_config5>506"(i32* %layer2_out_V_V, i32* %layer5_out_V_V)" [firmware/myproject.cpp:112]   --->   Operation 118 'call' <Predicate = true> <Delay = 0.00> <CoreType = "Generic">   --->   Core 0 '' <Latency = 0> <II = 1> <Delay = 1.00> <Generic> <Opcode : >

State 6 <SV = 5> <Delay = 0.00>
ST_6 : Operation 119 [1/2] (0.00ns)   --->   "call fastcc void @"leaky_relu_me<ap_fixed,ap_fixed,LeakyReLU_config5>506"(i32* %layer2_out_V_V, i32* %layer5_out_V_V)" [firmware/myproject.cpp:112]   --->   Operation 119 'call' <Predicate = true> <Delay = 0.00> <CoreType = "Generic">   --->   Core 0 '' <Latency = 0> <II = 1> <Delay = 1.00> <Generic> <Opcode : >

State 7 <SV = 6> <Delay = 0.00>
ST_7 : Operation 120 [2/2] (0.00ns)   --->   "call fastcc void @"pooling2d_large_cl_nopad_pad_me<ap_fixed,ap_fixed,config6>"(i32* %layer5_out_V_V, i32* %layer6_out_V_V)" [firmware/myproject.cpp:117]   --->   Operation 120 'call' <Predicate = true> <Delay = 0.00> <CoreType = "Generic">   --->   Core 0 '' <Latency = 0> <II = 1> <Delay = 1.00> <Generic> <Opcode : >

State 8 <SV = 7> <Delay = 0.00>
ST_8 : Operation 121 [1/2] (0.00ns)   --->   "call fastcc void @"pooling2d_large_cl_nopad_pad_me<ap_fixed,ap_fixed,config6>"(i32* %layer5_out_V_V, i32* %layer6_out_V_V)" [firmware/myproject.cpp:117]   --->   Operation 121 'call' <Predicate = true> <Delay = 0.00> <CoreType = "Generic">   --->   Core 0 '' <Latency = 0> <II = 1> <Delay = 1.00> <Generic> <Opcode : >

State 9 <SV = 8> <Delay = 0.00>
ST_9 : Operation 122 [2/2] (0.00ns)   --->   "call fastcc void @"zeropad2d_cl_me<ap_fixed,ap_fixed,config51>"(i32* %layer6_out_V_V, i32* %layer51_out_V_V)" [firmware/myproject.cpp:122]   --->   Operation 122 'call' <Predicate = true> <Delay = 0.00> <CoreType = "Generic">   --->   Core 0 '' <Latency = 0> <II = 1> <Delay = 1.00> <Generic> <Opcode : >

State 10 <SV = 9> <Delay = 0.00>
ST_10 : Operation 123 [1/2] (0.00ns)   --->   "call fastcc void @"zeropad2d_cl_me<ap_fixed,ap_fixed,config51>"(i32* %layer6_out_V_V, i32* %layer51_out_V_V)" [firmware/myproject.cpp:122]   --->   Operation 123 'call' <Predicate = true> <Delay = 0.00> <CoreType = "Generic">   --->   Core 0 '' <Latency = 0> <II = 1> <Delay = 1.00> <Generic> <Opcode : >

State 11 <SV = 10> <Delay = 0.00>
ST_11 : Operation 124 [2/2] (0.00ns)   --->   "call fastcc void @"conv_2d_cl_me<ap_fixed,ap_fixed<32,16,5,3,0>,config7>"(i32* %layer51_out_V_V, i32* %layer7_out_V_V)" [firmware/myproject.cpp:127]   --->   Operation 124 'call' <Predicate = true> <Delay = 0.00> <CoreType = "Generic">   --->   Core 0 '' <Latency = 0> <II = 1> <Delay = 1.00> <Generic> <Opcode : >

State 12 <SV = 11> <Delay = 0.00>
ST_12 : Operation 125 [1/2] (0.00ns)   --->   "call fastcc void @"conv_2d_cl_me<ap_fixed,ap_fixed<32,16,5,3,0>,config7>"(i32* %layer51_out_V_V, i32* %layer7_out_V_V)" [firmware/myproject.cpp:127]   --->   Operation 125 'call' <Predicate = true> <Delay = 0.00> <CoreType = "Generic">   --->   Core 0 '' <Latency = 0> <II = 1> <Delay = 1.00> <Generic> <Opcode : >

State 13 <SV = 12> <Delay = 0.00>
ST_13 : Operation 126 [2/2] (0.00ns)   --->   "call fastcc void @"leaky_relu_me<ap_fixed,ap_fixed,LeakyReLU_config10>507"(i32* %layer7_out_V_V, i32* %layer10_out_V_V)" [firmware/myproject.cpp:132]   --->   Operation 126 'call' <Predicate = true> <Delay = 0.00> <CoreType = "Generic">   --->   Core 0 '' <Latency = 0> <II = 1> <Delay = 1.00> <Generic> <Opcode : >

State 14 <SV = 13> <Delay = 0.00>
ST_14 : Operation 127 [1/2] (0.00ns)   --->   "call fastcc void @"leaky_relu_me<ap_fixed,ap_fixed,LeakyReLU_config10>507"(i32* %layer7_out_V_V, i32* %layer10_out_V_V)" [firmware/myproject.cpp:132]   --->   Operation 127 'call' <Predicate = true> <Delay = 0.00> <CoreType = "Generic">   --->   Core 0 '' <Latency = 0> <II = 1> <Delay = 1.00> <Generic> <Opcode : >

State 15 <SV = 14> <Delay = 0.00>
ST_15 : Operation 128 [2/2] (0.00ns)   --->   "call fastcc void @pooling2d_large_cl_nopad_pad_me.3(i32* %layer10_out_V_V, i32* %layer11_out_V_V)" [firmware/myproject.cpp:137]   --->   Operation 128 'call' <Predicate = true> <Delay = 0.00> <CoreType = "Generic">   --->   Core 0 '' <Latency = 0> <II = 1> <Delay = 1.00> <Generic> <Opcode : >

State 16 <SV = 15> <Delay = 0.00>
ST_16 : Operation 129 [1/2] (0.00ns)   --->   "call fastcc void @pooling2d_large_cl_nopad_pad_me.3(i32* %layer10_out_V_V, i32* %layer11_out_V_V)" [firmware/myproject.cpp:137]   --->   Operation 129 'call' <Predicate = true> <Delay = 0.00> <CoreType = "Generic">   --->   Core 0 '' <Latency = 0> <II = 1> <Delay = 1.00> <Generic> <Opcode : >

State 17 <SV = 16> <Delay = 0.00>
ST_17 : Operation 130 [2/2] (0.00ns)   --->   "call fastcc void @"zeropad2d_cl_me<ap_fixed,ap_fixed,config52>"(i32* %layer11_out_V_V, i32* %layer52_out_V_V)" [firmware/myproject.cpp:142]   --->   Operation 130 'call' <Predicate = true> <Delay = 0.00> <CoreType = "Generic">   --->   Core 0 '' <Latency = 0> <II = 1> <Delay = 1.00> <Generic> <Opcode : >

State 18 <SV = 17> <Delay = 0.00>
ST_18 : Operation 131 [1/2] (0.00ns)   --->   "call fastcc void @"zeropad2d_cl_me<ap_fixed,ap_fixed,config52>"(i32* %layer11_out_V_V, i32* %layer52_out_V_V)" [firmware/myproject.cpp:142]   --->   Operation 131 'call' <Predicate = true> <Delay = 0.00> <CoreType = "Generic">   --->   Core 0 '' <Latency = 0> <II = 1> <Delay = 1.00> <Generic> <Opcode : >

State 19 <SV = 18> <Delay = 0.00>
ST_19 : Operation 132 [2/2] (0.00ns)   --->   "call fastcc void @"conv_2d_cl_me<ap_fixed,ap_fixed<32,16,5,3,0>,config12>"(i32* %layer52_out_V_V, i32* %layer12_out_V_V)" [firmware/myproject.cpp:147]   --->   Operation 132 'call' <Predicate = true> <Delay = 0.00> <CoreType = "Generic">   --->   Core 0 '' <Latency = 0> <II = 1> <Delay = 1.00> <Generic> <Opcode : >

State 20 <SV = 19> <Delay = 0.00>
ST_20 : Operation 133 [1/2] (0.00ns)   --->   "call fastcc void @"conv_2d_cl_me<ap_fixed,ap_fixed<32,16,5,3,0>,config12>"(i32* %layer52_out_V_V, i32* %layer12_out_V_V)" [firmware/myproject.cpp:147]   --->   Operation 133 'call' <Predicate = true> <Delay = 0.00> <CoreType = "Generic">   --->   Core 0 '' <Latency = 0> <II = 1> <Delay = 1.00> <Generic> <Opcode : >

State 21 <SV = 20> <Delay = 0.00>
ST_21 : Operation 134 [2/2] (0.00ns)   --->   "call fastcc void @"leaky_relu_me<ap_fixed,ap_fixed,LeakyReLU_config15>508"(i32* %layer12_out_V_V, i32* %layer15_out_V_V)" [firmware/myproject.cpp:152]   --->   Operation 134 'call' <Predicate = true> <Delay = 0.00> <CoreType = "Generic">   --->   Core 0 '' <Latency = 0> <II = 1> <Delay = 1.00> <Generic> <Opcode : >

State 22 <SV = 21> <Delay = 0.00>
ST_22 : Operation 135 [1/2] (0.00ns)   --->   "call fastcc void @"leaky_relu_me<ap_fixed,ap_fixed,LeakyReLU_config15>508"(i32* %layer12_out_V_V, i32* %layer15_out_V_V)" [firmware/myproject.cpp:152]   --->   Operation 135 'call' <Predicate = true> <Delay = 0.00> <CoreType = "Generic">   --->   Core 0 '' <Latency = 0> <II = 1> <Delay = 1.00> <Generic> <Opcode : >

State 23 <SV = 22> <Delay = 0.00>
ST_23 : Operation 136 [2/2] (0.00ns)   --->   "call fastcc void @pooling2d_large_cl_nopad_pad_me.2(i32* %layer15_out_V_V, i32* %layer16_out_V_V)" [firmware/myproject.cpp:157]   --->   Operation 136 'call' <Predicate = true> <Delay = 0.00> <CoreType = "Generic">   --->   Core 0 '' <Latency = 0> <II = 1> <Delay = 1.00> <Generic> <Opcode : >

State 24 <SV = 23> <Delay = 0.00>
ST_24 : Operation 137 [1/2] (0.00ns)   --->   "call fastcc void @pooling2d_large_cl_nopad_pad_me.2(i32* %layer15_out_V_V, i32* %layer16_out_V_V)" [firmware/myproject.cpp:157]   --->   Operation 137 'call' <Predicate = true> <Delay = 0.00> <CoreType = "Generic">   --->   Core 0 '' <Latency = 0> <II = 1> <Delay = 1.00> <Generic> <Opcode : >

State 25 <SV = 24> <Delay = 0.00>
ST_25 : Operation 138 [2/2] (0.00ns)   --->   "call fastcc void @"zeropad2d_cl_me<ap_fixed,ap_fixed,config53>"(i32* %layer16_out_V_V, i32* %layer53_out_V_V)" [firmware/myproject.cpp:162]   --->   Operation 138 'call' <Predicate = true> <Delay = 0.00> <CoreType = "Generic">   --->   Core 0 '' <Latency = 0> <II = 1> <Delay = 1.00> <Generic> <Opcode : >

State 26 <SV = 25> <Delay = 0.00>
ST_26 : Operation 139 [1/2] (0.00ns)   --->   "call fastcc void @"zeropad2d_cl_me<ap_fixed,ap_fixed,config53>"(i32* %layer16_out_V_V, i32* %layer53_out_V_V)" [firmware/myproject.cpp:162]   --->   Operation 139 'call' <Predicate = true> <Delay = 0.00> <CoreType = "Generic">   --->   Core 0 '' <Latency = 0> <II = 1> <Delay = 1.00> <Generic> <Opcode : >

State 27 <SV = 26> <Delay = 0.00>
ST_27 : Operation 140 [2/2] (0.00ns)   --->   "call fastcc void @"conv_2d_cl_me<ap_fixed,ap_fixed<32,16,5,3,0>,config17>"(i32* %layer53_out_V_V, i32* %layer17_out_V_V)" [firmware/myproject.cpp:167]   --->   Operation 140 'call' <Predicate = true> <Delay = 0.00> <CoreType = "Generic">   --->   Core 0 '' <Latency = 0> <II = 1> <Delay = 1.00> <Generic> <Opcode : >

State 28 <SV = 27> <Delay = 0.00>
ST_28 : Operation 141 [1/2] (0.00ns)   --->   "call fastcc void @"conv_2d_cl_me<ap_fixed,ap_fixed<32,16,5,3,0>,config17>"(i32* %layer53_out_V_V, i32* %layer17_out_V_V)" [firmware/myproject.cpp:167]   --->   Operation 141 'call' <Predicate = true> <Delay = 0.00> <CoreType = "Generic">   --->   Core 0 '' <Latency = 0> <II = 1> <Delay = 1.00> <Generic> <Opcode : >

State 29 <SV = 28> <Delay = 0.00>
ST_29 : Operation 142 [2/2] (0.00ns)   --->   "call fastcc void @"leaky_relu_me<ap_fixed,ap_fixed,LeakyReLU_config20>509"(i32* %layer17_out_V_V, i32* %layer20_out_V_V)" [firmware/myproject.cpp:172]   --->   Operation 142 'call' <Predicate = true> <Delay = 0.00> <CoreType = "Generic">   --->   Core 0 '' <Latency = 0> <II = 1> <Delay = 1.00> <Generic> <Opcode : >

State 30 <SV = 29> <Delay = 0.00>
ST_30 : Operation 143 [1/2] (0.00ns)   --->   "call fastcc void @"leaky_relu_me<ap_fixed,ap_fixed,LeakyReLU_config20>509"(i32* %layer17_out_V_V, i32* %layer20_out_V_V)" [firmware/myproject.cpp:172]   --->   Operation 143 'call' <Predicate = true> <Delay = 0.00> <CoreType = "Generic">   --->   Core 0 '' <Latency = 0> <II = 1> <Delay = 1.00> <Generic> <Opcode : >

State 31 <SV = 30> <Delay = 0.00>
ST_31 : Operation 144 [2/2] (0.00ns)   --->   "call fastcc void @pooling2d_large_cl_nopad_pad_me.1(i32* %layer20_out_V_V, i32* %layer21_out_V_V)" [firmware/myproject.cpp:177]   --->   Operation 144 'call' <Predicate = true> <Delay = 0.00> <CoreType = "Generic">   --->   Core 0 '' <Latency = 0> <II = 1> <Delay = 1.00> <Generic> <Opcode : >

State 32 <SV = 31> <Delay = 0.00>
ST_32 : Operation 145 [1/2] (0.00ns)   --->   "call fastcc void @pooling2d_large_cl_nopad_pad_me.1(i32* %layer20_out_V_V, i32* %layer21_out_V_V)" [firmware/myproject.cpp:177]   --->   Operation 145 'call' <Predicate = true> <Delay = 0.00> <CoreType = "Generic">   --->   Core 0 '' <Latency = 0> <II = 1> <Delay = 1.00> <Generic> <Opcode : >

State 33 <SV = 32> <Delay = 0.00>
ST_33 : Operation 146 [2/2] (0.00ns)   --->   "call fastcc void @"zeropad2d_cl_me<ap_fixed,ap_fixed,config54>"(i32* %layer21_out_V_V, i32* %layer54_out_V_V)" [firmware/myproject.cpp:182]   --->   Operation 146 'call' <Predicate = true> <Delay = 0.00> <CoreType = "Generic">   --->   Core 0 '' <Latency = 0> <II = 1> <Delay = 1.00> <Generic> <Opcode : >

State 34 <SV = 33> <Delay = 0.00>
ST_34 : Operation 147 [1/2] (0.00ns)   --->   "call fastcc void @"zeropad2d_cl_me<ap_fixed,ap_fixed,config54>"(i32* %layer21_out_V_V, i32* %layer54_out_V_V)" [firmware/myproject.cpp:182]   --->   Operation 147 'call' <Predicate = true> <Delay = 0.00> <CoreType = "Generic">   --->   Core 0 '' <Latency = 0> <II = 1> <Delay = 1.00> <Generic> <Opcode : >

State 35 <SV = 34> <Delay = 0.00>
ST_35 : Operation 148 [2/2] (0.00ns)   --->   "call fastcc void @"conv_2d_cl_me<ap_fixed,ap_fixed<32,16,5,3,0>,config22>"(i32* %layer54_out_V_V, i32* %layer22_out_V_V)" [firmware/myproject.cpp:187]   --->   Operation 148 'call' <Predicate = true> <Delay = 0.00> <CoreType = "Generic">   --->   Core 0 '' <Latency = 0> <II = 1> <Delay = 1.00> <Generic> <Opcode : >

State 36 <SV = 35> <Delay = 0.00>
ST_36 : Operation 149 [1/2] (0.00ns)   --->   "call fastcc void @"conv_2d_cl_me<ap_fixed,ap_fixed<32,16,5,3,0>,config22>"(i32* %layer54_out_V_V, i32* %layer22_out_V_V)" [firmware/myproject.cpp:187]   --->   Operation 149 'call' <Predicate = true> <Delay = 0.00> <CoreType = "Generic">   --->   Core 0 '' <Latency = 0> <II = 1> <Delay = 1.00> <Generic> <Opcode : >

State 37 <SV = 36> <Delay = 0.00>
ST_37 : Operation 150 [2/2] (0.00ns)   --->   "call fastcc void @"leaky_relu_me<ap_fixed,ap_fixed,LeakyReLU_config25>510"(i32* %layer22_out_V_V, i32* %layer25_out_V_V)" [firmware/myproject.cpp:192]   --->   Operation 150 'call' <Predicate = true> <Delay = 0.00> <CoreType = "Generic">   --->   Core 0 '' <Latency = 0> <II = 1> <Delay = 1.00> <Generic> <Opcode : >

State 38 <SV = 37> <Delay = 0.00>
ST_38 : Operation 151 [1/2] (0.00ns)   --->   "call fastcc void @"leaky_relu_me<ap_fixed,ap_fixed,LeakyReLU_config25>510"(i32* %layer22_out_V_V, i32* %layer25_out_V_V)" [firmware/myproject.cpp:192]   --->   Operation 151 'call' <Predicate = true> <Delay = 0.00> <CoreType = "Generic">   --->   Core 0 '' <Latency = 0> <II = 1> <Delay = 1.00> <Generic> <Opcode : >

State 39 <SV = 38> <Delay = 0.00>
ST_39 : Operation 152 [2/2] (0.00ns)   --->   "call fastcc void @pooling2d_large_cl_nopad_pad_me(i32* %layer25_out_V_V, i32* %layer26_out_V_V)" [firmware/myproject.cpp:197]   --->   Operation 152 'call' <Predicate = true> <Delay = 0.00> <CoreType = "Generic">   --->   Core 0 '' <Latency = 0> <II = 1> <Delay = 1.00> <Generic> <Opcode : >

State 40 <SV = 39> <Delay = 0.00>
ST_40 : Operation 153 [1/2] (0.00ns)   --->   "call fastcc void @pooling2d_large_cl_nopad_pad_me(i32* %layer25_out_V_V, i32* %layer26_out_V_V)" [firmware/myproject.cpp:197]   --->   Operation 153 'call' <Predicate = true> <Delay = 0.00> <CoreType = "Generic">   --->   Core 0 '' <Latency = 0> <II = 1> <Delay = 1.00> <Generic> <Opcode : >

State 41 <SV = 40> <Delay = 0.00>
ST_41 : Operation 154 [2/2] (0.00ns)   --->   "call fastcc void @"zeropad2d_cl_me<ap_fixed,ap_fixed,config55>"(i32* %layer26_out_V_V, i32* %layer55_out_V_V)" [firmware/myproject.cpp:202]   --->   Operation 154 'call' <Predicate = true> <Delay = 0.00> <CoreType = "Generic">   --->   Core 0 '' <Latency = 0> <II = 1> <Delay = 1.00> <Generic> <Opcode : >

State 42 <SV = 41> <Delay = 0.00>
ST_42 : Operation 155 [1/2] (0.00ns)   --->   "call fastcc void @"zeropad2d_cl_me<ap_fixed,ap_fixed,config55>"(i32* %layer26_out_V_V, i32* %layer55_out_V_V)" [firmware/myproject.cpp:202]   --->   Operation 155 'call' <Predicate = true> <Delay = 0.00> <CoreType = "Generic">   --->   Core 0 '' <Latency = 0> <II = 1> <Delay = 1.00> <Generic> <Opcode : >

State 43 <SV = 42> <Delay = 0.00>
ST_43 : Operation 156 [2/2] (0.00ns)   --->   "call fastcc void @"conv_2d_cl_me<ap_fixed,ap_fixed<32,16,5,3,0>,config27>"(i32* %layer55_out_V_V, i32* %layer27_out_V_V)" [firmware/myproject.cpp:207]   --->   Operation 156 'call' <Predicate = true> <Delay = 0.00> <CoreType = "Generic">   --->   Core 0 '' <Latency = 0> <II = 1> <Delay = 1.00> <Generic> <Opcode : >

State 44 <SV = 43> <Delay = 0.00>
ST_44 : Operation 157 [1/2] (0.00ns)   --->   "call fastcc void @"conv_2d_cl_me<ap_fixed,ap_fixed<32,16,5,3,0>,config27>"(i32* %layer55_out_V_V, i32* %layer27_out_V_V)" [firmware/myproject.cpp:207]   --->   Operation 157 'call' <Predicate = true> <Delay = 0.00> <CoreType = "Generic">   --->   Core 0 '' <Latency = 0> <II = 1> <Delay = 1.00> <Generic> <Opcode : >

State 45 <SV = 44> <Delay = 0.00>
ST_45 : Operation 158 [2/2] (0.00ns)   --->   "call fastcc void @"leaky_relu_me<ap_fixed,ap_fixed,LeakyReLU_config30>511"(i32* %layer27_out_V_V, i32* %layer30_out_V_V)" [firmware/myproject.cpp:212]   --->   Operation 158 'call' <Predicate = true> <Delay = 0.00> <CoreType = "Generic">   --->   Core 0 '' <Latency = 0> <II = 1> <Delay = 1.00> <Generic> <Opcode : >

State 46 <SV = 45> <Delay = 0.00>
ST_46 : Operation 159 [1/2] (0.00ns)   --->   "call fastcc void @"leaky_relu_me<ap_fixed,ap_fixed,LeakyReLU_config30>511"(i32* %layer27_out_V_V, i32* %layer30_out_V_V)" [firmware/myproject.cpp:212]   --->   Operation 159 'call' <Predicate = true> <Delay = 0.00> <CoreType = "Generic">   --->   Core 0 '' <Latency = 0> <II = 1> <Delay = 1.00> <Generic> <Opcode : >

State 47 <SV = 46> <Delay = 0.00>
ST_47 : Operation 160 [2/2] (0.00ns)   --->   "call fastcc void @"zeropad2d_cl_me<ap_fixed,ap_fixed,config56>"(i32* %layer30_out_V_V, i32* %layer56_out_V_V)" [firmware/myproject.cpp:217]   --->   Operation 160 'call' <Predicate = true> <Delay = 0.00> <CoreType = "Generic">   --->   Core 0 '' <Latency = 0> <II = 1> <Delay = 1.00> <Generic> <Opcode : >

State 48 <SV = 47> <Delay = 0.00>
ST_48 : Operation 161 [1/2] (0.00ns)   --->   "call fastcc void @"zeropad2d_cl_me<ap_fixed,ap_fixed,config56>"(i32* %layer30_out_V_V, i32* %layer56_out_V_V)" [firmware/myproject.cpp:217]   --->   Operation 161 'call' <Predicate = true> <Delay = 0.00> <CoreType = "Generic">   --->   Core 0 '' <Latency = 0> <II = 1> <Delay = 1.00> <Generic> <Opcode : >

State 49 <SV = 48> <Delay = 0.00>
ST_49 : Operation 162 [2/2] (0.00ns)   --->   "call fastcc void @"conv_2d_cl_me<ap_fixed,ap_fixed<32,16,5,3,0>,config31>"(i32* %layer56_out_V_V, i32* %layer31_out_V_V)" [firmware/myproject.cpp:222]   --->   Operation 162 'call' <Predicate = true> <Delay = 0.00> <CoreType = "Generic">   --->   Core 0 '' <Latency = 0> <II = 1> <Delay = 1.00> <Generic> <Opcode : >

State 50 <SV = 49> <Delay = 0.00>
ST_50 : Operation 163 [1/2] (0.00ns)   --->   "call fastcc void @"conv_2d_cl_me<ap_fixed,ap_fixed<32,16,5,3,0>,config31>"(i32* %layer56_out_V_V, i32* %layer31_out_V_V)" [firmware/myproject.cpp:222]   --->   Operation 163 'call' <Predicate = true> <Delay = 0.00> <CoreType = "Generic">   --->   Core 0 '' <Latency = 0> <II = 1> <Delay = 1.00> <Generic> <Opcode : >

State 51 <SV = 50> <Delay = 0.00>
ST_51 : Operation 164 [2/2] (0.00ns)   --->   "call fastcc void @"leaky_relu_me<ap_fixed,ap_fixed,LeakyReLU_config34>512"(i32* %layer31_out_V_V, i32* %layer34_out_V_V)" [firmware/myproject.cpp:227]   --->   Operation 164 'call' <Predicate = true> <Delay = 0.00> <CoreType = "Generic">   --->   Core 0 '' <Latency = 0> <II = 1> <Delay = 1.00> <Generic> <Opcode : >

State 52 <SV = 51> <Delay = 0.00>
ST_52 : Operation 165 [1/2] (0.00ns)   --->   "call fastcc void @"leaky_relu_me<ap_fixed,ap_fixed,LeakyReLU_config34>512"(i32* %layer31_out_V_V, i32* %layer34_out_V_V)" [firmware/myproject.cpp:227]   --->   Operation 165 'call' <Predicate = true> <Delay = 0.00> <CoreType = "Generic">   --->   Core 0 '' <Latency = 0> <II = 1> <Delay = 1.00> <Generic> <Opcode : >

State 53 <SV = 52> <Delay = 0.00>
ST_53 : Operation 166 [2/2] (0.00ns)   --->   "call fastcc void @"zeropad2d_cl_me<ap_fixed,ap_fixed,config57>"(i32* %layer34_out_V_V, i32* %layer57_out_V_V)" [firmware/myproject.cpp:232]   --->   Operation 166 'call' <Predicate = true> <Delay = 0.00> <CoreType = "Generic">   --->   Core 0 '' <Latency = 0> <II = 1> <Delay = 1.00> <Generic> <Opcode : >

State 54 <SV = 53> <Delay = 0.00>
ST_54 : Operation 167 [1/2] (0.00ns)   --->   "call fastcc void @"zeropad2d_cl_me<ap_fixed,ap_fixed,config57>"(i32* %layer34_out_V_V, i32* %layer57_out_V_V)" [firmware/myproject.cpp:232]   --->   Operation 167 'call' <Predicate = true> <Delay = 0.00> <CoreType = "Generic">   --->   Core 0 '' <Latency = 0> <II = 1> <Delay = 1.00> <Generic> <Opcode : >

State 55 <SV = 54> <Delay = 0.00>
ST_55 : Operation 168 [2/2] (0.00ns)   --->   "call fastcc void @"conv_2d_cl_me<ap_fixed,ap_fixed<32,16,5,3,0>,config35>"(i32* %layer57_out_V_V, i32* %layer35_out_V_V)" [firmware/myproject.cpp:237]   --->   Operation 168 'call' <Predicate = true> <Delay = 0.00> <CoreType = "Generic">   --->   Core 0 '' <Latency = 0> <II = 1> <Delay = 1.00> <Generic> <Opcode : >

State 56 <SV = 55> <Delay = 0.00>
ST_56 : Operation 169 [1/2] (0.00ns)   --->   "call fastcc void @"conv_2d_cl_me<ap_fixed,ap_fixed<32,16,5,3,0>,config35>"(i32* %layer57_out_V_V, i32* %layer35_out_V_V)" [firmware/myproject.cpp:237]   --->   Operation 169 'call' <Predicate = true> <Delay = 0.00> <CoreType = "Generic">   --->   Core 0 '' <Latency = 0> <II = 1> <Delay = 1.00> <Generic> <Opcode : >

State 57 <SV = 56> <Delay = 0.00>
ST_57 : Operation 170 [2/2] (0.00ns)   --->   "call fastcc void @"leaky_relu_me<ap_fixed,ap_fixed,LeakyReLU_config38>513"(i32* %layer35_out_V_V, i32* %layer38_out_V_V)" [firmware/myproject.cpp:242]   --->   Operation 170 'call' <Predicate = true> <Delay = 0.00> <CoreType = "Generic">   --->   Core 0 '' <Latency = 0> <II = 1> <Delay = 1.00> <Generic> <Opcode : >

State 58 <SV = 57> <Delay = 0.00>
ST_58 : Operation 171 [1/2] (0.00ns)   --->   "call fastcc void @"leaky_relu_me<ap_fixed,ap_fixed,LeakyReLU_config38>513"(i32* %layer35_out_V_V, i32* %layer38_out_V_V)" [firmware/myproject.cpp:242]   --->   Operation 171 'call' <Predicate = true> <Delay = 0.00> <CoreType = "Generic">   --->   Core 0 '' <Latency = 0> <II = 1> <Delay = 1.00> <Generic> <Opcode : >

State 59 <SV = 58> <Delay = 0.00>
ST_59 : Operation 172 [2/2] (0.00ns)   --->   "call fastcc void @"zeropad2d_cl_me<ap_fixed,ap_fixed,config58>"(i32* %layer38_out_V_V, i32* %layer58_out_V_V)" [firmware/myproject.cpp:247]   --->   Operation 172 'call' <Predicate = true> <Delay = 0.00> <CoreType = "Generic">   --->   Core 0 '' <Latency = 0> <II = 1> <Delay = 1.00> <Generic> <Opcode : >

State 60 <SV = 59> <Delay = 0.00>
ST_60 : Operation 173 [1/2] (0.00ns)   --->   "call fastcc void @"zeropad2d_cl_me<ap_fixed,ap_fixed,config58>"(i32* %layer38_out_V_V, i32* %layer58_out_V_V)" [firmware/myproject.cpp:247]   --->   Operation 173 'call' <Predicate = true> <Delay = 0.00> <CoreType = "Generic">   --->   Core 0 '' <Latency = 0> <II = 1> <Delay = 1.00> <Generic> <Opcode : >

State 61 <SV = 60> <Delay = 0.00>
ST_61 : Operation 174 [2/2] (0.00ns)   --->   "call fastcc void @"conv_2d_cl_me<ap_fixed,ap_fixed<32,16,5,3,0>,config39>"(i32* %layer58_out_V_V, i32* %layer39_out_V_V)" [firmware/myproject.cpp:252]   --->   Operation 174 'call' <Predicate = true> <Delay = 0.00> <CoreType = "Generic">   --->   Core 0 '' <Latency = 0> <II = 1> <Delay = 1.00> <Generic> <Opcode : >

State 62 <SV = 61> <Delay = 0.00>
ST_62 : Operation 175 [1/2] (0.00ns)   --->   "call fastcc void @"conv_2d_cl_me<ap_fixed,ap_fixed<32,16,5,3,0>,config39>"(i32* %layer58_out_V_V, i32* %layer39_out_V_V)" [firmware/myproject.cpp:252]   --->   Operation 175 'call' <Predicate = true> <Delay = 0.00> <CoreType = "Generic">   --->   Core 0 '' <Latency = 0> <II = 1> <Delay = 1.00> <Generic> <Opcode : >

State 63 <SV = 62> <Delay = 0.00>
ST_63 : Operation 176 [2/2] (0.00ns)   --->   "call fastcc void @"leaky_relu_me<ap_fixed,ap_fixed,LeakyReLU_config42>514"(i32* %layer39_out_V_V, i32* %layer42_out_V_V)" [firmware/myproject.cpp:257]   --->   Operation 176 'call' <Predicate = true> <Delay = 0.00> <CoreType = "Generic">   --->   Core 0 '' <Latency = 0> <II = 1> <Delay = 1.00> <Generic> <Opcode : >

State 64 <SV = 63> <Delay = 0.00>
ST_64 : Operation 177 [1/2] (0.00ns)   --->   "call fastcc void @"leaky_relu_me<ap_fixed,ap_fixed,LeakyReLU_config42>514"(i32* %layer39_out_V_V, i32* %layer42_out_V_V)" [firmware/myproject.cpp:257]   --->   Operation 177 'call' <Predicate = true> <Delay = 0.00> <CoreType = "Generic">   --->   Core 0 '' <Latency = 0> <II = 1> <Delay = 1.00> <Generic> <Opcode : >

State 65 <SV = 64> <Delay = 0.00>
ST_65 : Operation 178 [2/2] (0.00ns)   --->   "call fastcc void @"resize_nearest_me<ap_fixed<32, 16, 5, 3, 0>, config43>"(i32* %layer42_out_V_V, i32* %layer43_out_V_V)" [firmware/myproject.cpp:262]   --->   Operation 178 'call' <Predicate = true> <Delay = 0.00> <CoreType = "Generic">   --->   Core 0 '' <Latency = 0> <II = 1> <Delay = 1.00> <Generic> <Opcode : >

State 66 <SV = 65> <Delay = 0.00>
ST_66 : Operation 179 [1/2] (0.00ns)   --->   "call fastcc void @"resize_nearest_me<ap_fixed<32, 16, 5, 3, 0>, config43>"(i32* %layer42_out_V_V, i32* %layer43_out_V_V)" [firmware/myproject.cpp:262]   --->   Operation 179 'call' <Predicate = true> <Delay = 0.00> <CoreType = "Generic">   --->   Core 0 '' <Latency = 0> <II = 1> <Delay = 1.00> <Generic> <Opcode : >

State 67 <SV = 66> <Delay = 0.00>
ST_67 : Operation 180 [2/2] (0.00ns)   --->   "call fastcc void @"zeropad2d_cl_me<ap_fixed,ap_fixed,config59>"(i32* %layer43_out_V_V, i32* %layer59_out_V_V)" [firmware/myproject.cpp:267]   --->   Operation 180 'call' <Predicate = true> <Delay = 0.00> <CoreType = "Generic">   --->   Core 0 '' <Latency = 0> <II = 1> <Delay = 1.00> <Generic> <Opcode : >

State 68 <SV = 67> <Delay = 0.00>
ST_68 : Operation 181 [1/2] (0.00ns)   --->   "call fastcc void @"zeropad2d_cl_me<ap_fixed,ap_fixed,config59>"(i32* %layer43_out_V_V, i32* %layer59_out_V_V)" [firmware/myproject.cpp:267]   --->   Operation 181 'call' <Predicate = true> <Delay = 0.00> <CoreType = "Generic">   --->   Core 0 '' <Latency = 0> <II = 1> <Delay = 1.00> <Generic> <Opcode : >

State 69 <SV = 68> <Delay = 0.00>
ST_69 : Operation 182 [2/2] (0.00ns)   --->   "call fastcc void @"conv_2d_cl_me<ap_fixed,ap_fixed<32,16,5,3,0>,config44>"(i32* %layer59_out_V_V, i32* %layer44_out_V_V)" [firmware/myproject.cpp:272]   --->   Operation 182 'call' <Predicate = true> <Delay = 0.00> <CoreType = "Generic">   --->   Core 0 '' <Latency = 0> <II = 1> <Delay = 1.00> <Generic> <Opcode : >

State 70 <SV = 69> <Delay = 0.00>
ST_70 : Operation 183 [1/2] (0.00ns)   --->   "call fastcc void @"conv_2d_cl_me<ap_fixed,ap_fixed<32,16,5,3,0>,config44>"(i32* %layer59_out_V_V, i32* %layer44_out_V_V)" [firmware/myproject.cpp:272]   --->   Operation 183 'call' <Predicate = true> <Delay = 0.00> <CoreType = "Generic">   --->   Core 0 '' <Latency = 0> <II = 1> <Delay = 1.00> <Generic> <Opcode : >

State 71 <SV = 70> <Delay = 0.00>
ST_71 : Operation 184 [2/2] (0.00ns)   --->   "call fastcc void @"leaky_relu_me<ap_fixed,ap_fixed,LeakyReLU_config47>515"(i32* %layer44_out_V_V, i32* %layer47_out_V_V)" [firmware/myproject.cpp:277]   --->   Operation 184 'call' <Predicate = true> <Delay = 0.00> <CoreType = "Generic">   --->   Core 0 '' <Latency = 0> <II = 1> <Delay = 1.00> <Generic> <Opcode : >

State 72 <SV = 71> <Delay = 0.00>
ST_72 : Operation 185 [1/2] (0.00ns)   --->   "call fastcc void @"leaky_relu_me<ap_fixed,ap_fixed,LeakyReLU_config47>515"(i32* %layer44_out_V_V, i32* %layer47_out_V_V)" [firmware/myproject.cpp:277]   --->   Operation 185 'call' <Predicate = true> <Delay = 0.00> <CoreType = "Generic">   --->   Core 0 '' <Latency = 0> <II = 1> <Delay = 1.00> <Generic> <Opcode : >

State 73 <SV = 72> <Delay = 0.00>
ST_73 : Operation 186 [2/2] (0.00ns)   --->   "call fastcc void @"zeropad2d_cl_me<ap_fixed,ap_fixed,config60>"(i32* %layer47_out_V_V, i32* %layer60_out_V_V)" [firmware/myproject.cpp:282]   --->   Operation 186 'call' <Predicate = true> <Delay = 0.00> <CoreType = "Generic">   --->   Core 0 '' <Latency = 0> <II = 1> <Delay = 1.00> <Generic> <Opcode : >

State 74 <SV = 73> <Delay = 0.00>
ST_74 : Operation 187 [1/2] (0.00ns)   --->   "call fastcc void @"zeropad2d_cl_me<ap_fixed,ap_fixed,config60>"(i32* %layer47_out_V_V, i32* %layer60_out_V_V)" [firmware/myproject.cpp:282]   --->   Operation 187 'call' <Predicate = true> <Delay = 0.00> <CoreType = "Generic">   --->   Core 0 '' <Latency = 0> <II = 1> <Delay = 1.00> <Generic> <Opcode : >

State 75 <SV = 74> <Delay = 0.00>
ST_75 : Operation 188 [2/2] (0.00ns)   --->   "call fastcc void @"conv_2d_cl_me<ap_fixed,ap_fixed<32,16,5,3,0>,config48>"(i32* %layer60_out_V_V, i32* %layer48_out_V_V)" [firmware/myproject.cpp:285]   --->   Operation 188 'call' <Predicate = true> <Delay = 0.00> <CoreType = "Generic">   --->   Core 0 '' <Latency = 0> <II = 1> <Delay = 1.00> <Generic> <Opcode : >

State 76 <SV = 75> <Delay = 0.00>
ST_76 : Operation 189 [1/1] (0.00ns)   --->   "call void (...)* @_ssdm_op_SpecInterface(i32* %layer48_out_V_V, [8 x i8]* @ap_fifo_str, i32 0, i32 0, [1 x i8]* @p_str, i32 0, i32 0, [1 x i8]* @p_str, [1 x i8]* @p_str, [1 x i8]* @p_str, i32 2, i32 2, i32 16, i32 16, [1 x i8]* @p_str, [1 x i8]* @p_str)"   --->   Operation 189 'specinterface' <Predicate = true> <Delay = 0.00>
ST_76 : Operation 190 [1/1] (0.00ns)   --->   "call void (...)* @_ssdm_op_SpecInterface(i32* %input_1_V_V, [8 x i8]* @ap_fifo_str, i32 0, i32 0, [1 x i8]* @p_str, i32 0, i32 0, [1 x i8]* @p_str, [1 x i8]* @p_str, [1 x i8]* @p_str, i32 2, i32 2, i32 16, i32 16, [1 x i8]* @p_str, [1 x i8]* @p_str)"   --->   Operation 190 'specinterface' <Predicate = true> <Delay = 0.00>
ST_76 : Operation 191 [1/1] (0.00ns)   --->   "call void (...)* @_ssdm_op_SpecDataflowPipeline(i32 -1, i32 0, [1 x i8]* @p_str35) nounwind" [firmware/myproject.cpp:57]   --->   Operation 191 'specdataflowpipeline' <Predicate = true> <Delay = 0.00>
ST_76 : Operation 192 [1/1] (0.00ns)   --->   "%empty = call i32 (...)* @_ssdm_op_SpecChannel([16 x i8]* @layer50_out_OC_V_OC_V_str, i32 1, [1 x i8]* @p_str, [1 x i8]* @p_str, i32 16900, i32 16900, i32* %layer50_out_V_V, i32* %layer50_out_V_V)"   --->   Operation 192 'specchannel' 'empty' <Predicate = true> <Delay = 0.00>
ST_76 : Operation 193 [1/1] (0.00ns)   --->   "call void (...)* @_ssdm_op_SpecInterface(i32* %layer50_out_V_V, [8 x i8]* @ap_fifo_str, i32 0, i32 0, [1 x i8]* @p_str, i32 0, i32 0, [1 x i8]* @p_str, [1 x i8]* @p_str, [1 x i8]* @p_str, i32 2, i32 2, i32 16, i32 16, [1 x i8]* @p_str, [1 x i8]* @p_str)"   --->   Operation 193 'specinterface' <Predicate = true> <Delay = 0.00>
ST_76 : Operation 194 [1/1] (0.00ns)   --->   "%empty_147 = call i32 (...)* @_ssdm_op_SpecChannel([15 x i8]* @layer2_out_OC_V_OC_V_str, i32 1, [1 x i8]* @p_str, [1 x i8]* @p_str, i32 16384, i32 16384, i32* %layer2_out_V_V, i32* %layer2_out_V_V)"   --->   Operation 194 'specchannel' 'empty_147' <Predicate = true> <Delay = 0.00>
ST_76 : Operation 195 [1/1] (0.00ns)   --->   "call void (...)* @_ssdm_op_SpecInterface(i32* %layer2_out_V_V, [8 x i8]* @ap_fifo_str, i32 0, i32 0, [1 x i8]* @p_str, i32 0, i32 0, [1 x i8]* @p_str, [1 x i8]* @p_str, [1 x i8]* @p_str, i32 2, i32 2, i32 16, i32 16, [1 x i8]* @p_str, [1 x i8]* @p_str)"   --->   Operation 195 'specinterface' <Predicate = true> <Delay = 0.00>
ST_76 : Operation 196 [1/1] (0.00ns)   --->   "%empty_148 = call i32 (...)* @_ssdm_op_SpecChannel([15 x i8]* @layer5_out_OC_V_OC_V_str, i32 1, [1 x i8]* @p_str, [1 x i8]* @p_str, i32 16384, i32 16384, i32* %layer5_out_V_V, i32* %layer5_out_V_V)"   --->   Operation 196 'specchannel' 'empty_148' <Predicate = true> <Delay = 0.00>
ST_76 : Operation 197 [1/1] (0.00ns)   --->   "call void (...)* @_ssdm_op_SpecInterface(i32* %layer5_out_V_V, [8 x i8]* @ap_fifo_str, i32 0, i32 0, [1 x i8]* @p_str, i32 0, i32 0, [1 x i8]* @p_str, [1 x i8]* @p_str, [1 x i8]* @p_str, i32 2, i32 2, i32 16, i32 16, [1 x i8]* @p_str, [1 x i8]* @p_str)"   --->   Operation 197 'specinterface' <Predicate = true> <Delay = 0.00>
ST_76 : Operation 198 [1/1] (0.00ns)   --->   "%empty_149 = call i32 (...)* @_ssdm_op_SpecChannel([15 x i8]* @layer6_out_OC_V_OC_V_str, i32 1, [1 x i8]* @p_str, [1 x i8]* @p_str, i32 4096, i32 4096, i32* %layer6_out_V_V, i32* %layer6_out_V_V)"   --->   Operation 198 'specchannel' 'empty_149' <Predicate = true> <Delay = 0.00>
ST_76 : Operation 199 [1/1] (0.00ns)   --->   "call void (...)* @_ssdm_op_SpecInterface(i32* %layer6_out_V_V, [8 x i8]* @ap_fifo_str, i32 0, i32 0, [1 x i8]* @p_str, i32 0, i32 0, [1 x i8]* @p_str, [1 x i8]* @p_str, [1 x i8]* @p_str, i32 2, i32 2, i32 16, i32 16, [1 x i8]* @p_str, [1 x i8]* @p_str)"   --->   Operation 199 'specinterface' <Predicate = true> <Delay = 0.00>
ST_76 : Operation 200 [1/1] (0.00ns)   --->   "%empty_150 = call i32 (...)* @_ssdm_op_SpecChannel([16 x i8]* @layer51_out_OC_V_OC_V_str, i32 1, [1 x i8]* @p_str, [1 x i8]* @p_str, i32 4356, i32 4356, i32* %layer51_out_V_V, i32* %layer51_out_V_V)"   --->   Operation 200 'specchannel' 'empty_150' <Predicate = true> <Delay = 0.00>
ST_76 : Operation 201 [1/1] (0.00ns)   --->   "call void (...)* @_ssdm_op_SpecInterface(i32* %layer51_out_V_V, [8 x i8]* @ap_fifo_str, i32 0, i32 0, [1 x i8]* @p_str, i32 0, i32 0, [1 x i8]* @p_str, [1 x i8]* @p_str, [1 x i8]* @p_str, i32 2, i32 2, i32 16, i32 16, [1 x i8]* @p_str, [1 x i8]* @p_str)"   --->   Operation 201 'specinterface' <Predicate = true> <Delay = 0.00>
ST_76 : Operation 202 [1/1] (0.00ns)   --->   "%empty_151 = call i32 (...)* @_ssdm_op_SpecChannel([15 x i8]* @layer7_out_OC_V_OC_V_str, i32 1, [1 x i8]* @p_str, [1 x i8]* @p_str, i32 4096, i32 4096, i32* %layer7_out_V_V, i32* %layer7_out_V_V)"   --->   Operation 202 'specchannel' 'empty_151' <Predicate = true> <Delay = 0.00>
ST_76 : Operation 203 [1/1] (0.00ns)   --->   "call void (...)* @_ssdm_op_SpecInterface(i32* %layer7_out_V_V, [8 x i8]* @ap_fifo_str, i32 0, i32 0, [1 x i8]* @p_str, i32 0, i32 0, [1 x i8]* @p_str, [1 x i8]* @p_str, [1 x i8]* @p_str, i32 2, i32 2, i32 16, i32 16, [1 x i8]* @p_str, [1 x i8]* @p_str)"   --->   Operation 203 'specinterface' <Predicate = true> <Delay = 0.00>
ST_76 : Operation 204 [1/1] (0.00ns)   --->   "%empty_152 = call i32 (...)* @_ssdm_op_SpecChannel([16 x i8]* @layer10_out_OC_V_OC_V_str, i32 1, [1 x i8]* @p_str, [1 x i8]* @p_str, i32 4096, i32 4096, i32* %layer10_out_V_V, i32* %layer10_out_V_V)"   --->   Operation 204 'specchannel' 'empty_152' <Predicate = true> <Delay = 0.00>
ST_76 : Operation 205 [1/1] (0.00ns)   --->   "call void (...)* @_ssdm_op_SpecInterface(i32* %layer10_out_V_V, [8 x i8]* @ap_fifo_str, i32 0, i32 0, [1 x i8]* @p_str, i32 0, i32 0, [1 x i8]* @p_str, [1 x i8]* @p_str, [1 x i8]* @p_str, i32 2, i32 2, i32 16, i32 16, [1 x i8]* @p_str, [1 x i8]* @p_str)"   --->   Operation 205 'specinterface' <Predicate = true> <Delay = 0.00>
ST_76 : Operation 206 [1/1] (0.00ns)   --->   "%empty_153 = call i32 (...)* @_ssdm_op_SpecChannel([16 x i8]* @layer11_out_OC_V_OC_V_str, i32 1, [1 x i8]* @p_str, [1 x i8]* @p_str, i32 1024, i32 1024, i32* %layer11_out_V_V, i32* %layer11_out_V_V)"   --->   Operation 206 'specchannel' 'empty_153' <Predicate = true> <Delay = 0.00>
ST_76 : Operation 207 [1/1] (0.00ns)   --->   "call void (...)* @_ssdm_op_SpecInterface(i32* %layer11_out_V_V, [8 x i8]* @ap_fifo_str, i32 0, i32 0, [1 x i8]* @p_str, i32 0, i32 0, [1 x i8]* @p_str, [1 x i8]* @p_str, [1 x i8]* @p_str, i32 2, i32 2, i32 16, i32 16, [1 x i8]* @p_str, [1 x i8]* @p_str)"   --->   Operation 207 'specinterface' <Predicate = true> <Delay = 0.00>
ST_76 : Operation 208 [1/1] (0.00ns)   --->   "%empty_154 = call i32 (...)* @_ssdm_op_SpecChannel([16 x i8]* @layer52_out_OC_V_OC_V_str, i32 1, [1 x i8]* @p_str, [1 x i8]* @p_str, i32 1156, i32 1156, i32* %layer52_out_V_V, i32* %layer52_out_V_V)"   --->   Operation 208 'specchannel' 'empty_154' <Predicate = true> <Delay = 0.00>
ST_76 : Operation 209 [1/1] (0.00ns)   --->   "call void (...)* @_ssdm_op_SpecInterface(i32* %layer52_out_V_V, [8 x i8]* @ap_fifo_str, i32 0, i32 0, [1 x i8]* @p_str, i32 0, i32 0, [1 x i8]* @p_str, [1 x i8]* @p_str, [1 x i8]* @p_str, i32 2, i32 2, i32 16, i32 16, [1 x i8]* @p_str, [1 x i8]* @p_str)"   --->   Operation 209 'specinterface' <Predicate = true> <Delay = 0.00>
ST_76 : Operation 210 [1/1] (0.00ns)   --->   "%empty_155 = call i32 (...)* @_ssdm_op_SpecChannel([16 x i8]* @layer12_out_OC_V_OC_V_str, i32 1, [1 x i8]* @p_str, [1 x i8]* @p_str, i32 1024, i32 1024, i32* %layer12_out_V_V, i32* %layer12_out_V_V)"   --->   Operation 210 'specchannel' 'empty_155' <Predicate = true> <Delay = 0.00>
ST_76 : Operation 211 [1/1] (0.00ns)   --->   "call void (...)* @_ssdm_op_SpecInterface(i32* %layer12_out_V_V, [8 x i8]* @ap_fifo_str, i32 0, i32 0, [1 x i8]* @p_str, i32 0, i32 0, [1 x i8]* @p_str, [1 x i8]* @p_str, [1 x i8]* @p_str, i32 2, i32 2, i32 16, i32 16, [1 x i8]* @p_str, [1 x i8]* @p_str)"   --->   Operation 211 'specinterface' <Predicate = true> <Delay = 0.00>
ST_76 : Operation 212 [1/1] (0.00ns)   --->   "%empty_156 = call i32 (...)* @_ssdm_op_SpecChannel([16 x i8]* @layer15_out_OC_V_OC_V_str, i32 1, [1 x i8]* @p_str, [1 x i8]* @p_str, i32 1024, i32 1024, i32* %layer15_out_V_V, i32* %layer15_out_V_V)"   --->   Operation 212 'specchannel' 'empty_156' <Predicate = true> <Delay = 0.00>
ST_76 : Operation 213 [1/1] (0.00ns)   --->   "call void (...)* @_ssdm_op_SpecInterface(i32* %layer15_out_V_V, [8 x i8]* @ap_fifo_str, i32 0, i32 0, [1 x i8]* @p_str, i32 0, i32 0, [1 x i8]* @p_str, [1 x i8]* @p_str, [1 x i8]* @p_str, i32 2, i32 2, i32 16, i32 16, [1 x i8]* @p_str, [1 x i8]* @p_str)"   --->   Operation 213 'specinterface' <Predicate = true> <Delay = 0.00>
ST_76 : Operation 214 [1/1] (0.00ns)   --->   "%empty_157 = call i32 (...)* @_ssdm_op_SpecChannel([16 x i8]* @layer16_out_OC_V_OC_V_str, i32 1, [1 x i8]* @p_str, [1 x i8]* @p_str, i32 256, i32 256, i32* %layer16_out_V_V, i32* %layer16_out_V_V)"   --->   Operation 214 'specchannel' 'empty_157' <Predicate = true> <Delay = 0.00>
ST_76 : Operation 215 [1/1] (0.00ns)   --->   "call void (...)* @_ssdm_op_SpecInterface(i32* %layer16_out_V_V, [8 x i8]* @ap_fifo_str, i32 0, i32 0, [1 x i8]* @p_str, i32 0, i32 0, [1 x i8]* @p_str, [1 x i8]* @p_str, [1 x i8]* @p_str, i32 2, i32 2, i32 16, i32 16, [1 x i8]* @p_str, [1 x i8]* @p_str)"   --->   Operation 215 'specinterface' <Predicate = true> <Delay = 0.00>
ST_76 : Operation 216 [1/1] (0.00ns)   --->   "%empty_158 = call i32 (...)* @_ssdm_op_SpecChannel([16 x i8]* @layer53_out_OC_V_OC_V_str, i32 1, [1 x i8]* @p_str, [1 x i8]* @p_str, i32 324, i32 324, i32* %layer53_out_V_V, i32* %layer53_out_V_V)"   --->   Operation 216 'specchannel' 'empty_158' <Predicate = true> <Delay = 0.00>
ST_76 : Operation 217 [1/1] (0.00ns)   --->   "call void (...)* @_ssdm_op_SpecInterface(i32* %layer53_out_V_V, [8 x i8]* @ap_fifo_str, i32 0, i32 0, [1 x i8]* @p_str, i32 0, i32 0, [1 x i8]* @p_str, [1 x i8]* @p_str, [1 x i8]* @p_str, i32 2, i32 2, i32 16, i32 16, [1 x i8]* @p_str, [1 x i8]* @p_str)"   --->   Operation 217 'specinterface' <Predicate = true> <Delay = 0.00>
ST_76 : Operation 218 [1/1] (0.00ns)   --->   "%empty_159 = call i32 (...)* @_ssdm_op_SpecChannel([16 x i8]* @layer17_out_OC_V_OC_V_str, i32 1, [1 x i8]* @p_str, [1 x i8]* @p_str, i32 256, i32 256, i32* %layer17_out_V_V, i32* %layer17_out_V_V)"   --->   Operation 218 'specchannel' 'empty_159' <Predicate = true> <Delay = 0.00>
ST_76 : Operation 219 [1/1] (0.00ns)   --->   "call void (...)* @_ssdm_op_SpecInterface(i32* %layer17_out_V_V, [8 x i8]* @ap_fifo_str, i32 0, i32 0, [1 x i8]* @p_str, i32 0, i32 0, [1 x i8]* @p_str, [1 x i8]* @p_str, [1 x i8]* @p_str, i32 2, i32 2, i32 16, i32 16, [1 x i8]* @p_str, [1 x i8]* @p_str)"   --->   Operation 219 'specinterface' <Predicate = true> <Delay = 0.00>
ST_76 : Operation 220 [1/1] (0.00ns)   --->   "%empty_160 = call i32 (...)* @_ssdm_op_SpecChannel([16 x i8]* @layer20_out_OC_V_OC_V_str, i32 1, [1 x i8]* @p_str, [1 x i8]* @p_str, i32 256, i32 256, i32* %layer20_out_V_V, i32* %layer20_out_V_V)"   --->   Operation 220 'specchannel' 'empty_160' <Predicate = true> <Delay = 0.00>
ST_76 : Operation 221 [1/1] (0.00ns)   --->   "call void (...)* @_ssdm_op_SpecInterface(i32* %layer20_out_V_V, [8 x i8]* @ap_fifo_str, i32 0, i32 0, [1 x i8]* @p_str, i32 0, i32 0, [1 x i8]* @p_str, [1 x i8]* @p_str, [1 x i8]* @p_str, i32 2, i32 2, i32 16, i32 16, [1 x i8]* @p_str, [1 x i8]* @p_str)"   --->   Operation 221 'specinterface' <Predicate = true> <Delay = 0.00>
ST_76 : Operation 222 [1/1] (0.00ns)   --->   "%empty_161 = call i32 (...)* @_ssdm_op_SpecChannel([16 x i8]* @layer21_out_OC_V_OC_V_str, i32 1, [1 x i8]* @p_str, [1 x i8]* @p_str, i32 64, i32 64, i32* %layer21_out_V_V, i32* %layer21_out_V_V)"   --->   Operation 222 'specchannel' 'empty_161' <Predicate = true> <Delay = 0.00>
ST_76 : Operation 223 [1/1] (0.00ns)   --->   "call void (...)* @_ssdm_op_SpecInterface(i32* %layer21_out_V_V, [8 x i8]* @ap_fifo_str, i32 0, i32 0, [1 x i8]* @p_str, i32 0, i32 0, [1 x i8]* @p_str, [1 x i8]* @p_str, [1 x i8]* @p_str, i32 2, i32 2, i32 16, i32 16, [1 x i8]* @p_str, [1 x i8]* @p_str)"   --->   Operation 223 'specinterface' <Predicate = true> <Delay = 0.00>
ST_76 : Operation 224 [1/1] (0.00ns)   --->   "%empty_162 = call i32 (...)* @_ssdm_op_SpecChannel([16 x i8]* @layer54_out_OC_V_OC_V_str, i32 1, [1 x i8]* @p_str, [1 x i8]* @p_str, i32 100, i32 100, i32* %layer54_out_V_V, i32* %layer54_out_V_V)"   --->   Operation 224 'specchannel' 'empty_162' <Predicate = true> <Delay = 0.00>
ST_76 : Operation 225 [1/1] (0.00ns)   --->   "call void (...)* @_ssdm_op_SpecInterface(i32* %layer54_out_V_V, [8 x i8]* @ap_fifo_str, i32 0, i32 0, [1 x i8]* @p_str, i32 0, i32 0, [1 x i8]* @p_str, [1 x i8]* @p_str, [1 x i8]* @p_str, i32 2, i32 2, i32 16, i32 16, [1 x i8]* @p_str, [1 x i8]* @p_str)"   --->   Operation 225 'specinterface' <Predicate = true> <Delay = 0.00>
ST_76 : Operation 226 [1/1] (0.00ns)   --->   "%empty_163 = call i32 (...)* @_ssdm_op_SpecChannel([16 x i8]* @layer22_out_OC_V_OC_V_str, i32 1, [1 x i8]* @p_str, [1 x i8]* @p_str, i32 64, i32 64, i32* %layer22_out_V_V, i32* %layer22_out_V_V)"   --->   Operation 226 'specchannel' 'empty_163' <Predicate = true> <Delay = 0.00>
ST_76 : Operation 227 [1/1] (0.00ns)   --->   "call void (...)* @_ssdm_op_SpecInterface(i32* %layer22_out_V_V, [8 x i8]* @ap_fifo_str, i32 0, i32 0, [1 x i8]* @p_str, i32 0, i32 0, [1 x i8]* @p_str, [1 x i8]* @p_str, [1 x i8]* @p_str, i32 2, i32 2, i32 16, i32 16, [1 x i8]* @p_str, [1 x i8]* @p_str)"   --->   Operation 227 'specinterface' <Predicate = true> <Delay = 0.00>
ST_76 : Operation 228 [1/1] (0.00ns)   --->   "%empty_164 = call i32 (...)* @_ssdm_op_SpecChannel([16 x i8]* @layer25_out_OC_V_OC_V_str, i32 1, [1 x i8]* @p_str, [1 x i8]* @p_str, i32 64, i32 64, i32* %layer25_out_V_V, i32* %layer25_out_V_V)"   --->   Operation 228 'specchannel' 'empty_164' <Predicate = true> <Delay = 0.00>
ST_76 : Operation 229 [1/1] (0.00ns)   --->   "call void (...)* @_ssdm_op_SpecInterface(i32* %layer25_out_V_V, [8 x i8]* @ap_fifo_str, i32 0, i32 0, [1 x i8]* @p_str, i32 0, i32 0, [1 x i8]* @p_str, [1 x i8]* @p_str, [1 x i8]* @p_str, i32 2, i32 2, i32 16, i32 16, [1 x i8]* @p_str, [1 x i8]* @p_str)"   --->   Operation 229 'specinterface' <Predicate = true> <Delay = 0.00>
ST_76 : Operation 230 [1/1] (0.00ns)   --->   "%empty_165 = call i32 (...)* @_ssdm_op_SpecChannel([16 x i8]* @layer26_out_OC_V_OC_V_str, i32 1, [1 x i8]* @p_str, [1 x i8]* @p_str, i32 16, i32 16, i32* %layer26_out_V_V, i32* %layer26_out_V_V)"   --->   Operation 230 'specchannel' 'empty_165' <Predicate = true> <Delay = 0.00>
ST_76 : Operation 231 [1/1] (0.00ns)   --->   "call void (...)* @_ssdm_op_SpecInterface(i32* %layer26_out_V_V, [8 x i8]* @ap_fifo_str, i32 0, i32 0, [1 x i8]* @p_str, i32 0, i32 0, [1 x i8]* @p_str, [1 x i8]* @p_str, [1 x i8]* @p_str, i32 2, i32 2, i32 16, i32 16, [1 x i8]* @p_str, [1 x i8]* @p_str)"   --->   Operation 231 'specinterface' <Predicate = true> <Delay = 0.00>
ST_76 : Operation 232 [1/1] (0.00ns)   --->   "%empty_166 = call i32 (...)* @_ssdm_op_SpecChannel([16 x i8]* @layer55_out_OC_V_OC_V_str, i32 1, [1 x i8]* @p_str, [1 x i8]* @p_str, i32 36, i32 36, i32* %layer55_out_V_V, i32* %layer55_out_V_V)"   --->   Operation 232 'specchannel' 'empty_166' <Predicate = true> <Delay = 0.00>
ST_76 : Operation 233 [1/1] (0.00ns)   --->   "call void (...)* @_ssdm_op_SpecInterface(i32* %layer55_out_V_V, [8 x i8]* @ap_fifo_str, i32 0, i32 0, [1 x i8]* @p_str, i32 0, i32 0, [1 x i8]* @p_str, [1 x i8]* @p_str, [1 x i8]* @p_str, i32 2, i32 2, i32 16, i32 16, [1 x i8]* @p_str, [1 x i8]* @p_str)"   --->   Operation 233 'specinterface' <Predicate = true> <Delay = 0.00>
ST_76 : Operation 234 [1/1] (0.00ns)   --->   "%empty_167 = call i32 (...)* @_ssdm_op_SpecChannel([16 x i8]* @layer27_out_OC_V_OC_V_str, i32 1, [1 x i8]* @p_str, [1 x i8]* @p_str, i32 16, i32 16, i32* %layer27_out_V_V, i32* %layer27_out_V_V)"   --->   Operation 234 'specchannel' 'empty_167' <Predicate = true> <Delay = 0.00>
ST_76 : Operation 235 [1/1] (0.00ns)   --->   "call void (...)* @_ssdm_op_SpecInterface(i32* %layer27_out_V_V, [8 x i8]* @ap_fifo_str, i32 0, i32 0, [1 x i8]* @p_str, i32 0, i32 0, [1 x i8]* @p_str, [1 x i8]* @p_str, [1 x i8]* @p_str, i32 2, i32 2, i32 16, i32 16, [1 x i8]* @p_str, [1 x i8]* @p_str)"   --->   Operation 235 'specinterface' <Predicate = true> <Delay = 0.00>
ST_76 : Operation 236 [1/1] (0.00ns)   --->   "%empty_168 = call i32 (...)* @_ssdm_op_SpecChannel([16 x i8]* @layer30_out_OC_V_OC_V_str, i32 1, [1 x i8]* @p_str, [1 x i8]* @p_str, i32 16, i32 16, i32* %layer30_out_V_V, i32* %layer30_out_V_V)"   --->   Operation 236 'specchannel' 'empty_168' <Predicate = true> <Delay = 0.00>
ST_76 : Operation 237 [1/1] (0.00ns)   --->   "call void (...)* @_ssdm_op_SpecInterface(i32* %layer30_out_V_V, [8 x i8]* @ap_fifo_str, i32 0, i32 0, [1 x i8]* @p_str, i32 0, i32 0, [1 x i8]* @p_str, [1 x i8]* @p_str, [1 x i8]* @p_str, i32 2, i32 2, i32 16, i32 16, [1 x i8]* @p_str, [1 x i8]* @p_str)"   --->   Operation 237 'specinterface' <Predicate = true> <Delay = 0.00>
ST_76 : Operation 238 [1/1] (0.00ns)   --->   "%empty_169 = call i32 (...)* @_ssdm_op_SpecChannel([16 x i8]* @layer56_out_OC_V_OC_V_str, i32 1, [1 x i8]* @p_str, [1 x i8]* @p_str, i32 36, i32 36, i32* %layer56_out_V_V, i32* %layer56_out_V_V)"   --->   Operation 238 'specchannel' 'empty_169' <Predicate = true> <Delay = 0.00>
ST_76 : Operation 239 [1/1] (0.00ns)   --->   "call void (...)* @_ssdm_op_SpecInterface(i32* %layer56_out_V_V, [8 x i8]* @ap_fifo_str, i32 0, i32 0, [1 x i8]* @p_str, i32 0, i32 0, [1 x i8]* @p_str, [1 x i8]* @p_str, [1 x i8]* @p_str, i32 2, i32 2, i32 16, i32 16, [1 x i8]* @p_str, [1 x i8]* @p_str)"   --->   Operation 239 'specinterface' <Predicate = true> <Delay = 0.00>
ST_76 : Operation 240 [1/1] (0.00ns)   --->   "%empty_170 = call i32 (...)* @_ssdm_op_SpecChannel([16 x i8]* @layer31_out_OC_V_OC_V_str, i32 1, [1 x i8]* @p_str, [1 x i8]* @p_str, i32 16, i32 16, i32* %layer31_out_V_V, i32* %layer31_out_V_V)"   --->   Operation 240 'specchannel' 'empty_170' <Predicate = true> <Delay = 0.00>
ST_76 : Operation 241 [1/1] (0.00ns)   --->   "call void (...)* @_ssdm_op_SpecInterface(i32* %layer31_out_V_V, [8 x i8]* @ap_fifo_str, i32 0, i32 0, [1 x i8]* @p_str, i32 0, i32 0, [1 x i8]* @p_str, [1 x i8]* @p_str, [1 x i8]* @p_str, i32 2, i32 2, i32 16, i32 16, [1 x i8]* @p_str, [1 x i8]* @p_str)"   --->   Operation 241 'specinterface' <Predicate = true> <Delay = 0.00>
ST_76 : Operation 242 [1/1] (0.00ns)   --->   "%empty_171 = call i32 (...)* @_ssdm_op_SpecChannel([16 x i8]* @layer34_out_OC_V_OC_V_str, i32 1, [1 x i8]* @p_str, [1 x i8]* @p_str, i32 16, i32 16, i32* %layer34_out_V_V, i32* %layer34_out_V_V)"   --->   Operation 242 'specchannel' 'empty_171' <Predicate = true> <Delay = 0.00>
ST_76 : Operation 243 [1/1] (0.00ns)   --->   "call void (...)* @_ssdm_op_SpecInterface(i32* %layer34_out_V_V, [8 x i8]* @ap_fifo_str, i32 0, i32 0, [1 x i8]* @p_str, i32 0, i32 0, [1 x i8]* @p_str, [1 x i8]* @p_str, [1 x i8]* @p_str, i32 2, i32 2, i32 16, i32 16, [1 x i8]* @p_str, [1 x i8]* @p_str)"   --->   Operation 243 'specinterface' <Predicate = true> <Delay = 0.00>
ST_76 : Operation 244 [1/1] (0.00ns)   --->   "%empty_172 = call i32 (...)* @_ssdm_op_SpecChannel([16 x i8]* @layer57_out_OC_V_OC_V_str, i32 1, [1 x i8]* @p_str, [1 x i8]* @p_str, i32 36, i32 36, i32* %layer57_out_V_V, i32* %layer57_out_V_V)"   --->   Operation 244 'specchannel' 'empty_172' <Predicate = true> <Delay = 0.00>
ST_76 : Operation 245 [1/1] (0.00ns)   --->   "call void (...)* @_ssdm_op_SpecInterface(i32* %layer57_out_V_V, [8 x i8]* @ap_fifo_str, i32 0, i32 0, [1 x i8]* @p_str, i32 0, i32 0, [1 x i8]* @p_str, [1 x i8]* @p_str, [1 x i8]* @p_str, i32 2, i32 2, i32 16, i32 16, [1 x i8]* @p_str, [1 x i8]* @p_str)"   --->   Operation 245 'specinterface' <Predicate = true> <Delay = 0.00>
ST_76 : Operation 246 [1/1] (0.00ns)   --->   "%empty_173 = call i32 (...)* @_ssdm_op_SpecChannel([16 x i8]* @layer35_out_OC_V_OC_V_str, i32 1, [1 x i8]* @p_str, [1 x i8]* @p_str, i32 16, i32 16, i32* %layer35_out_V_V, i32* %layer35_out_V_V)"   --->   Operation 246 'specchannel' 'empty_173' <Predicate = true> <Delay = 0.00>
ST_76 : Operation 247 [1/1] (0.00ns)   --->   "call void (...)* @_ssdm_op_SpecInterface(i32* %layer35_out_V_V, [8 x i8]* @ap_fifo_str, i32 0, i32 0, [1 x i8]* @p_str, i32 0, i32 0, [1 x i8]* @p_str, [1 x i8]* @p_str, [1 x i8]* @p_str, i32 2, i32 2, i32 16, i32 16, [1 x i8]* @p_str, [1 x i8]* @p_str)"   --->   Operation 247 'specinterface' <Predicate = true> <Delay = 0.00>
ST_76 : Operation 248 [1/1] (0.00ns)   --->   "%empty_174 = call i32 (...)* @_ssdm_op_SpecChannel([16 x i8]* @layer38_out_OC_V_OC_V_str, i32 1, [1 x i8]* @p_str, [1 x i8]* @p_str, i32 16, i32 16, i32* %layer38_out_V_V, i32* %layer38_out_V_V)"   --->   Operation 248 'specchannel' 'empty_174' <Predicate = true> <Delay = 0.00>
ST_76 : Operation 249 [1/1] (0.00ns)   --->   "call void (...)* @_ssdm_op_SpecInterface(i32* %layer38_out_V_V, [8 x i8]* @ap_fifo_str, i32 0, i32 0, [1 x i8]* @p_str, i32 0, i32 0, [1 x i8]* @p_str, [1 x i8]* @p_str, [1 x i8]* @p_str, i32 2, i32 2, i32 16, i32 16, [1 x i8]* @p_str, [1 x i8]* @p_str)"   --->   Operation 249 'specinterface' <Predicate = true> <Delay = 0.00>
ST_76 : Operation 250 [1/1] (0.00ns)   --->   "%empty_175 = call i32 (...)* @_ssdm_op_SpecChannel([16 x i8]* @layer58_out_OC_V_OC_V_str, i32 1, [1 x i8]* @p_str, [1 x i8]* @p_str, i32 36, i32 36, i32* %layer58_out_V_V, i32* %layer58_out_V_V)"   --->   Operation 250 'specchannel' 'empty_175' <Predicate = true> <Delay = 0.00>
ST_76 : Operation 251 [1/1] (0.00ns)   --->   "call void (...)* @_ssdm_op_SpecInterface(i32* %layer58_out_V_V, [8 x i8]* @ap_fifo_str, i32 0, i32 0, [1 x i8]* @p_str, i32 0, i32 0, [1 x i8]* @p_str, [1 x i8]* @p_str, [1 x i8]* @p_str, i32 2, i32 2, i32 16, i32 16, [1 x i8]* @p_str, [1 x i8]* @p_str)"   --->   Operation 251 'specinterface' <Predicate = true> <Delay = 0.00>
ST_76 : Operation 252 [1/1] (0.00ns)   --->   "%empty_176 = call i32 (...)* @_ssdm_op_SpecChannel([16 x i8]* @layer39_out_OC_V_OC_V_str, i32 1, [1 x i8]* @p_str, [1 x i8]* @p_str, i32 16, i32 16, i32* %layer39_out_V_V, i32* %layer39_out_V_V)"   --->   Operation 252 'specchannel' 'empty_176' <Predicate = true> <Delay = 0.00>
ST_76 : Operation 253 [1/1] (0.00ns)   --->   "call void (...)* @_ssdm_op_SpecInterface(i32* %layer39_out_V_V, [8 x i8]* @ap_fifo_str, i32 0, i32 0, [1 x i8]* @p_str, i32 0, i32 0, [1 x i8]* @p_str, [1 x i8]* @p_str, [1 x i8]* @p_str, i32 2, i32 2, i32 16, i32 16, [1 x i8]* @p_str, [1 x i8]* @p_str)"   --->   Operation 253 'specinterface' <Predicate = true> <Delay = 0.00>
ST_76 : Operation 254 [1/1] (0.00ns)   --->   "%empty_177 = call i32 (...)* @_ssdm_op_SpecChannel([16 x i8]* @layer42_out_OC_V_OC_V_str, i32 1, [1 x i8]* @p_str, [1 x i8]* @p_str, i32 16, i32 16, i32* %layer42_out_V_V, i32* %layer42_out_V_V)"   --->   Operation 254 'specchannel' 'empty_177' <Predicate = true> <Delay = 0.00>
ST_76 : Operation 255 [1/1] (0.00ns)   --->   "call void (...)* @_ssdm_op_SpecInterface(i32* %layer42_out_V_V, [8 x i8]* @ap_fifo_str, i32 0, i32 0, [1 x i8]* @p_str, i32 0, i32 0, [1 x i8]* @p_str, [1 x i8]* @p_str, [1 x i8]* @p_str, i32 2, i32 2, i32 16, i32 16, [1 x i8]* @p_str, [1 x i8]* @p_str)"   --->   Operation 255 'specinterface' <Predicate = true> <Delay = 0.00>
ST_76 : Operation 256 [1/1] (0.00ns)   --->   "%empty_178 = call i32 (...)* @_ssdm_op_SpecChannel([16 x i8]* @layer43_out_OC_V_OC_V_str, i32 1, [1 x i8]* @p_str, [1 x i8]* @p_str, i32 64, i32 64, i32* %layer43_out_V_V, i32* %layer43_out_V_V)"   --->   Operation 256 'specchannel' 'empty_178' <Predicate = true> <Delay = 0.00>
ST_76 : Operation 257 [1/1] (0.00ns)   --->   "call void (...)* @_ssdm_op_SpecInterface(i32* %layer43_out_V_V, [8 x i8]* @ap_fifo_str, i32 0, i32 0, [1 x i8]* @p_str, i32 0, i32 0, [1 x i8]* @p_str, [1 x i8]* @p_str, [1 x i8]* @p_str, i32 2, i32 2, i32 16, i32 16, [1 x i8]* @p_str, [1 x i8]* @p_str)"   --->   Operation 257 'specinterface' <Predicate = true> <Delay = 0.00>
ST_76 : Operation 258 [1/1] (0.00ns)   --->   "%empty_179 = call i32 (...)* @_ssdm_op_SpecChannel([16 x i8]* @layer59_out_OC_V_OC_V_str, i32 1, [1 x i8]* @p_str, [1 x i8]* @p_str, i32 100, i32 100, i32* %layer59_out_V_V, i32* %layer59_out_V_V)"   --->   Operation 258 'specchannel' 'empty_179' <Predicate = true> <Delay = 0.00>
ST_76 : Operation 259 [1/1] (0.00ns)   --->   "call void (...)* @_ssdm_op_SpecInterface(i32* %layer59_out_V_V, [8 x i8]* @ap_fifo_str, i32 0, i32 0, [1 x i8]* @p_str, i32 0, i32 0, [1 x i8]* @p_str, [1 x i8]* @p_str, [1 x i8]* @p_str, i32 2, i32 2, i32 16, i32 16, [1 x i8]* @p_str, [1 x i8]* @p_str)"   --->   Operation 259 'specinterface' <Predicate = true> <Delay = 0.00>
ST_76 : Operation 260 [1/1] (0.00ns)   --->   "%empty_180 = call i32 (...)* @_ssdm_op_SpecChannel([16 x i8]* @layer44_out_OC_V_OC_V_str, i32 1, [1 x i8]* @p_str, [1 x i8]* @p_str, i32 64, i32 64, i32* %layer44_out_V_V, i32* %layer44_out_V_V)"   --->   Operation 260 'specchannel' 'empty_180' <Predicate = true> <Delay = 0.00>
ST_76 : Operation 261 [1/1] (0.00ns)   --->   "call void (...)* @_ssdm_op_SpecInterface(i32* %layer44_out_V_V, [8 x i8]* @ap_fifo_str, i32 0, i32 0, [1 x i8]* @p_str, i32 0, i32 0, [1 x i8]* @p_str, [1 x i8]* @p_str, [1 x i8]* @p_str, i32 2, i32 2, i32 16, i32 16, [1 x i8]* @p_str, [1 x i8]* @p_str)"   --->   Operation 261 'specinterface' <Predicate = true> <Delay = 0.00>
ST_76 : Operation 262 [1/1] (0.00ns)   --->   "%empty_181 = call i32 (...)* @_ssdm_op_SpecChannel([16 x i8]* @layer47_out_OC_V_OC_V_str, i32 1, [1 x i8]* @p_str, [1 x i8]* @p_str, i32 64, i32 64, i32* %layer47_out_V_V, i32* %layer47_out_V_V)"   --->   Operation 262 'specchannel' 'empty_181' <Predicate = true> <Delay = 0.00>
ST_76 : Operation 263 [1/1] (0.00ns)   --->   "call void (...)* @_ssdm_op_SpecInterface(i32* %layer47_out_V_V, [8 x i8]* @ap_fifo_str, i32 0, i32 0, [1 x i8]* @p_str, i32 0, i32 0, [1 x i8]* @p_str, [1 x i8]* @p_str, [1 x i8]* @p_str, i32 2, i32 2, i32 16, i32 16, [1 x i8]* @p_str, [1 x i8]* @p_str)"   --->   Operation 263 'specinterface' <Predicate = true> <Delay = 0.00>
ST_76 : Operation 264 [1/1] (0.00ns)   --->   "%empty_182 = call i32 (...)* @_ssdm_op_SpecChannel([16 x i8]* @layer60_out_OC_V_OC_V_str, i32 1, [1 x i8]* @p_str, [1 x i8]* @p_str, i32 100, i32 100, i32* %layer60_out_V_V, i32* %layer60_out_V_V)"   --->   Operation 264 'specchannel' 'empty_182' <Predicate = true> <Delay = 0.00>
ST_76 : Operation 265 [1/1] (0.00ns)   --->   "call void (...)* @_ssdm_op_SpecInterface(i32* %layer60_out_V_V, [8 x i8]* @ap_fifo_str, i32 0, i32 0, [1 x i8]* @p_str, i32 0, i32 0, [1 x i8]* @p_str, [1 x i8]* @p_str, [1 x i8]* @p_str, i32 2, i32 2, i32 16, i32 16, [1 x i8]* @p_str, [1 x i8]* @p_str)"   --->   Operation 265 'specinterface' <Predicate = true> <Delay = 0.00>
ST_76 : Operation 266 [1/2] (0.00ns)   --->   "call fastcc void @"conv_2d_cl_me<ap_fixed,ap_fixed<32,16,5,3,0>,config48>"(i32* %layer60_out_V_V, i32* %layer48_out_V_V)" [firmware/myproject.cpp:285]   --->   Operation 266 'call' <Predicate = true> <Delay = 0.00> <CoreType = "Generic">   --->   Core 0 '' <Latency = 0> <II = 1> <Delay = 1.00> <Generic> <Opcode : >
ST_76 : Operation 267 [1/1] (0.00ns)   --->   "ret void" [firmware/myproject.cpp:287]   --->   Operation 267 'ret' <Predicate = true> <Delay = 0.00>


============================================================
+ Verbose Summary: Timing violations
============================================================
Target clock period: 5ns, clock uncertainty: 0.625ns.

 <State 1>: 0ns
The critical path consists of the following:

 <State 2>: 0ns
The critical path consists of the following:

 <State 3>: 0ns
The critical path consists of the following:

 <State 4>: 0ns
The critical path consists of the following:

 <State 5>: 0ns
The critical path consists of the following:

 <State 6>: 0ns
The critical path consists of the following:

 <State 7>: 0ns
The critical path consists of the following:

 <State 8>: 0ns
The critical path consists of the following:

 <State 9>: 0ns
The critical path consists of the following:

 <State 10>: 0ns
The critical path consists of the following:

 <State 11>: 0ns
The critical path consists of the following:

 <State 12>: 0ns
The critical path consists of the following:

 <State 13>: 0ns
The critical path consists of the following:

 <State 14>: 0ns
The critical path consists of the following:

 <State 15>: 0ns
The critical path consists of the following:

 <State 16>: 0ns
The critical path consists of the following:

 <State 17>: 0ns
The critical path consists of the following:

 <State 18>: 0ns
The critical path consists of the following:

 <State 19>: 0ns
The critical path consists of the following:

 <State 20>: 0ns
The critical path consists of the following:

 <State 21>: 0ns
The critical path consists of the following:

 <State 22>: 0ns
The critical path consists of the following:

 <State 23>: 0ns
The critical path consists of the following:

 <State 24>: 0ns
The critical path consists of the following:

 <State 25>: 0ns
The critical path consists of the following:

 <State 26>: 0ns
The critical path consists of the following:

 <State 27>: 0ns
The critical path consists of the following:

 <State 28>: 0ns
The critical path consists of the following:

 <State 29>: 0ns
The critical path consists of the following:

 <State 30>: 0ns
The critical path consists of the following:

 <State 31>: 0ns
The critical path consists of the following:

 <State 32>: 0ns
The critical path consists of the following:

 <State 33>: 0ns
The critical path consists of the following:

 <State 34>: 0ns
The critical path consists of the following:

 <State 35>: 0ns
The critical path consists of the following:

 <State 36>: 0ns
The critical path consists of the following:

 <State 37>: 0ns
The critical path consists of the following:

 <State 38>: 0ns
The critical path consists of the following:

 <State 39>: 0ns
The critical path consists of the following:

 <State 40>: 0ns
The critical path consists of the following:

 <State 41>: 0ns
The critical path consists of the following:

 <State 42>: 0ns
The critical path consists of the following:

 <State 43>: 0ns
The critical path consists of the following:

 <State 44>: 0ns
The critical path consists of the following:

 <State 45>: 0ns
The critical path consists of the following:

 <State 46>: 0ns
The critical path consists of the following:

 <State 47>: 0ns
The critical path consists of the following:

 <State 48>: 0ns
The critical path consists of the following:

 <State 49>: 0ns
The critical path consists of the following:

 <State 50>: 0ns
The critical path consists of the following:

 <State 51>: 0ns
The critical path consists of the following:

 <State 52>: 0ns
The critical path consists of the following:

 <State 53>: 0ns
The critical path consists of the following:

 <State 54>: 0ns
The critical path consists of the following:

 <State 55>: 0ns
The critical path consists of the following:

 <State 56>: 0ns
The critical path consists of the following:

 <State 57>: 0ns
The critical path consists of the following:

 <State 58>: 0ns
The critical path consists of the following:

 <State 59>: 0ns
The critical path consists of the following:

 <State 60>: 0ns
The critical path consists of the following:

 <State 61>: 0ns
The critical path consists of the following:

 <State 62>: 0ns
The critical path consists of the following:

 <State 63>: 0ns
The critical path consists of the following:

 <State 64>: 0ns
The critical path consists of the following:

 <State 65>: 0ns
The critical path consists of the following:

 <State 66>: 0ns
The critical path consists of the following:

 <State 67>: 0ns
The critical path consists of the following:

 <State 68>: 0ns
The critical path consists of the following:

 <State 69>: 0ns
The critical path consists of the following:

 <State 70>: 0ns
The critical path consists of the following:

 <State 71>: 0ns
The critical path consists of the following:

 <State 72>: 0ns
The critical path consists of the following:

 <State 73>: 0ns
The critical path consists of the following:

 <State 74>: 0ns
The critical path consists of the following:

 <State 75>: 0ns
The critical path consists of the following:

 <State 76>: 0ns
The critical path consists of the following:


============================================================
+ Verbose Summary: Binding
============================================================
N/A
* FSMD analyzer results:
  - Output states:
 - Input state : 
  - Chain level:
	State 1
	State 2
	State 3
	State 4
	State 5
	State 6
	State 7
	State 8
	State 9
	State 10
	State 11
	State 12
	State 13
	State 14
	State 15
	State 16
	State 17
	State 18
	State 19
	State 20
	State 21
	State 22
	State 23
	State 24
	State 25
	State 26
	State 27
	State 28
	State 29
	State 30
	State 31
	State 32
	State 33
	State 34
	State 35
	State 36
	State 37
	State 38
	State 39
	State 40
	State 41
	State 42
	State 43
	State 44
	State 45
	State 46
	State 47
	State 48
	State 49
	State 50
	State 51
	State 52
	State 53
	State 54
	State 55
	State 56
	State 57
	State 58
	State 59
	State 60
	State 61
	State 62
	State 63
	State 64
	State 65
	State 66
	State 67
	State 68
	State 69
	State 70
	State 71
	State 72
	State 73
	State 74
	State 75
	State 76


============================================================
+ Verbose Summary: Datapath Resource usage 
============================================================
N/A
